2024-02-02 13:25:29.698 [info] Log level: Info
2024-02-02 13:25:29.698 [info] Validating found git in: "git"
2024-02-02 13:25:29.698 [info] Using git "2.43.0" from "git"
2024-02-02 13:25:29.698 [info] > git rev-parse --show-toplevel [7ms]
2024-02-02 13:25:29.717 [info] > git rev-parse --git-dir --git-common-dir [3ms]
2024-02-02 13:25:29.742 [info] Open repository: /home/orbii/git/flotise
2024-02-02 13:25:29.800 [info] > git config --get commit.template [24ms]
2024-02-02 13:25:29.803 [info] > git rev-parse --show-toplevel [8ms]
2024-02-02 13:25:29.975 [info] > git for-each-ref --format=%(refname)%00%(upstream:short)%00%(objectname)%00%(upstream:track)%00%(upstream:remotename)%00%(upstream:remoteref) refs/heads/main refs/remotes/main [152ms]
2024-02-02 13:25:30.029 [info] > git status -z -uall [6ms]
2024-02-02 13:25:30.093 [info] > git config --get commit.template [34ms]
2024-02-02 13:25:31.212 [info] > git check-ignore -v -z --stdin [314ms]
2024-02-02 13:25:31.215 [info] > git for-each-ref --format=%(refname)%00%(upstream:short)%00%(objectname)%00%(upstream:track)%00%(upstream:remotename)%00%(upstream:remoteref) refs/heads/main refs/remotes/main [301ms]
2024-02-02 13:25:31.278 [info] > git show --textconv :window_tree.hpp [48ms]
2024-02-02 13:25:31.289 [info] > git ls-files --stage -- /home/orbii/git/flotise/window_tree.hpp [45ms]
2024-02-02 13:25:31.314 [info] > git cat-file -s af5d387dd253ef677ed530e94fcd20356bf0f05a [14ms]
2024-02-02 13:25:31.599 [info] > git status -z -uall [114ms]
2024-02-02 14:26:11.104 [info] > git show --textconv :window_manager.cpp [43ms]
2024-02-02 14:26:11.109 [info] > git ls-files --stage -- /home/orbii/git/flotise/window_manager.cpp [6ms]
2024-02-02 14:26:11.185 [info] > git cat-file -s 2182b4215ab158f7f36e703dbed8ee750df08f7c [10ms]
2024-02-02 14:27:02.626 [info] > git config --get commit.template [20ms]
2024-02-02 14:27:02.629 [info] > git for-each-ref --format=%(refname)%00%(upstream:short)%00%(objectname)%00%(upstream:track)%00%(upstream:remotename)%00%(upstream:remoteref) refs/heads/main refs/remotes/main [6ms]
2024-02-02 14:27:02.653 [info] > git status -z -uall [4ms]
2024-02-08 11:46:23.785 [info] > git show --textconv :window_tree.cpp [66ms]
2024-02-08 11:46:23.792 [info] > git ls-files --stage -- /home/orbii/git/flotise/window_tree.cpp [13ms]
2024-02-08 11:46:23.857 [info] > git cat-file -s 3493f153d6cf7c061f22fe657a96742661b5aa89 [21ms]
2024-02-08 11:46:37.561 [info] > git show --textconv :window_tree.hpp [30ms]
2024-02-08 11:46:37.566 [info] > git ls-files --stage -- /home/orbii/git/flotise/window_tree.hpp [7ms]
2024-02-08 11:46:37.598 [info] > git cat-file -s af5d387dd253ef677ed530e94fcd20356bf0f05a [7ms]
2024-02-08 11:46:42.375 [info] > git show --textconv :window_tree.cpp [31ms]
2024-02-08 11:46:42.380 [info] > git ls-files --stage -- /home/orbii/git/flotise/window_tree.cpp [6ms]
2024-02-08 11:46:42.412 [info] > git cat-file -s 3493f153d6cf7c061f22fe657a96742661b5aa89 [7ms]
2024-02-08 11:46:47.875 [info] > git show --textconv :window_tree.hpp [15ms]
2024-02-08 11:46:47.878 [info] > git ls-files --stage -- /home/orbii/git/flotise/window_tree.hpp [4ms]
2024-02-08 11:46:47.896 [info] > git cat-file -s af5d387dd253ef677ed530e94fcd20356bf0f05a [4ms]
2024-02-08 11:46:52.549 [info] > git show --textconv :window_manager.cpp [26ms]
2024-02-08 11:46:52.553 [info] > git ls-files --stage -- /home/orbii/git/flotise/window_manager.cpp [6ms]
2024-02-08 11:46:52.573 [info] > git cat-file -s 2182b4215ab158f7f36e703dbed8ee750df08f7c [3ms]
2024-02-08 11:46:54.155 [info] > git show --textconv :window_tree.hpp [59ms]
2024-02-08 11:46:54.166 [info] > git ls-files --stage -- /home/orbii/git/flotise/window_tree.hpp [10ms]
2024-02-08 11:46:54.200 [info] > git cat-file -s af5d387dd253ef677ed530e94fcd20356bf0f05a [11ms]
2024-02-08 11:47:03.926 [info] > git show --textconv :window_tree.cpp [59ms]
2024-02-08 11:47:03.944 [info] > git ls-files --stage -- /home/orbii/git/flotise/window_tree.cpp [23ms]
2024-02-08 11:47:04.003 [info] > git cat-file -s 3493f153d6cf7c061f22fe657a96742661b5aa89 [16ms]
2024-02-08 11:47:06.556 [info] > git show --textconv :window_tree.hpp [26ms]
2024-02-08 11:47:06.561 [info] > git ls-files --stage -- /home/orbii/git/flotise/window_tree.hpp [6ms]
2024-02-08 11:47:06.584 [info] > git cat-file -s af5d387dd253ef677ed530e94fcd20356bf0f05a [4ms]
2024-02-08 11:47:29.840 [info] > git show --textconv :window_manager.cpp [24ms]
2024-02-08 11:47:29.850 [info] > git ls-files --stage -- /home/orbii/git/flotise/window_manager.cpp [11ms]
2024-02-08 11:47:29.881 [info] > git cat-file -s 2182b4215ab158f7f36e703dbed8ee750df08f7c [5ms]
2024-02-08 11:47:32.426 [info] > git show --textconv :window_tree.hpp [27ms]
2024-02-08 11:47:32.427 [info] > git ls-files --stage -- /home/orbii/git/flotise/window_tree.hpp [2ms]
2024-02-08 11:47:32.451 [info] > git cat-file -s af5d387dd253ef677ed530e94fcd20356bf0f05a [3ms]
2024-02-08 11:47:34.660 [info] > git show --textconv :window_tree.cpp [49ms]
2024-02-08 11:47:34.660 [info] > git ls-files --stage -- /home/orbii/git/flotise/window_tree.cpp [27ms]
2024-02-08 11:47:34.684 [info] > git config --get commit.template [23ms]
2024-02-08 11:47:34.689 [info] > git cat-file -s 3493f153d6cf7c061f22fe657a96742661b5aa89 [10ms]
2024-02-08 11:47:34.728 [info] > git for-each-ref --format=%(refname)%00%(upstream:short)%00%(objectname)%00%(upstream:track)%00%(upstream:remotename)%00%(upstream:remoteref) refs/heads/main refs/remotes/main [5ms]
2024-02-08 11:47:34.767 [info] > git status -z -uall [7ms]
2024-02-08 11:48:19.788 [info] > git show --textconv :window_tree.hpp [34ms]
2024-02-08 11:48:19.796 [info] > git ls-files --stage -- /home/orbii/git/flotise/window_tree.hpp [10ms]
2024-02-08 11:48:19.834 [info] > git cat-file -s af5d387dd253ef677ed530e94fcd20356bf0f05a [7ms]
2024-02-08 11:48:27.991 [info] > git show --textconv :window_tree.cpp [21ms]
2024-02-08 11:48:27.994 [info] > git ls-files --stage -- /home/orbii/git/flotise/window_tree.cpp [4ms]
2024-02-08 11:48:28.016 [info] > git cat-file -s 3493f153d6cf7c061f22fe657a96742661b5aa89 [3ms]
2024-02-08 11:48:42.584 [info] > git show --textconv :window_tree.hpp [35ms]
2024-02-08 11:48:42.598 [info] > git ls-files --stage -- /home/orbii/git/flotise/window_tree.hpp [15ms]
2024-02-08 11:48:42.648 [info] > git cat-file -s af5d387dd253ef677ed530e94fcd20356bf0f05a [11ms]
2024-02-08 11:49:02.802 [info] > git show --textconv :window_tree.cpp [109ms]
2024-02-08 11:49:02.803 [info] > git ls-files --stage -- /home/orbii/git/flotise/window_tree.cpp [64ms]
2024-02-08 11:49:02.858 [info] > git cat-file -s 3493f153d6cf7c061f22fe657a96742661b5aa89 [13ms]
2024-02-08 11:49:02.860 [info] > git config --get commit.template [62ms]
2024-02-08 11:49:02.893 [info] > git for-each-ref --format=%(refname)%00%(upstream:short)%00%(objectname)%00%(upstream:track)%00%(upstream:remotename)%00%(upstream:remoteref) refs/heads/main refs/remotes/main [7ms]
2024-02-08 11:49:02.921 [info] > git status -z -uall [5ms]
2024-02-08 11:49:07.972 [info] > git config --get commit.template [21ms]
2024-02-08 11:49:07.973 [info] > git for-each-ref --format=%(refname)%00%(upstream:short)%00%(objectname)%00%(upstream:track)%00%(upstream:remotename)%00%(upstream:remoteref) refs/heads/main refs/remotes/main [3ms]
2024-02-08 11:49:07.994 [info] > git status -z -uall [3ms]
2024-02-08 11:50:19.533 [info] > git config --get commit.template [43ms]
2024-02-08 11:50:19.571 [info] > git for-each-ref --format=%(refname)%00%(upstream:short)%00%(objectname)%00%(upstream:track)%00%(upstream:remotename)%00%(upstream:remoteref) refs/heads/main refs/remotes/main [45ms]
2024-02-08 11:50:19.609 [info] > git show --textconv :window_tree.hpp [40ms]
2024-02-08 11:50:19.616 [info] > git ls-files --stage -- /home/orbii/git/flotise/window_tree.hpp [9ms]
2024-02-08 11:50:19.659 [info] > git cat-file -s af5d387dd253ef677ed530e94fcd20356bf0f05a [6ms]
2024-02-08 11:50:19.691 [info] > git status -z -uall [4ms]
2024-02-08 11:50:33.354 [info] > git config --get commit.template [3ms]
2024-02-08 11:50:33.387 [info] > git for-each-ref --format=%(refname)%00%(upstream:short)%00%(objectname)%00%(upstream:track)%00%(upstream:remotename)%00%(upstream:remoteref) refs/heads/main refs/remotes/main [5ms]
2024-02-08 11:50:33.438 [info] > git status -z -uall [4ms]
2024-02-08 11:50:33.903 [info] > git show --textconv :window_tree.cpp [53ms]
2024-02-08 11:50:33.915 [info] > git ls-files --stage -- /home/orbii/git/flotise/window_tree.cpp [13ms]
2024-02-08 11:50:33.945 [info] > git cat-file -s 3493f153d6cf7c061f22fe657a96742661b5aa89 [5ms]
2024-02-08 11:50:54.630 [info] > git show --textconv :window_tree.hpp [18ms]
2024-02-08 11:50:54.633 [info] > git ls-files --stage -- /home/orbii/git/flotise/window_tree.hpp [4ms]
2024-02-08 11:50:54.651 [info] > git cat-file -s af5d387dd253ef677ed530e94fcd20356bf0f05a [3ms]
2024-02-08 11:50:55.783 [info] > git show --textconv :window_tree.cpp [29ms]
2024-02-08 11:50:55.787 [info] > git ls-files --stage -- /home/orbii/git/flotise/window_tree.cpp [6ms]
2024-02-08 11:50:55.810 [info] > git cat-file -s 3493f153d6cf7c061f22fe657a96742661b5aa89 [3ms]
2024-02-08 11:50:57.271 [info] > git show --textconv :Makefile [18ms]
2024-02-08 11:50:57.273 [info] > git ls-files --stage -- /home/orbii/git/flotise/Makefile [3ms]
2024-02-08 11:50:57.294 [info] > git cat-file -s ad315b6c351686a1a2fe5067301458fb96f54997 [4ms]
2024-02-08 11:50:58.165 [info] > git show --textconv :window_manager.cpp [47ms]
2024-02-08 11:50:58.175 [info] > git ls-files --stage -- /home/orbii/git/flotise/window_manager.cpp [11ms]
2024-02-08 11:50:58.229 [info] > git cat-file -s 2182b4215ab158f7f36e703dbed8ee750df08f7c [7ms]
2024-02-08 11:50:59.028 [info] > git show --textconv :window_tree.hpp [25ms]
2024-02-08 11:50:59.031 [info] > git ls-files --stage -- /home/orbii/git/flotise/window_tree.hpp [4ms]
2024-02-08 11:50:59.052 [info] > git cat-file -s af5d387dd253ef677ed530e94fcd20356bf0f05a [3ms]
2024-02-08 11:50:59.782 [info] > git show --textconv :window_tree.cpp [27ms]
2024-02-08 11:50:59.784 [info] > git ls-files --stage -- /home/orbii/git/flotise/window_tree.cpp [3ms]
2024-02-08 11:50:59.809 [info] > git cat-file -s 3493f153d6cf7c061f22fe657a96742661b5aa89 [6ms]
2024-02-08 11:51:02.640 [info] > git show --textconv :window_tree.hpp [1ms]
2024-02-08 11:51:02.664 [info] > git ls-files --stage -- /home/orbii/git/flotise/window_tree.hpp [3ms]
2024-02-08 11:51:02.688 [info] > git cat-file -s af5d387dd253ef677ed530e94fcd20356bf0f05a [2ms]
2024-02-08 11:51:12.060 [info] > git config --get commit.template [12ms]
2024-02-08 11:51:12.155 [info] > git for-each-ref --format=%(refname)%00%(upstream:short)%00%(objectname)%00%(upstream:track)%00%(upstream:remotename)%00%(upstream:remoteref) refs/heads/main refs/remotes/main [26ms]
2024-02-08 11:51:12.226 [info] > git status -z -uall [14ms]
2024-02-08 11:51:12.348 [info] > git show --textconv :window_tree.cpp [59ms]
2024-02-08 11:51:12.352 [info] > git ls-files --stage -- /home/orbii/git/flotise/window_tree.cpp [28ms]
2024-02-08 11:51:12.388 [info] > git cat-file -s 3493f153d6cf7c061f22fe657a96742661b5aa89 [7ms]
2024-02-08 11:51:45.328 [info] > git show --textconv :window_tree.hpp [23ms]
2024-02-08 11:51:45.331 [info] > git ls-files --stage -- /home/orbii/git/flotise/window_tree.hpp [4ms]
2024-02-08 11:51:45.361 [info] > git cat-file -s af5d387dd253ef677ed530e94fcd20356bf0f05a [5ms]
2024-02-08 11:51:47.702 [info] > git show --textconv :window_tree.cpp [60ms]
2024-02-08 11:51:47.722 [info] > git ls-files --stage -- /home/orbii/git/flotise/window_tree.cpp [22ms]
2024-02-08 11:51:47.753 [info] > git cat-file -s 3493f153d6cf7c061f22fe657a96742661b5aa89 [6ms]
2024-02-08 11:52:43.763 [info] > git show --textconv :window_tree.hpp [23ms]
2024-02-08 11:52:43.768 [info] > git ls-files --stage -- /home/orbii/git/flotise/window_tree.hpp [6ms]
2024-02-08 11:52:43.793 [info] > git cat-file -s af5d387dd253ef677ed530e94fcd20356bf0f05a [4ms]
2024-02-08 11:52:45.336 [info] > git show --textconv :window_tree.cpp [36ms]
2024-02-08 11:52:45.339 [info] > git ls-files --stage -- /home/orbii/git/flotise/window_tree.cpp [4ms]
2024-02-08 11:52:45.372 [info] > git cat-file -s 3493f153d6cf7c061f22fe657a96742661b5aa89 [10ms]
2024-02-08 11:56:04.874 [info] > git config --get commit.template [9ms]
2024-02-08 11:56:04.910 [info] > git for-each-ref --format=%(refname)%00%(upstream:short)%00%(objectname)%00%(upstream:track)%00%(upstream:remotename)%00%(upstream:remoteref) refs/heads/main refs/remotes/main [3ms]
2024-02-08 11:56:04.938 [info] > git status -z -uall [3ms]
2024-02-08 11:56:05.025 [info] > git show --textconv :window_tree.hpp [22ms]
2024-02-08 11:56:05.031 [info] > git ls-files --stage -- /home/orbii/git/flotise/window_tree.hpp [8ms]
2024-02-08 11:56:05.057 [info] > git cat-file -s af5d387dd253ef677ed530e94fcd20356bf0f05a [7ms]
2024-02-08 11:56:24.722 [info] > git config --get commit.template [17ms]
2024-02-08 11:56:24.789 [info] > git for-each-ref --format=%(refname)%00%(upstream:short)%00%(objectname)%00%(upstream:track)%00%(upstream:remotename)%00%(upstream:remoteref) refs/heads/main refs/remotes/main [11ms]
2024-02-08 11:56:24.829 [info] > git status -z -uall [8ms]
2024-02-08 11:56:25.150 [info] > git show --textconv :window_tree.cpp [44ms]
2024-02-08 11:56:25.156 [info] > git ls-files --stage -- /home/orbii/git/flotise/window_tree.cpp [7ms]
2024-02-08 11:56:25.186 [info] > git cat-file -s 3493f153d6cf7c061f22fe657a96742661b5aa89 [4ms]
2024-02-08 11:58:56.810 [info] > git config --get commit.template [36ms]
2024-02-08 11:58:56.812 [info] > git for-each-ref --format=%(refname)%00%(upstream:short)%00%(objectname)%00%(upstream:track)%00%(upstream:remotename)%00%(upstream:remoteref) refs/heads/main refs/remotes/main [6ms]
2024-02-08 11:58:56.849 [info] > git status -z -uall [6ms]
2024-02-08 12:01:12.178 [info] > git config --get commit.template [76ms]
2024-02-08 12:01:12.184 [info] > git for-each-ref --format=%(refname)%00%(upstream:short)%00%(objectname)%00%(upstream:track)%00%(upstream:remotename)%00%(upstream:remoteref) refs/heads/main refs/remotes/main [12ms]
2024-02-08 12:01:12.247 [info] > git status -z -uall [12ms]
2024-02-08 12:01:56.084 [info] > git config --get commit.template [23ms]
2024-02-08 12:01:56.086 [info] > git for-each-ref --format=%(refname)%00%(upstream:short)%00%(objectname)%00%(upstream:track)%00%(upstream:remotename)%00%(upstream:remoteref) refs/heads/main refs/remotes/main [6ms]
2024-02-08 12:01:56.110 [info] > git status -z -uall [4ms]
2024-02-08 12:02:10.915 [info] > git show --textconv :window_tree.hpp [18ms]
2024-02-08 12:02:10.918 [info] > git ls-files --stage -- /home/orbii/git/flotise/window_tree.hpp [5ms]
2024-02-08 12:02:10.940 [info] > git cat-file -s af5d387dd253ef677ed530e94fcd20356bf0f05a [4ms]
2024-02-08 12:03:00.375 [info] > git show --textconv :window_manager.cpp [35ms]
2024-02-08 12:03:00.376 [info] > git ls-files --stage -- /home/orbii/git/flotise/window_manager.cpp [4ms]
2024-02-08 12:03:00.402 [info] > git cat-file -s 2182b4215ab158f7f36e703dbed8ee750df08f7c [5ms]
2024-02-08 12:03:02.686 [info] > git show --textconv :window_tree.hpp [23ms]
2024-02-08 12:03:02.690 [info] > git ls-files --stage -- /home/orbii/git/flotise/window_tree.hpp [5ms]
2024-02-08 12:03:02.716 [info] > git cat-file -s af5d387dd253ef677ed530e94fcd20356bf0f05a [3ms]
2024-02-08 12:03:05.359 [info] > git config --get commit.template [13ms]
2024-02-08 12:03:05.395 [info] > git for-each-ref --format=%(refname)%00%(upstream:short)%00%(objectname)%00%(upstream:track)%00%(upstream:remotename)%00%(upstream:remoteref) refs/heads/main refs/remotes/main [6ms]
2024-02-08 12:03:05.422 [info] > git status -z -uall [7ms]
2024-02-08 12:03:05.770 [info] > git show --textconv :window_tree.cpp [50ms]
2024-02-08 12:03:05.775 [info] > git ls-files --stage -- /home/orbii/git/flotise/window_tree.cpp [13ms]
2024-02-08 12:03:05.799 [info] > git cat-file -s 3493f153d6cf7c061f22fe657a96742661b5aa89 [5ms]
2024-02-08 12:06:17.421 [info] > git show --textconv :window_tree.hpp [39ms]
2024-02-08 12:06:17.421 [info] > git ls-files --stage -- /home/orbii/git/flotise/window_tree.hpp [4ms]
2024-02-08 12:06:17.467 [info] > git cat-file -s af5d387dd253ef677ed530e94fcd20356bf0f05a [8ms]
2024-02-08 12:06:20.150 [info] > git show --textconv :window_tree.cpp [24ms]
2024-02-08 12:06:20.154 [info] > git ls-files --stage -- /home/orbii/git/flotise/window_tree.cpp [6ms]
2024-02-08 12:06:20.179 [info] > git cat-file -s 3493f153d6cf7c061f22fe657a96742661b5aa89 [5ms]
2024-02-08 12:06:54.116 [info] > git config --get commit.template [46ms]
2024-02-08 12:06:54.120 [info] > git for-each-ref --format=%(refname)%00%(upstream:short)%00%(objectname)%00%(upstream:track)%00%(upstream:remotename)%00%(upstream:remoteref) refs/heads/main refs/remotes/main [7ms]
2024-02-08 12:06:54.178 [info] > git status -z -uall [9ms]
2024-02-08 12:08:54.332 [info] > git show --textconv :window_manager.cpp [29ms]
2024-02-08 12:08:54.337 [info] > git ls-files --stage -- /home/orbii/git/flotise/window_manager.cpp [7ms]
2024-02-08 12:08:54.365 [info] > git cat-file -s 2182b4215ab158f7f36e703dbed8ee750df08f7c [8ms]
2024-02-08 12:09:10.051 [info] > git show --textconv :window_tree.hpp [29ms]
2024-02-08 12:09:10.051 [info] > git ls-files --stage -- /home/orbii/git/flotise/window_tree.hpp [1ms]
2024-02-08 12:09:10.079 [info] > git cat-file -s af5d387dd253ef677ed530e94fcd20356bf0f05a [3ms]
2024-02-08 12:09:15.195 [info] > git show --textconv :window_tree.cpp [18ms]
2024-02-08 12:09:15.197 [info] > git ls-files --stage -- /home/orbii/git/flotise/window_tree.cpp [3ms]
2024-02-08 12:09:15.227 [info] > git cat-file -s 3493f153d6cf7c061f22fe657a96742661b5aa89 [7ms]
2024-02-08 12:09:30.054 [info] > git show --textconv :window_tree.hpp [26ms]
2024-02-08 12:09:30.058 [info] > git ls-files --stage -- /home/orbii/git/flotise/window_tree.hpp [5ms]
2024-02-08 12:09:30.080 [info] > git cat-file -s af5d387dd253ef677ed530e94fcd20356bf0f05a [3ms]
2024-02-08 12:09:32.142 [info] > git show --textconv :window_manager.cpp [25ms]
2024-02-08 12:09:32.150 [info] > git ls-files --stage -- /home/orbii/git/flotise/window_manager.cpp [10ms]
2024-02-08 12:09:32.180 [info] > git cat-file -s 2182b4215ab158f7f36e703dbed8ee750df08f7c [8ms]
2024-02-08 12:09:36.533 [info] > git show --textconv :window_tree.hpp [19ms]
2024-02-08 12:09:36.536 [info] > git ls-files --stage -- /home/orbii/git/flotise/window_tree.hpp [5ms]
2024-02-08 12:09:36.554 [info] > git cat-file -s af5d387dd253ef677ed530e94fcd20356bf0f05a [3ms]
2024-02-08 12:09:43.537 [info] > git show --textconv :window_manager.cpp [20ms]
2024-02-08 12:09:43.541 [info] > git ls-files --stage -- /home/orbii/git/flotise/window_manager.cpp [4ms]
2024-02-08 12:09:43.559 [info] > git cat-file -s 2182b4215ab158f7f36e703dbed8ee750df08f7c [3ms]
2024-02-08 12:09:47.620 [info] > git show --textconv :window_tree.cpp [23ms]
2024-02-08 12:09:47.623 [info] > git ls-files --stage -- /home/orbii/git/flotise/window_tree.cpp [4ms]
2024-02-08 12:09:47.642 [info] > git cat-file -s 3493f153d6cf7c061f22fe657a96742661b5aa89 [4ms]
2024-02-08 12:10:06.208 [info] > git config --get commit.template [2ms]
2024-02-08 12:10:06.227 [info] > git for-each-ref --format=%(refname)%00%(upstream:short)%00%(objectname)%00%(upstream:track)%00%(upstream:remotename)%00%(upstream:remoteref) refs/heads/main refs/remotes/main [2ms]
2024-02-08 12:10:06.252 [info] > git status -z -uall [3ms]
2024-02-08 12:10:12.009 [info] > git show --textconv :window_tree.hpp [33ms]
2024-02-08 12:10:12.012 [info] > git ls-files --stage -- /home/orbii/git/flotise/window_tree.hpp [4ms]
2024-02-08 12:10:12.033 [info] > git cat-file -s af5d387dd253ef677ed530e94fcd20356bf0f05a [3ms]
2024-02-08 12:10:14.177 [info] > git show --textconv :window_manager.cpp [42ms]
2024-02-08 12:10:14.187 [info] > git ls-files --stage -- /home/orbii/git/flotise/window_manager.cpp [12ms]
2024-02-08 12:10:14.231 [info] > git cat-file -s 2182b4215ab158f7f36e703dbed8ee750df08f7c [8ms]
2024-02-08 12:10:27.187 [info] > git show --textconv :window_tree.cpp [18ms]
2024-02-08 12:10:27.189 [info] > git ls-files --stage -- /home/orbii/git/flotise/window_tree.cpp [3ms]
2024-02-08 12:10:27.207 [info] > git cat-file -s 3493f153d6cf7c061f22fe657a96742661b5aa89 [4ms]
2024-02-08 12:11:46.735 [info] > git show --textconv :window_tree.hpp [21ms]
2024-02-08 12:11:46.739 [info] > git ls-files --stage -- /home/orbii/git/flotise/window_tree.hpp [5ms]
2024-02-08 12:11:46.757 [info] > git cat-file -s af5d387dd253ef677ed530e94fcd20356bf0f05a [4ms]
2024-02-08 12:11:48.317 [info] > git show --textconv :window_manager.cpp [69ms]
2024-02-08 12:11:48.339 [info] > git ls-files --stage -- /home/orbii/git/flotise/window_manager.cpp [12ms]
2024-02-08 12:11:48.427 [info] > git cat-file -s 2182b4215ab158f7f36e703dbed8ee750df08f7c [11ms]
2024-02-08 12:11:50.349 [info] > git show --textconv :window_tree.hpp [41ms]
2024-02-08 12:11:50.360 [info] > git ls-files --stage -- /home/orbii/git/flotise/window_tree.hpp [12ms]
2024-02-08 12:11:50.411 [info] > git cat-file -s af5d387dd253ef677ed530e94fcd20356bf0f05a [10ms]
2024-02-08 12:11:51.444 [info] > git show --textconv :window_tree.cpp [23ms]
2024-02-08 12:11:51.447 [info] > git ls-files --stage -- /home/orbii/git/flotise/window_tree.cpp [4ms]
2024-02-08 12:11:51.473 [info] > git cat-file -s 3493f153d6cf7c061f22fe657a96742661b5aa89 [5ms]
2024-02-08 12:12:12.555 [info] > git show --textconv :window_manager.cpp [41ms]
2024-02-08 12:12:12.565 [info] > git ls-files --stage -- /home/orbii/git/flotise/window_manager.cpp [12ms]
2024-02-08 12:12:12.620 [info] > git cat-file -s 2182b4215ab158f7f36e703dbed8ee750df08f7c [9ms]
2024-02-08 12:12:17.151 [info] > git show --textconv :window_tree.hpp [35ms]
2024-02-08 12:12:17.151 [info] > git ls-files --stage -- /home/orbii/git/flotise/window_tree.hpp [2ms]
2024-02-08 12:12:17.209 [info] > git cat-file -s af5d387dd253ef677ed530e94fcd20356bf0f05a [5ms]
2024-02-08 12:12:18.786 [info] > git show --textconv :window_tree.cpp [26ms]
2024-02-08 12:12:18.790 [info] > git ls-files --stage -- /home/orbii/git/flotise/window_tree.cpp [8ms]
2024-02-08 12:12:18.817 [info] > git cat-file -s 3493f153d6cf7c061f22fe657a96742661b5aa89 [4ms]
2024-02-08 12:12:27.746 [info] > git config --get commit.template [37ms]
2024-02-08 12:12:27.749 [info] > git for-each-ref --format=%(refname)%00%(upstream:short)%00%(objectname)%00%(upstream:track)%00%(upstream:remotename)%00%(upstream:remoteref) refs/heads/main refs/remotes/main [5ms]
2024-02-08 12:12:27.794 [info] > git status -z -uall [6ms]
2024-02-08 12:14:58.343 [info] > git show --textconv :window_tree.hpp [49ms]
2024-02-08 12:14:58.346 [info] > git ls-files --stage -- /home/orbii/git/flotise/window_tree.hpp [6ms]
2024-02-08 12:14:58.366 [info] > git cat-file -s af5d387dd253ef677ed530e94fcd20356bf0f05a [3ms]
2024-02-08 12:15:02.884 [info] > git show --textconv :window_tree.cpp [44ms]
2024-02-08 12:15:02.891 [info] > git ls-files --stage -- /home/orbii/git/flotise/window_tree.cpp [10ms]
2024-02-08 12:15:02.946 [info] > git cat-file -s 3493f153d6cf7c061f22fe657a96742661b5aa89 [8ms]
2024-02-08 12:21:16.101 [info] > git config --get commit.template [3ms]
2024-02-08 12:21:16.133 [info] > git for-each-ref --format=%(refname)%00%(upstream:short)%00%(objectname)%00%(upstream:track)%00%(upstream:remotename)%00%(upstream:remoteref) refs/heads/main refs/remotes/main [4ms]
2024-02-08 12:21:16.171 [info] > git status -z -uall [5ms]
2024-02-08 12:29:32.275 [info] > git config --get commit.template [54ms]
2024-02-08 12:29:32.281 [info] > git for-each-ref --format=%(refname)%00%(upstream:short)%00%(objectname)%00%(upstream:track)%00%(upstream:remotename)%00%(upstream:remoteref) refs/heads/main refs/remotes/main [10ms]
2024-02-08 12:29:32.339 [info] > git status -z -uall [12ms]
2024-02-08 12:30:13.073 [info] > git config --get commit.template [52ms]
2024-02-08 12:30:13.080 [info] > git for-each-ref --format=%(refname)%00%(upstream:short)%00%(objectname)%00%(upstream:track)%00%(upstream:remotename)%00%(upstream:remoteref) refs/heads/main refs/remotes/main [10ms]
2024-02-08 12:30:13.135 [info] > git status -z -uall [9ms]
2024-02-08 12:30:49.873 [info] > git config --get commit.template [37ms]
2024-02-08 12:30:49.875 [info] > git for-each-ref --format=%(refname)%00%(upstream:short)%00%(objectname)%00%(upstream:track)%00%(upstream:remotename)%00%(upstream:remoteref) refs/heads/main refs/remotes/main [5ms]
2024-02-08 12:30:49.920 [info] > git status -z -uall [7ms]
2024-02-08 12:31:56.244 [info] > git config --get commit.template [42ms]
2024-02-08 12:31:56.248 [info] > git for-each-ref --format=%(refname)%00%(upstream:short)%00%(objectname)%00%(upstream:track)%00%(upstream:remotename)%00%(upstream:remoteref) refs/heads/main refs/remotes/main [8ms]
2024-02-08 12:31:56.287 [info] > git status -z -uall [6ms]
2024-02-08 12:32:32.545 [info] > git show --textconv :window_manager.cpp [28ms]
2024-02-08 12:32:32.547 [info] > git ls-files --stage -- /home/orbii/git/flotise/window_manager.cpp [6ms]
2024-02-08 12:32:32.568 [info] > git cat-file -s 2182b4215ab158f7f36e703dbed8ee750df08f7c [3ms]
2024-02-08 12:32:34.908 [info] > git show --textconv :window_tree.cpp [24ms]
2024-02-08 12:32:34.911 [info] > git ls-files --stage -- /home/orbii/git/flotise/window_tree.cpp [4ms]
2024-02-08 12:32:34.940 [info] > git cat-file -s 3493f153d6cf7c061f22fe657a96742661b5aa89 [4ms]
2024-02-08 12:32:37.565 [info] > git show --textconv :window_tree.hpp [26ms]
2024-02-08 12:32:37.568 [info] > git ls-files --stage -- /home/orbii/git/flotise/window_tree.hpp [5ms]
2024-02-08 12:32:37.592 [info] > git cat-file -s af5d387dd253ef677ed530e94fcd20356bf0f05a [4ms]
2024-02-08 12:33:17.548 [info] > git config --get commit.template [3ms]
2024-02-08 12:33:17.583 [info] > git for-each-ref --format=%(refname)%00%(upstream:short)%00%(objectname)%00%(upstream:track)%00%(upstream:remotename)%00%(upstream:remoteref) refs/heads/main refs/remotes/main [4ms]
2024-02-08 12:33:17.617 [info] > git status -z -uall [4ms]
2024-02-08 12:33:49.761 [info] > git show --textconv :window_manager.cpp [20ms]
2024-02-08 12:33:49.765 [info] > git ls-files --stage -- /home/orbii/git/flotise/window_manager.cpp [6ms]
2024-02-08 12:33:49.785 [info] > git cat-file -s 2182b4215ab158f7f36e703dbed8ee750df08f7c [4ms]
2024-02-08 12:33:51.911 [info] > git show --textconv :window_tree.cpp [62ms]
2024-02-08 12:33:51.913 [info] > git ls-files --stage -- /home/orbii/git/flotise/window_tree.cpp [11ms]
2024-02-08 12:33:51.941 [info] > git cat-file -s 3493f153d6cf7c061f22fe657a96742661b5aa89 [6ms]
2024-02-08 12:34:59.548 [info] > git config --get commit.template [4ms]
2024-02-08 12:34:59.568 [info] > git for-each-ref --format=%(refname)%00%(upstream:short)%00%(objectname)%00%(upstream:track)%00%(upstream:remotename)%00%(upstream:remoteref) refs/heads/main refs/remotes/main [5ms]
2024-02-08 12:34:59.586 [info] > git status -z -uall [3ms]
2024-02-08 12:35:42.226 [info] > git config --get commit.template [52ms]
2024-02-08 12:35:42.231 [info] > git for-each-ref --format=%(refname)%00%(upstream:short)%00%(objectname)%00%(upstream:track)%00%(upstream:remotename)%00%(upstream:remoteref) refs/heads/main refs/remotes/main [9ms]
2024-02-08 12:35:42.290 [info] > git status -z -uall [10ms]
