2024-01-29 13:26:09.092 [info] Log level: Info
2024-01-29 13:26:09.092 [info] Validating found git in: "git"
2024-01-29 13:26:09.092 [info] Using git "2.43.0" from "git"
2024-01-29 13:26:09.092 [info] > git rev-parse --show-toplevel [7ms]
2024-01-29 13:26:09.092 [info] > git rev-parse --git-dir --git-common-dir [5ms]
2024-01-29 13:26:09.092 [info] Open repository: /home/orbii/git/flotise
2024-01-29 13:26:09.092 [info] > git rev-parse --show-toplevel [18ms]
2024-01-29 13:26:09.092 [info] > git config --get commit.template [35ms]
2024-01-29 13:26:09.092 [info] > git for-each-ref --format=%(refname)%00%(upstream:short)%00%(objectname)%00%(upstream:track)%00%(upstream:remotename)%00%(upstream:remoteref) refs/heads/main refs/remotes/main [15ms]
2024-01-29 13:26:09.092 [info] > git status -z -uall [146ms]
2024-01-29 13:26:09.092 [info] > git config --get commit.template [120ms]
2024-01-29 13:26:09.092 [info] > git for-each-ref --format=%(refname)%00%(upstream:short)%00%(objectname)%00%(upstream:track)%00%(upstream:remotename)%00%(upstream:remoteref) refs/heads/main refs/remotes/main [10ms]
2024-01-29 13:26:09.151 [info] > git status -z -uall [12ms]
2024-01-29 13:26:09.819 [info] > git check-ignore -v -z --stdin [47ms]
2024-01-29 13:26:14.548 [info] > git show --textconv :window_manager.cpp [39ms]
2024-01-29 13:26:14.553 [info] > git ls-files --stage -- /home/orbii/git/flotise/window_manager.cpp [11ms]
2024-01-29 13:26:14.721 [info] > git cat-file -s 2182b4215ab158f7f36e703dbed8ee750df08f7c [134ms]
2024-01-29 13:29:59.147 [info] > git show --textconv :window_manager.hpp [37ms]
2024-01-29 13:29:59.162 [info] > git ls-files --stage -- /home/orbii/git/flotise/window_manager.hpp [15ms]
2024-01-29 13:29:59.225 [info] > git cat-file -s 05052bca38ddc344e6ca613c59fbaed491097af6 [11ms]
2024-01-29 13:42:54.257 [info] > git show --textconv :window_tree.hpp [45ms]
2024-01-29 13:42:54.265 [info] > git ls-files --stage -- /home/orbii/git/flotise/window_tree.hpp [9ms]
2024-01-29 13:42:54.295 [info] > git cat-file -s af5d387dd253ef677ed530e94fcd20356bf0f05a [8ms]
2024-01-29 13:43:16.699 [info] > git show --textconv :window_manager.cpp [21ms]
2024-01-29 13:43:16.704 [info] > git ls-files --stage -- /home/orbii/git/flotise/window_manager.cpp [6ms]
2024-01-29 13:43:16.724 [info] > git cat-file -s 2182b4215ab158f7f36e703dbed8ee750df08f7c [1ms]
2024-01-29 13:43:18.403 [info] > git show --textconv :window_manager.hpp [15ms]
2024-01-29 13:43:18.405 [info] > git ls-files --stage -- /home/orbii/git/flotise/window_manager.hpp [3ms]
2024-01-29 13:43:18.420 [info] > git cat-file -s 05052bca38ddc344e6ca613c59fbaed491097af6 [3ms]
2024-01-29 13:43:21.658 [info] > git show --textconv :window_tree.hpp [18ms]
2024-01-29 13:43:21.660 [info] > git ls-files --stage -- /home/orbii/git/flotise/window_tree.hpp [4ms]
2024-01-29 13:43:21.686 [info] > git cat-file -s af5d387dd253ef677ed530e94fcd20356bf0f05a [7ms]
2024-01-29 13:43:22.713 [info] > git show --textconv :window_tree.cpp [25ms]
2024-01-29 13:43:22.714 [info] > git ls-files --stage -- /home/orbii/git/flotise/window_tree.cpp [2ms]
2024-01-29 13:43:22.743 [info] > git cat-file -s 3493f153d6cf7c061f22fe657a96742661b5aa89 [5ms]
2024-01-29 13:43:25.825 [info] > git show --textconv :window_tree.hpp [20ms]
2024-01-29 13:43:25.830 [info] > git ls-files --stage -- /home/orbii/git/flotise/window_tree.hpp [5ms]
2024-01-29 13:43:25.847 [info] > git cat-file -s af5d387dd253ef677ed530e94fcd20356bf0f05a [3ms]
2024-01-29 13:43:26.685 [info] > git show --textconv :window_manager.cpp [38ms]
2024-01-29 13:43:26.693 [info] > git ls-files --stage -- /home/orbii/git/flotise/window_manager.cpp [9ms]
2024-01-29 13:43:26.718 [info] > git cat-file -s 2182b4215ab158f7f36e703dbed8ee750df08f7c [3ms]
2024-01-29 13:43:35.461 [info] > git show --textconv :window_tree.hpp [29ms]
2024-01-29 13:43:35.469 [info] > git ls-files --stage -- /home/orbii/git/flotise/window_tree.hpp [10ms]
2024-01-29 13:43:35.505 [info] > git cat-file -s af5d387dd253ef677ed530e94fcd20356bf0f05a [8ms]
2024-01-29 13:43:36.565 [info] > git show --textconv :window_tree.cpp [21ms]
2024-01-29 13:43:36.570 [info] > git ls-files --stage -- /home/orbii/git/flotise/window_tree.cpp [5ms]
2024-01-29 13:43:36.596 [info] > git cat-file -s 3493f153d6cf7c061f22fe657a96742661b5aa89 [4ms]
2024-01-31 11:42:03.596 [info] > git show --textconv :window_tree.hpp [17ms]
2024-01-31 11:42:03.599 [info] > git ls-files --stage -- /home/orbii/git/flotise/window_tree.hpp [4ms]
2024-01-31 11:42:03.614 [info] > git cat-file -s af5d387dd253ef677ed530e94fcd20356bf0f05a [4ms]
2024-01-31 11:48:23.394 [info] > git config --get commit.template [40ms]
2024-01-31 11:48:23.397 [info] > git for-each-ref --format=%(refname)%00%(upstream:short)%00%(objectname)%00%(upstream:track)%00%(upstream:remotename)%00%(upstream:remoteref) refs/heads/main refs/remotes/main [8ms]
2024-01-31 11:48:23.445 [info] > git status -z -uall [11ms]
2024-01-31 11:49:34.188 [info] > git show --textconv :window_manager.cpp [23ms]
2024-01-31 11:49:34.195 [info] > git ls-files --stage -- /home/orbii/git/flotise/window_manager.cpp [8ms]
2024-01-31 11:49:34.216 [info] > git cat-file -s 2182b4215ab158f7f36e703dbed8ee750df08f7c [1ms]
2024-01-31 11:49:36.739 [info] > git show --textconv :window_tree.hpp [22ms]
2024-01-31 11:49:36.744 [info] > git ls-files --stage -- /home/orbii/git/flotise/window_tree.hpp [6ms]
2024-01-31 11:49:36.765 [info] > git cat-file -s af5d387dd253ef677ed530e94fcd20356bf0f05a [3ms]
2024-01-31 11:49:37.827 [info] > git show --textconv :window_manager.hpp [30ms]
2024-01-31 11:49:37.829 [info] > git ls-files --stage -- /home/orbii/git/flotise/window_manager.hpp [3ms]
2024-01-31 11:49:37.864 [info] > git cat-file -s 05052bca38ddc344e6ca613c59fbaed491097af6 [10ms]
2024-01-31 11:49:45.331 [info] > git show --textconv :window_manager.cpp [27ms]
2024-01-31 11:49:45.335 [info] > git ls-files --stage -- /home/orbii/git/flotise/window_manager.cpp [6ms]
2024-01-31 11:49:45.366 [info] > git cat-file -s 2182b4215ab158f7f36e703dbed8ee750df08f7c [7ms]
2024-01-31 11:50:02.370 [info] > git show --textconv :window_tree.hpp [29ms]
2024-01-31 11:50:02.374 [info] > git ls-files --stage -- /home/orbii/git/flotise/window_tree.hpp [6ms]
2024-01-31 11:50:02.405 [info] > git cat-file -s af5d387dd253ef677ed530e94fcd20356bf0f05a [9ms]
2024-01-31 11:50:07.448 [info] > git show --textconv :window_manager.cpp [25ms]
2024-01-31 11:50:07.448 [info] > git ls-files --stage -- /home/orbii/git/flotise/window_manager.cpp [2ms]
2024-01-31 11:50:07.471 [info] > git cat-file -s 2182b4215ab158f7f36e703dbed8ee750df08f7c [4ms]
2024-01-31 11:50:19.735 [info] > git show --textconv :window_tree.hpp [48ms]
2024-01-31 11:50:19.755 [info] > git ls-files --stage -- /home/orbii/git/flotise/window_tree.hpp [21ms]
2024-01-31 11:50:19.835 [info] > git cat-file -s af5d387dd253ef677ed530e94fcd20356bf0f05a [26ms]
2024-01-31 11:50:22.657 [info] > git show --textconv :window_manager.cpp [44ms]
2024-01-31 11:50:22.667 [info] > git ls-files --stage -- /home/orbii/git/flotise/window_manager.cpp [15ms]
2024-01-31 11:50:22.728 [info] > git cat-file -s 2182b4215ab158f7f36e703dbed8ee750df08f7c [15ms]
2024-01-31 11:50:29.296 [info] > git show --textconv :window_tree.hpp [18ms]
2024-01-31 11:50:29.299 [info] > git ls-files --stage -- /home/orbii/git/flotise/window_tree.hpp [4ms]
2024-01-31 11:50:29.314 [info] > git cat-file -s af5d387dd253ef677ed530e94fcd20356bf0f05a [4ms]
2024-01-31 11:50:36.725 [info] > git config --get commit.template [50ms]
2024-01-31 11:50:36.730 [info] > git for-each-ref --format=%(refname)%00%(upstream:short)%00%(objectname)%00%(upstream:track)%00%(upstream:remotename)%00%(upstream:remoteref) refs/heads/main refs/remotes/main [12ms]
2024-01-31 11:50:36.788 [info] > git status -z -uall [10ms]
2024-01-31 11:50:37.279 [info] > git show --textconv :window_manager.cpp [53ms]
2024-01-31 11:50:37.288 [info] > git ls-files --stage -- /home/orbii/git/flotise/window_manager.cpp [13ms]
2024-01-31 11:50:37.330 [info] > git cat-file -s 2182b4215ab158f7f36e703dbed8ee750df08f7c [12ms]
2024-01-31 11:51:02.875 [info] > git show --textconv :window_tree.hpp [39ms]
2024-01-31 11:51:02.886 [info] > git ls-files --stage -- /home/orbii/git/flotise/window_tree.hpp [13ms]
2024-01-31 11:51:02.937 [info] > git cat-file -s af5d387dd253ef677ed530e94fcd20356bf0f05a [11ms]
