2023-10-27 17:20:17.961 [info] Log level: Info
2023-10-27 17:20:17.961 [info] Validating found git in: "git"
2023-10-27 17:20:17.961 [info] Using git "2.42.0" from "git"
2023-10-27 17:20:17.961 [info] > git rev-parse --show-toplevel [283ms]
2023-10-27 17:20:17.961 [info] > git rev-parse --git-dir --git-common-dir [25ms]
2023-10-27 17:20:17.961 [info] Open repository: /home/orbii/git/flotise
2023-10-27 17:20:18.132 [info] > git config --get commit.template [193ms]
2023-10-27 17:20:18.141 [info] > git rev-parse --show-toplevel [183ms]
2023-10-27 17:20:18.192 [info] > git for-each-ref --format=%(refname)%00%(upstream:short)%00%(objectname)%00%(upstream:track)%00%(upstream:remotename)%00%(upstream:remoteref) refs/heads/main refs/remotes/main [25ms]
2023-10-27 17:20:18.246 [info] > git status -z -uall [12ms]
2023-10-27 17:20:18.283 [info] > git config --get commit.template [4ms]
2023-10-27 17:20:18.306 [info] > git for-each-ref --format=%(refname)%00%(upstream:short)%00%(objectname)%00%(upstream:track)%00%(upstream:remotename)%00%(upstream:remoteref) refs/heads/main refs/remotes/main [7ms]
2023-10-27 17:20:18.328 [info] > git status -z -uall [4ms]
2023-10-27 17:20:19.877 [info] > git check-ignore -v -z --stdin [73ms]
2023-10-27 17:20:22.376 [info] > git show --textconv :window_manager.cpp [24ms]
2023-10-27 17:20:22.384 [info] > git ls-files --stage -- /home/orbii/git/flotise/window_manager.cpp [9ms]
2023-10-27 17:20:22.404 [info] > git cat-file -s c05b30ce8116b004d66a9151e24a3373c43975ce [3ms]
2023-10-27 17:21:03.703 [info] > git check-ignore -v -z --stdin [13ms]
2023-10-27 17:21:07.122 [info] > git show --textconv :window_manager.hpp [82ms]
2023-10-27 17:21:07.168 [info] > git ls-files --stage -- /home/orbii/git/flotise/window_manager.hpp [47ms]
2023-10-27 17:21:07.217 [info] > git cat-file -s 5f58f7d2a3dddf8f15ea6fda7c998e7b4289dda6 [10ms]
2023-10-27 17:21:13.534 [info] > git show --textconv :window_manager.hpp [42ms]
2023-10-27 17:21:13.548 [info] > git ls-files --stage -- /home/orbii/git/flotise/window_manager.hpp [15ms]
2023-10-27 17:21:13.585 [info] > git cat-file -s 5f58f7d2a3dddf8f15ea6fda7c998e7b4289dda6 [10ms]
2023-10-27 17:21:36.228 [info] > git show --textconv :window_manager.cpp [57ms]
2023-10-27 17:21:36.241 [info] > git ls-files --stage -- /home/orbii/git/flotise/window_manager.cpp [23ms]
2023-10-27 17:21:36.294 [info] > git cat-file -s c05b30ce8116b004d66a9151e24a3373c43975ce [14ms]
2023-10-27 17:22:12.796 [info] > git config --get commit.template [16ms]
2023-10-27 17:22:12.798 [info] > git for-each-ref --format=%(refname)%00%(upstream:short)%00%(objectname)%00%(upstream:track)%00%(upstream:remotename)%00%(upstream:remoteref) refs/heads/main refs/remotes/main [3ms]
2023-10-27 17:22:12.815 [info] > git status -z -uall [3ms]
2023-10-27 17:22:43.297 [info] > git show --textconv :window_manager.cpp [27ms]
2023-10-27 17:22:43.301 [info] > git ls-files --stage -- /home/orbii/git/flotise/window_manager.cpp [8ms]
2023-10-27 17:22:43.330 [info] > git cat-file -s c05b30ce8116b004d66a9151e24a3373c43975ce [7ms]
2023-10-27 17:22:44.061 [info] > git show --textconv :window_manager.hpp [50ms]
2023-10-27 17:22:44.069 [info] > git ls-files --stage -- /home/orbii/git/flotise/window_manager.hpp [10ms]
2023-10-27 17:22:44.102 [info] > git cat-file -s 5f58f7d2a3dddf8f15ea6fda7c998e7b4289dda6 [3ms]
2023-10-27 17:22:45.934 [info] > git show --textconv :window_manager.cpp [51ms]
2023-10-27 17:22:45.953 [info] > git ls-files --stage -- /home/orbii/git/flotise/window_manager.cpp [23ms]
2023-10-27 17:22:46.006 [info] > git cat-file -s c05b30ce8116b004d66a9151e24a3373c43975ce [11ms]
2023-10-27 17:22:51.521 [info] > git show --textconv :window_manager.cpp [20ms]
2023-10-27 17:22:51.524 [info] > git ls-files --stage -- /home/orbii/git/flotise/window_manager.cpp [6ms]
2023-10-27 17:22:51.542 [info] > git cat-file -s c05b30ce8116b004d66a9151e24a3373c43975ce [4ms]
2023-10-27 17:22:54.377 [info] > git show --textconv :window_manager.cpp [24ms]
2023-10-27 17:22:54.384 [info] > git ls-files --stage -- /home/orbii/git/flotise/window_manager.cpp [11ms]
2023-10-27 17:22:54.405 [info] > git cat-file -s c05b30ce8116b004d66a9151e24a3373c43975ce [4ms]
2023-10-27 17:23:05.975 [info] > git show --textconv :window_manager.hpp [26ms]
2023-10-27 17:23:05.978 [info] > git ls-files --stage -- /home/orbii/git/flotise/window_manager.hpp [3ms]
2023-10-27 17:23:06.000 [info] > git cat-file -s 5f58f7d2a3dddf8f15ea6fda7c998e7b4289dda6 [7ms]
2023-10-27 17:23:06.803 [info] > git show --textconv :window_manager.cpp [18ms]
2023-10-27 17:23:06.807 [info] > git ls-files --stage -- /home/orbii/git/flotise/window_manager.cpp [5ms]
2023-10-27 17:23:06.830 [info] > git cat-file -s c05b30ce8116b004d66a9151e24a3373c43975ce [7ms]
2023-10-27 17:23:10.228 [info] > git config --get commit.template [3ms]
2023-10-27 17:23:10.248 [info] > git for-each-ref --format=%(refname)%00%(upstream:short)%00%(objectname)%00%(upstream:track)%00%(upstream:remotename)%00%(upstream:remoteref) refs/heads/main refs/remotes/main [2ms]
2023-10-27 17:23:10.272 [info] > git status -z -uall [6ms]
2023-10-27 17:31:33.051 [info] > git check-ignore -v -z --stdin [5ms]
2023-10-27 17:31:35.783 [info] > git add -A -- /home/orbii/git/flotise/window_manager.cpp [9ms]
2023-10-27 17:31:35.846 [info] > git config --get commit.template [33ms]
2023-10-27 17:31:35.850 [info] > git for-each-ref --format=%(refname)%00%(upstream:short)%00%(objectname)%00%(upstream:track)%00%(upstream:remotename)%00%(upstream:remoteref) refs/heads/main refs/remotes/main [8ms]
2023-10-27 17:31:35.890 [info] > git status -z -uall [13ms]
2023-10-27 17:31:37.040 [info] > git ls-files --stage -- /home/orbii/git/flotise/window_manager.cpp [9ms]
2023-10-27 17:31:37.080 [info] > git cat-file -s a4c947120f6403557c311dd1b6f7ed75fffed2fe [7ms]
2023-10-27 17:31:37.122 [info] > git show --textconv :window_manager.cpp [8ms]
2023-10-27 17:31:37.781 [info] > git add -A -- /home/orbii/git/flotise/window_manager.hpp [10ms]
2023-10-27 17:31:37.854 [info] > git config --get commit.template [37ms]
2023-10-27 17:31:37.860 [info] > git for-each-ref --format=%(refname)%00%(upstream:short)%00%(objectname)%00%(upstream:track)%00%(upstream:remotename)%00%(upstream:remoteref) refs/heads/main refs/remotes/main [9ms]
2023-10-27 17:31:37.900 [info] > git status -z -uall [9ms]
2023-10-27 17:31:39.047 [info] > git ls-files --stage -- /home/orbii/git/flotise/window_manager.cpp [7ms]
2023-10-27 17:31:39.088 [info] > git cat-file -s a4c947120f6403557c311dd1b6f7ed75fffed2fe [8ms]
2023-10-27 17:31:39.142 [info] > git show --textconv :window_manager.cpp [10ms]
2023-10-27 17:32:12.330 [info] > git add -A -- /home/orbii/git/flotise/window_manager.cpp [11ms]
2023-10-27 17:32:12.369 [info] > git config --get commit.template [11ms]
2023-10-27 17:32:12.390 [info] > git for-each-ref --format=%(refname)%00%(upstream:short)%00%(objectname)%00%(upstream:track)%00%(upstream:remotename)%00%(upstream:remoteref) refs/heads/main refs/remotes/main [5ms]
2023-10-27 17:32:12.407 [info] > git status -z -uall [3ms]
2023-10-27 17:32:12.451 [info] > git -c user.useConfigOnly=true commit --quiet --allow-empty-message --file - [13ms]
2023-10-27 17:32:12.478 [info] > git config --get commit.template [3ms]
2023-10-27 17:32:12.505 [info] > git config --get commit.template [1ms]
2023-10-27 17:32:12.529 [info] > git for-each-ref --format=%(refname)%00%(upstream:short)%00%(objectname)%00%(upstream:track)%00%(upstream:remotename)%00%(upstream:remoteref) refs/heads/main refs/remotes/main [4ms]
2023-10-27 17:32:12.555 [info] > git status -z -uall [10ms]
2023-10-27 17:32:12.888 [info] > git config --get commit.template [31ms]
2023-10-27 17:32:12.903 [info] > git for-each-ref --format=%(refname)%00%(upstream:short)%00%(objectname)%00%(upstream:track)%00%(upstream:remotename)%00%(upstream:remoteref) refs/heads/main refs/remotes/main [17ms]
2023-10-27 17:32:12.938 [info] > git status -z -uall [15ms]
2023-10-27 17:32:14.898 [info] > git ls-files --stage -- /home/orbii/git/flotise/window_manager.cpp [13ms]
2023-10-27 17:32:14.949 [info] > git cat-file -s 3a938c000b0c6a339bc27a3b5f49c5815e6b1c41 [15ms]
2023-10-27 17:32:15.028 [info] > git show --textconv :window_manager.cpp [12ms]
2023-10-27 17:32:16.248 [info] > git log --oneline --cherry main...main@{upstream} -- [15ms]
2023-10-27 17:32:18.325 [info] > git pull --tags origin main [2039ms]
2023-10-27 17:32:18.325 [info] /bin/sh: warning: setlocale: LC_ALL: cannot change locale (en_US.UTF-8)
/bin/sh: warning: setlocale: LC_ALL: cannot change locale (en_US.UTF-8)
From https://github.com/0rbiidev/flotise
 * branch            main       -> FETCH_HEAD
2023-10-27 17:32:20.655 [info] > git push origin main:main [2299ms]
2023-10-27 17:32:20.655 [info] /bin/sh: warning: setlocale: LC_ALL: cannot change locale (en_US.UTF-8)
/bin/sh: warning: setlocale: LC_ALL: cannot change locale (en_US.UTF-8)
To https://github.com/0rbiidev/flotise.git
   20e96e2..4e4998a  main -> main
2023-10-27 17:32:20.757 [info] > git config --get commit.template [58ms]
2023-10-27 17:32:20.763 [info] > git for-each-ref --format=%(refname)%00%(upstream:short)%00%(objectname)%00%(upstream:track)%00%(upstream:remotename)%00%(upstream:remoteref) refs/heads/main refs/remotes/main [18ms]
2023-10-27 17:32:20.812 [info] > git status -z -uall [11ms]
2023-10-27 17:35:10.455 [info] > git config --get commit.template [7ms]
2023-10-27 17:35:10.527 [info] > git ls-files --stage -- /home/orbii/git/flotise/window_manager.cpp [35ms]
2023-10-27 17:35:10.555 [info] > git for-each-ref --format=%(refname)%00%(upstream:short)%00%(objectname)%00%(upstream:track)%00%(upstream:remotename)%00%(upstream:remoteref) refs/heads/main refs/remotes/main [30ms]
2023-10-27 17:35:10.577 [info] > git cat-file -s 3a938c000b0c6a339bc27a3b5f49c5815e6b1c41 [31ms]
2023-10-27 17:35:10.580 [info] > git status -z -uall [5ms]
2023-10-27 17:35:10.624 [info] > git show --textconv :window_manager.cpp [3ms]
