2024-01-29 10:20:58.024 [info] Log level: Info
2024-01-29 10:20:58.024 [info] Validating found git in: "git"
2024-01-29 10:20:58.024 [info] Using git "2.43.0" from "git"
2024-01-29 10:20:58.024 [info] > git rev-parse --show-toplevel [10ms]
2024-01-29 10:20:58.024 [info] > git rev-parse --git-dir --git-common-dir [5ms]
2024-01-29 10:20:58.024 [info] Open repository: /home/orbii/git/flotise
2024-01-29 10:20:58.024 [info] > git config --get commit.template [16ms]
2024-01-29 10:20:58.024 [info] > git rev-parse --show-toplevel [4ms]
2024-01-29 10:20:58.024 [info] > git for-each-ref --format=%(refname)%00%(upstream:short)%00%(objectname)%00%(upstream:track)%00%(upstream:remotename)%00%(upstream:remoteref) refs/heads/main refs/remotes/main [5ms]
2024-01-29 10:20:58.024 [info] > git status -z -uall [10ms]
2024-01-29 10:20:58.024 [info] > git config --get commit.template [17ms]
2024-01-29 10:20:58.024 [info] > git for-each-ref --format=%(refname)%00%(upstream:short)%00%(objectname)%00%(upstream:track)%00%(upstream:remotename)%00%(upstream:remoteref) refs/heads/main refs/remotes/main [4ms]
2024-01-29 10:20:58.024 [info] > git status -z -uall [3ms]
2024-01-29 10:20:59.549 [info] > git check-ignore -v -z --stdin [285ms]
2024-01-29 10:21:00.410 [info] > git show --textconv :window_tree.cpp [58ms]
2024-01-29 10:21:00.413 [info] > git ls-files --stage -- /home/orbii/git/flotise/window_tree.cpp [17ms]
2024-01-29 10:21:01.840 [info] > git merge-base refs/heads/main refs/remotes/origin/main [5ms]
2024-01-29 10:21:01.893 [info] > git rev-list --count --left-right refs/heads/main...refs/remotes/origin/main [10ms]
2024-01-29 10:21:02.288 [info] > git check-ignore -v -z --stdin [3ms]
2024-01-29 10:21:06.940 [info] > git add -A -- /home/orbii/git/flotise/window_tree.hpp [4ms]
2024-01-29 10:21:06.973 [info] > git config --get commit.template [17ms]
2024-01-29 10:21:06.974 [info] > git for-each-ref --format=%(refname)%00%(upstream:short)%00%(objectname)%00%(upstream:track)%00%(upstream:remotename)%00%(upstream:remoteref) refs/heads/main refs/remotes/main [3ms]
2024-01-29 10:21:06.991 [info] > git status -z -uall [3ms]
2024-01-29 10:21:08.077 [info] > git config --get commit.template [16ms]
2024-01-29 10:21:08.082 [info] > git for-each-ref --format=%(refname)%00%(upstream:short)%00%(objectname)%00%(upstream:track)%00%(upstream:remotename)%00%(upstream:remoteref) refs/heads/main refs/remotes/main [6ms]
2024-01-29 10:21:08.102 [info] > git status -z -uall [5ms]
2024-01-29 10:21:08.176 [info] > git ls-files --stage -- /home/orbii/git/flotise/window_tree.cpp [3ms]
2024-01-29 10:21:08.203 [info] > git show --textconv :window_tree.cpp [3ms]
2024-01-29 10:21:09.972 [info] > git add -A -- /home/orbii/git/flotise/window_tree.cpp [3ms]
2024-01-29 10:21:10.009 [info] > git config --get commit.template [18ms]
2024-01-29 10:21:10.011 [info] > git for-each-ref --format=%(refname)%00%(upstream:short)%00%(objectname)%00%(upstream:track)%00%(upstream:remotename)%00%(upstream:remoteref) refs/heads/main refs/remotes/main [4ms]
2024-01-29 10:21:10.029 [info] > git status -z -uall [4ms]
2024-01-29 10:21:11.165 [info] > git ls-files --stage -- /home/orbii/git/flotise/window_tree.cpp [2ms]
2024-01-29 10:21:11.183 [info] > git cat-file -s 3493f153d6cf7c061f22fe657a96742661b5aa89 [3ms]
2024-01-29 10:21:11.204 [info] > git show --textconv :window_tree.cpp [3ms]
2024-01-29 10:21:13.132 [info] > git config --get commit.template [4ms]
2024-01-29 10:21:13.153 [info] > git for-each-ref --format=%(refname)%00%(upstream:short)%00%(objectname)%00%(upstream:track)%00%(upstream:remotename)%00%(upstream:remoteref) refs/heads/main refs/remotes/main [3ms]
2024-01-29 10:21:13.185 [info] > git status -z -uall [5ms]
2024-01-29 10:21:18.070 [info] > git add -A -- /home/orbii/git/flotise/Makefile [9ms]
2024-01-29 10:21:18.127 [info] > git config --get commit.template [29ms]
2024-01-29 10:21:18.131 [info] > git for-each-ref --format=%(refname)%00%(upstream:short)%00%(objectname)%00%(upstream:track)%00%(upstream:remotename)%00%(upstream:remoteref) refs/heads/main refs/remotes/main [8ms]
2024-01-29 10:21:18.168 [info] > git status -z -uall [11ms]
2024-01-29 10:21:19.301 [info] > git ls-files --stage -- /home/orbii/git/flotise/window_tree.cpp [5ms]
2024-01-29 10:21:19.330 [info] > git cat-file -s 3493f153d6cf7c061f22fe657a96742661b5aa89 [5ms]
2024-01-29 10:21:19.370 [info] > git show --textconv :window_tree.cpp [7ms]
2024-01-29 10:21:19.903 [info] > git add -A -- /home/orbii/git/flotise/main.o [11ms]
2024-01-29 10:21:19.957 [info] > git config --get commit.template [28ms]
2024-01-29 10:21:19.960 [info] > git for-each-ref --format=%(refname)%00%(upstream:short)%00%(objectname)%00%(upstream:track)%00%(upstream:remotename)%00%(upstream:remoteref) refs/heads/main refs/remotes/main [6ms]
2024-01-29 10:21:19.995 [info] > git status -z -uall [8ms]
2024-01-29 10:21:21.144 [info] > git ls-files --stage -- /home/orbii/git/flotise/window_tree.cpp [6ms]
2024-01-29 10:21:21.181 [info] > git cat-file -s 3493f153d6cf7c061f22fe657a96742661b5aa89 [7ms]
2024-01-29 10:21:21.221 [info] > git show --textconv :window_tree.cpp [6ms]
2024-01-29 10:21:22.753 [info] > git add -A -- /home/orbii/git/flotise/window_manager.cpp [16ms]
2024-01-29 10:21:22.839 [info] > git config --get commit.template [45ms]
2024-01-29 10:21:22.841 [info] > git for-each-ref --format=%(refname)%00%(upstream:short)%00%(objectname)%00%(upstream:track)%00%(upstream:remotename)%00%(upstream:remoteref) refs/heads/main refs/remotes/main [10ms]
2024-01-29 10:21:22.893 [info] > git status -z -uall [10ms]
2024-01-29 10:21:24.009 [info] > git ls-files --stage -- /home/orbii/git/flotise/window_tree.cpp [8ms]
2024-01-29 10:21:24.110 [info] > git cat-file -s 3493f153d6cf7c061f22fe657a96742661b5aa89 [55ms]
2024-01-29 10:21:24.173 [info] > git add -A -- /home/orbii/git/flotise/window_manager.o [68ms]
2024-01-29 10:21:24.227 [info] > git show --textconv :window_tree.cpp [62ms]
2024-01-29 10:21:24.241 [info] > git config --get commit.template [17ms]
2024-01-29 10:21:24.283 [info] > git for-each-ref --format=%(refname)%00%(upstream:short)%00%(objectname)%00%(upstream:track)%00%(upstream:remotename)%00%(upstream:remoteref) refs/heads/main refs/remotes/main [9ms]
2024-01-29 10:21:24.320 [info] > git status -z -uall [8ms]
2024-01-29 10:21:25.505 [info] > git config --get commit.template [62ms]
2024-01-29 10:21:25.514 [info] > git for-each-ref --format=%(refname)%00%(upstream:short)%00%(objectname)%00%(upstream:track)%00%(upstream:remotename)%00%(upstream:remoteref) refs/heads/main refs/remotes/main [17ms]
2024-01-29 10:21:25.685 [info] > git ls-files --stage -- /home/orbii/git/flotise/window_tree.cpp [102ms]
2024-01-29 10:21:25.738 [info] > git status -z -uall [61ms]
2024-01-29 10:21:25.767 [info] > git cat-file -s 3493f153d6cf7c061f22fe657a96742661b5aa89 [35ms]
2024-01-29 10:21:25.872 [info] > git show --textconv :window_tree.cpp [23ms]
2024-01-29 10:21:26.068 [info] > git branch [9ms]
2024-01-29 10:21:26.123 [info] > git reset -q HEAD -- /home/orbii/git/flotise/window_manager.o [12ms]
2024-01-29 10:21:26.200 [info] > git config --get commit.template [38ms]
2024-01-29 10:21:26.209 [info] > git for-each-ref --format=%(refname)%00%(upstream:short)%00%(objectname)%00%(upstream:track)%00%(upstream:remotename)%00%(upstream:remoteref) refs/heads/main refs/remotes/main [13ms]
2024-01-29 10:21:26.256 [info] > git status -z -uall [13ms]
2024-01-29 10:21:27.353 [info] > git ls-files --stage -- /home/orbii/git/flotise/window_tree.cpp [7ms]
2024-01-29 10:21:27.385 [info] > git cat-file -s 3493f153d6cf7c061f22fe657a96742661b5aa89 [5ms]
2024-01-29 10:21:27.419 [info] > git show --textconv :window_tree.cpp [5ms]
2024-01-29 10:21:32.782 [info] > git branch [6ms]
2024-01-29 10:21:32.811 [info] > git reset -q HEAD -- /home/orbii/git/flotise/main.o [7ms]
2024-01-29 10:21:32.863 [info] > git config --get commit.template [26ms]
2024-01-29 10:21:32.866 [info] > git for-each-ref --format=%(refname)%00%(upstream:short)%00%(objectname)%00%(upstream:track)%00%(upstream:remotename)%00%(upstream:remoteref) refs/heads/main refs/remotes/main [6ms]
2024-01-29 10:21:32.896 [info] > git status -z -uall [6ms]
2024-01-29 10:21:34.043 [info] > git ls-files --stage -- /home/orbii/git/flotise/window_tree.cpp [6ms]
2024-01-29 10:21:34.078 [info] > git cat-file -s 3493f153d6cf7c061f22fe657a96742661b5aa89 [8ms]
2024-01-29 10:21:34.127 [info] > git show --textconv :window_tree.cpp [7ms]
2024-01-29 10:21:45.129 [info] > git -c user.useConfigOnly=true commit --quiet --allow-empty-message --file - [13ms]
2024-01-29 10:21:45.146 [info] > git config --get commit.template [2ms]
2024-01-29 10:21:45.166 [info] > git config --get commit.template [3ms]
2024-01-29 10:21:45.183 [info] > git for-each-ref --format=%(refname)%00%(upstream:short)%00%(objectname)%00%(upstream:track)%00%(upstream:remotename)%00%(upstream:remoteref) refs/heads/main refs/remotes/main [3ms]
2024-01-29 10:21:45.200 [info] > git status -z -uall [3ms]
2024-01-29 10:21:45.372 [info] > git config --get commit.template [41ms]
2024-01-29 10:21:45.405 [info] > git for-each-ref --format=%(refname)%00%(upstream:short)%00%(objectname)%00%(upstream:track)%00%(upstream:remotename)%00%(upstream:remoteref) refs/heads/main refs/remotes/main [40ms]
2024-01-29 10:21:45.416 [info] > git merge-base refs/heads/main refs/remotes/origin/main [15ms]
2024-01-29 10:21:45.465 [info] > git rev-list --count --left-right refs/heads/main...refs/remotes/origin/main [23ms]
2024-01-29 10:21:45.469 [info] > git status -z -uall [6ms]
2024-01-29 10:21:46.385 [info] > git ls-files --stage -- /home/orbii/git/flotise/window_tree.cpp [4ms]
2024-01-29 10:21:46.411 [info] > git cat-file -s 3493f153d6cf7c061f22fe657a96742661b5aa89 [5ms]
2024-01-29 10:21:46.445 [info] > git show --textconv :window_tree.cpp [5ms]
2024-01-29 10:22:15.424 [info] > git log --format=%H%n%aN%n%aE%n%at%n%ct%n%P%n%D%n%B -z --shortstat --diff-merges=first-parent --author-date-order 3bf3aa3f328716761e1eb039dadc3680d510b920..29bf5337d390c9762ede5d441621fde8989571cd [72ms]
2024-01-29 10:22:15.436 [info] > git diff --shortstat 3bf3aa3f328716761e1eb039dadc3680d510b920...29bf5337d390c9762ede5d441621fde8989571cd [14ms]
2024-01-29 10:22:28.375 [info] > git log --oneline --cherry main...main@{upstream} -- [17ms]
2024-01-29 10:22:29.678 [info] > git ls-files --stage -- /home/orbii/git/flotise/window_tree.cpp [2ms]
2024-01-29 10:22:29.695 [info] > git cat-file -s 3493f153d6cf7c061f22fe657a96742661b5aa89 [3ms]
2024-01-29 10:22:29.716 [info] > git show --textconv :window_tree.cpp [4ms]
2024-01-29 10:22:30.159 [info] > git pull --tags origin main [1732ms]
2024-01-29 10:22:30.159 [info] /bin/sh: warning: setlocale: LC_ALL: cannot change locale (en_US.UTF-8)
/bin/sh: warning: setlocale: LC_ALL: cannot change locale (en_US.UTF-8)
From https://github.com/0rbiidev/flotise
 * branch            main       -> FETCH_HEAD
2024-01-29 10:22:31.413 [info] > git ls-files --stage -- /home/orbii/git/flotise/window_tree.cpp [3ms]
2024-01-29 10:22:31.432 [info] > git cat-file -s 3493f153d6cf7c061f22fe657a96742661b5aa89 [4ms]
2024-01-29 10:22:31.458 [info] > git show --textconv :window_tree.cpp [3ms]
2024-01-29 10:22:32.308 [info] > git push origin main:main [2118ms]
2024-01-29 10:22:32.308 [info] /bin/sh: warning: setlocale: LC_ALL: cannot change locale (en_US.UTF-8)
/bin/sh: warning: setlocale: LC_ALL: cannot change locale (en_US.UTF-8)
To https://github.com/0rbiidev/flotise.git
   3bf3aa3..29bf533  main -> main
2024-01-29 10:22:32.391 [info] > git config --get commit.template [48ms]
2024-01-29 10:22:32.398 [info] > git for-each-ref --format=%(refname)%00%(upstream:short)%00%(objectname)%00%(upstream:track)%00%(upstream:remotename)%00%(upstream:remoteref) refs/heads/main refs/remotes/main [15ms]
2024-01-29 10:22:32.440 [info] > git status -z -uall [9ms]
2024-01-29 10:22:32.617 [info] > git merge-base refs/heads/main refs/remotes/origin/main [11ms]
2024-01-29 10:22:32.660 [info] > git rev-list --count --left-right refs/heads/main...refs/remotes/origin/main [6ms]
2024-01-29 10:22:33.539 [info] > git ls-files --stage -- /home/orbii/git/flotise/window_tree.cpp [6ms]
2024-01-29 10:22:33.567 [info] > git cat-file -s 3493f153d6cf7c061f22fe657a96742661b5aa89 [5ms]
2024-01-29 10:22:33.603 [info] > git show --textconv :window_tree.cpp [5ms]
2024-01-29 13:20:02.462 [info] > git check-ignore -v -z --stdin [5ms]
2024-01-29 13:20:19.968 [info] > git show --textconv :window_tree.hpp [30ms]
2024-01-29 13:20:19.968 [info] > git ls-files --stage -- /home/orbii/git/flotise/window_tree.hpp [2ms]
2024-01-29 13:20:20.002 [info] > git cat-file -s af5d387dd253ef677ed530e94fcd20356bf0f05a [7ms]
2024-01-29 13:20:23.479 [info] > git show --textconv :window_manager.cpp [49ms]
2024-01-29 13:20:23.485 [info] > git ls-files --stage -- /home/orbii/git/flotise/window_manager.cpp [7ms]
2024-01-29 13:20:23.525 [info] > git cat-file -s 2182b4215ab158f7f36e703dbed8ee750df08f7c [9ms]
