2023-12-01 19:01:06.556 [info] Added views:workbench.panel.markers.view in workbench.panel.markers
2023-12-01 19:01:06.556 [info] Added views:workbench.panel.output in workbench.panel.output
2023-12-01 19:01:06.556 [info] Added views:terminal in terminal
2023-12-01 19:01:06.556 [info] Added views:outline in workbench.view.explorer
2023-12-01 19:01:06.556 [info] Added views:workbench.scm in workbench.view.scm
2023-12-01 19:01:06.556 [info] Added views:workbench.view.search in workbench.view.search
2023-12-01 19:01:06.556 [info] Added views:timeline in workbench.view.explorer
2023-12-01 19:01:06.556 [info] Added views:workbench.explorer.emptyView in workbench.view.explorer
2023-12-01 19:01:07.170 [info] Added views:workbench.debug.variablesView,workbench.debug.watchExpressionsView,workbench.debug.callStackView,workbench.debug.breakPointsView in workbench.view.debug
2023-12-01 19:01:07.548 [info] Added views:makefile.outline in workbench.view.extension.makefile__viewContainer
2023-12-01 19:01:08.014 [info] Added views:~remote.forwardedPorts in ~remote.forwardedPortsContainer
2023-12-01 19:01:08.802 [info] Added views:workbench.panel.repl.view in workbench.panel.repl
2023-12-01 19:01:08.804 [info] Removed views:workbench.debug.breakPointsView,workbench.debug.callStackView,workbench.debug.watchExpressionsView,workbench.debug.variablesView from workbench.view.debug
2023-12-01 19:01:08.804 [info] Added views:workbench.debug.welcome in workbench.view.debug
2023-12-01 19:03:24.321 [info] Added views:workbench.panel.markers.view in workbench.panel.markers
2023-12-01 19:03:24.321 [info] Added views:workbench.panel.output in workbench.panel.output
2023-12-01 19:03:24.321 [info] Added views:terminal in terminal
2023-12-01 19:03:24.321 [info] Added views:outline in workbench.view.explorer
2023-12-01 19:03:24.321 [info] Added views:workbench.scm in workbench.view.scm
2023-12-01 19:03:24.321 [info] Added views:workbench.view.search in workbench.view.search
2023-12-01 19:03:24.321 [info] Added views:timeline in workbench.view.explorer
2023-12-01 19:03:24.321 [info] Added views:workbench.explorer.fileView in workbench.view.explorer
2023-12-01 19:03:25.394 [info] Added views:workbench.debug.variablesView,workbench.debug.watchExpressionsView,workbench.debug.callStackView,workbench.debug.breakPointsView in workbench.view.debug
2023-12-01 19:03:25.698 [info] Added views:~remote.forwardedPorts in ~remote.forwardedPortsContainer
2023-12-01 19:03:26.442 [info] Added views:workbench.panel.repl.view in workbench.panel.repl
2023-12-01 19:03:26.444 [info] Removed views:workbench.debug.breakPointsView,workbench.debug.callStackView,workbench.debug.watchExpressionsView,workbench.debug.variablesView from workbench.view.debug
2023-12-01 19:03:26.445 [info] Added views:workbench.debug.welcome in workbench.view.debug
2023-12-01 19:03:29.349 [info] Added views:makefile.outline in workbench.view.extension.makefile__viewContainer
