2023-10-27 13:55:18.567 [info] Log level: Info
2023-10-27 13:55:18.567 [info] Validating found git in: "git"
2023-10-27 13:55:18.567 [info] Using git "2.42.0" from "git"
2023-10-27 13:55:18.567 [info] > git rev-parse --show-toplevel [16ms]
2023-10-27 13:55:18.690 [info] > git rev-parse --git-dir --git-common-dir [131ms]
2023-10-27 13:55:18.716 [info] Open repository: /home/orbii/git/flotise
2023-10-27 13:55:18.876 [info] > git rev-parse --show-toplevel [126ms]
2023-10-27 13:55:18.879 [info] > git config --get commit.template [140ms]
2023-10-27 13:55:18.960 [info] > git for-each-ref --format=%(refname)%00%(upstream:short)%00%(objectname)%00%(upstream:track)%00%(upstream:remotename)%00%(upstream:remoteref) refs/heads/main refs/remotes/main [60ms]
2023-10-27 13:55:19.032 [info] > git status -z -uall [24ms]
2023-10-27 13:55:19.305 [info] > git config --get commit.template [168ms]
2023-10-27 13:55:19.420 [info] > git for-each-ref --format=%(refname)%00%(upstream:short)%00%(objectname)%00%(upstream:track)%00%(upstream:remotename)%00%(upstream:remoteref) refs/heads/main refs/remotes/main [71ms]
2023-10-27 13:55:19.493 [info] > git status -z -uall [22ms]
2023-10-27 13:55:19.738 [info] > git check-ignore -v -z --stdin [10ms]
2023-10-27 13:55:23.047 [info] > git show --textconv :window_manager.cpp [31ms]
2023-10-27 13:55:23.057 [info] > git ls-files --stage -- /home/orbii/git/flotise/window_manager.cpp [13ms]
2023-10-27 13:55:23.101 [info] > git cat-file -s 961dbbf8cd24d591cc124f01fc0a88a6fd1fc80d [14ms]
2023-10-27 13:56:40.728 [info] > git show --textconv :window_manager.cpp [31ms]
2023-10-27 13:56:40.731 [info] > git ls-files --stage -- /home/orbii/git/flotise/window_manager.cpp [7ms]
2023-10-27 13:56:40.750 [info] > git cat-file -s 961dbbf8cd24d591cc124f01fc0a88a6fd1fc80d [2ms]
2023-10-27 14:03:56.535 [info] > git check-ignore -v -z --stdin [40ms]
2023-10-27 14:03:59.152 [info] > git show --textconv :window_manager.hpp [21ms]
2023-10-27 14:03:59.161 [info] > git ls-files --stage -- /home/orbii/git/flotise/window_manager.hpp [9ms]
2023-10-27 14:03:59.186 [info] > git cat-file -s ae723003a53df5cef5ecbdd9a198d6d774ebb257 [5ms]
2023-10-27 14:04:51.073 [info] > git show --textconv :window_manager.cpp [23ms]
2023-10-27 14:04:51.080 [info] > git ls-files --stage -- /home/orbii/git/flotise/window_manager.cpp [8ms]
2023-10-27 14:04:51.094 [info] > git cat-file -s 961dbbf8cd24d591cc124f01fc0a88a6fd1fc80d [3ms]
2023-10-27 14:05:20.784 [info] > git config --get commit.template [5ms]
2023-10-27 14:05:20.803 [info] > git for-each-ref --format=%(refname)%00%(upstream:short)%00%(objectname)%00%(upstream:track)%00%(upstream:remotename)%00%(upstream:remoteref) refs/heads/main refs/remotes/main [4ms]
2023-10-27 14:05:20.831 [info] > git status -z -uall [6ms]
2023-10-27 14:08:30.639 [info] > git show --textconv :window_manager.hpp [33ms]
2023-10-27 14:08:30.645 [info] > git ls-files --stage -- /home/orbii/git/flotise/window_manager.hpp [8ms]
2023-10-27 14:08:30.681 [info] > git cat-file -s ae723003a53df5cef5ecbdd9a198d6d774ebb257 [8ms]
2023-10-27 14:08:32.662 [info] > git show --textconv :window_manager.cpp [29ms]
2023-10-27 14:08:32.670 [info] > git ls-files --stage -- /home/orbii/git/flotise/window_manager.cpp [14ms]
2023-10-27 14:08:32.708 [info] > git cat-file -s 961dbbf8cd24d591cc124f01fc0a88a6fd1fc80d [6ms]
2023-10-27 14:14:52.367 [info] > git show --textconv :window_manager.hpp [27ms]
2023-10-27 14:14:52.372 [info] > git ls-files --stage -- /home/orbii/git/flotise/window_manager.hpp [6ms]
2023-10-27 14:14:52.394 [info] > git cat-file -s ae723003a53df5cef5ecbdd9a198d6d774ebb257 [7ms]
2023-10-27 14:15:49.286 [info] > git show --textconv :window_manager.cpp [20ms]
2023-10-27 14:15:49.293 [info] > git ls-files --stage -- /home/orbii/git/flotise/window_manager.cpp [9ms]
2023-10-27 14:15:49.314 [info] > git cat-file -s 961dbbf8cd24d591cc124f01fc0a88a6fd1fc80d [5ms]
2023-10-27 14:16:41.373 [info] > git config --get commit.template [2ms]
2023-10-27 14:16:41.399 [info] > git for-each-ref --format=%(refname)%00%(upstream:short)%00%(objectname)%00%(upstream:track)%00%(upstream:remotename)%00%(upstream:remoteref) refs/heads/main refs/remotes/main [4ms]
2023-10-27 14:16:41.432 [info] > git status -z -uall [9ms]
2023-10-27 14:16:41.983 [info] > git show --textconv :window_manager.hpp [24ms]
2023-10-27 14:16:41.985 [info] > git ls-files --stage -- /home/orbii/git/flotise/window_manager.hpp [4ms]
2023-10-27 14:16:42.005 [info] > git cat-file -s ae723003a53df5cef5ecbdd9a198d6d774ebb257 [3ms]
2023-10-27 14:16:46.511 [info] > git config --get commit.template [31ms]
2023-10-27 14:16:46.514 [info] > git for-each-ref --format=%(refname)%00%(upstream:short)%00%(objectname)%00%(upstream:track)%00%(upstream:remotename)%00%(upstream:remoteref) refs/heads/main refs/remotes/main [6ms]
2023-10-27 14:16:46.544 [info] > git status -z -uall [6ms]
2023-10-27 14:17:14.636 [info] > git show --textconv :window_manager.cpp [40ms]
2023-10-27 14:17:14.643 [info] > git ls-files --stage -- /home/orbii/git/flotise/window_manager.cpp [9ms]
2023-10-27 14:17:14.677 [info] > git cat-file -s 961dbbf8cd24d591cc124f01fc0a88a6fd1fc80d [8ms]
2023-10-27 14:17:16.476 [info] > git show --textconv :window_manager.hpp [28ms]
2023-10-27 14:17:16.481 [info] > git ls-files --stage -- /home/orbii/git/flotise/window_manager.hpp [6ms]
2023-10-27 14:17:16.505 [info] > git cat-file -s ae723003a53df5cef5ecbdd9a198d6d774ebb257 [4ms]
2023-10-27 14:18:14.475 [info] > git config --get commit.template [24ms]
2023-10-27 14:18:14.477 [info] > git for-each-ref --format=%(refname)%00%(upstream:short)%00%(objectname)%00%(upstream:track)%00%(upstream:remotename)%00%(upstream:remoteref) refs/heads/main refs/remotes/main [4ms]
2023-10-27 14:18:14.498 [info] > git status -z -uall [4ms]
2023-10-27 14:18:14.544 [info] > git show --textconv :window_manager.cpp [17ms]
2023-10-27 14:18:14.547 [info] > git ls-files --stage -- /home/orbii/git/flotise/window_manager.cpp [3ms]
2023-10-27 14:18:14.565 [info] > git cat-file -s 961dbbf8cd24d591cc124f01fc0a88a6fd1fc80d [4ms]
2023-10-27 14:18:45.872 [info] > git show --textconv :window_manager.hpp [42ms]
2023-10-27 14:18:45.881 [info] > git ls-files --stage -- /home/orbii/git/flotise/window_manager.hpp [11ms]
2023-10-27 14:18:45.925 [info] > git cat-file -s ae723003a53df5cef5ecbdd9a198d6d774ebb257 [4ms]
2023-10-27 14:18:52.133 [info] > git show --textconv :window_manager.cpp [22ms]
2023-10-27 14:18:52.139 [info] > git ls-files --stage -- /home/orbii/git/flotise/window_manager.cpp [7ms]
2023-10-27 14:18:52.164 [info] > git cat-file -s 961dbbf8cd24d591cc124f01fc0a88a6fd1fc80d [5ms]
2023-10-27 14:24:13.277 [info] > git show --textconv :window_manager.hpp [26ms]
2023-10-27 14:24:13.284 [info] > git ls-files --stage -- /home/orbii/git/flotise/window_manager.hpp [12ms]
2023-10-27 14:24:13.317 [info] > git cat-file -s ae723003a53df5cef5ecbdd9a198d6d774ebb257 [9ms]
2023-10-27 14:24:50.750 [info] > git show --textconv :window_manager.cpp [27ms]
2023-10-27 14:24:50.786 [info] > git ls-files --stage -- /home/orbii/git/flotise/window_manager.cpp [38ms]
2023-10-27 14:24:50.815 [info] > git cat-file -s 961dbbf8cd24d591cc124f01fc0a88a6fd1fc80d [9ms]
2023-10-27 14:24:51.289 [info] > git config --get commit.template [22ms]
2023-10-27 14:24:51.295 [info] > git for-each-ref --format=%(refname)%00%(upstream:short)%00%(objectname)%00%(upstream:track)%00%(upstream:remotename)%00%(upstream:remoteref) refs/heads/main refs/remotes/main [9ms]
2023-10-27 14:24:51.327 [info] > git status -z -uall [9ms]
2023-10-27 14:27:33.840 [info] > git config --get commit.template [21ms]
2023-10-27 14:27:33.845 [info] > git for-each-ref --format=%(refname)%00%(upstream:short)%00%(objectname)%00%(upstream:track)%00%(upstream:remotename)%00%(upstream:remoteref) refs/heads/main refs/remotes/main [7ms]
2023-10-27 14:27:33.869 [info] > git status -z -uall [4ms]
2023-10-27 14:27:34.553 [info] > git show --textconv :window_manager.hpp [22ms]
2023-10-27 14:27:34.555 [info] > git ls-files --stage -- /home/orbii/git/flotise/window_manager.hpp [4ms]
2023-10-27 14:27:34.577 [info] > git cat-file -s ae723003a53df5cef5ecbdd9a198d6d774ebb257 [5ms]
2023-10-27 14:27:38.129 [info] > git show --textconv :window_manager.cpp [32ms]
2023-10-27 14:27:38.137 [info] > git ls-files --stage -- /home/orbii/git/flotise/window_manager.cpp [11ms]
2023-10-27 14:27:38.176 [info] > git cat-file -s 961dbbf8cd24d591cc124f01fc0a88a6fd1fc80d [8ms]
2023-10-27 14:29:58.893 [info] > git check-ignore -v -z --stdin [6ms]
2023-10-27 14:30:03.302 [info] > git add -A -- /home/orbii/git/flotise/window_manager.cpp [6ms]
2023-10-27 14:30:03.332 [info] > git config --get commit.template [14ms]
2023-10-27 14:30:03.333 [info] > git for-each-ref --format=%(refname)%00%(upstream:short)%00%(objectname)%00%(upstream:track)%00%(upstream:remotename)%00%(upstream:remoteref) refs/heads/main refs/remotes/main [3ms]
2023-10-27 14:30:03.348 [info] > git status -z -uall [3ms]
2023-10-27 14:30:04.492 [info] > git config --get commit.template [53ms]
2023-10-27 14:30:04.502 [info] > git for-each-ref --format=%(refname)%00%(upstream:short)%00%(objectname)%00%(upstream:track)%00%(upstream:remotename)%00%(upstream:remoteref) refs/heads/main refs/remotes/main [17ms]
2023-10-27 14:30:04.625 [info] > git status -z -uall [69ms]
2023-10-27 14:30:04.646 [info] > git ls-files --stage -- /home/orbii/git/flotise/window_manager.cpp [24ms]
2023-10-27 14:30:04.694 [info] > git cat-file -s 047e262922ab9cd392ffab954d9a561761248d3d [5ms]
2023-10-27 14:30:04.727 [info] > git show --textconv :window_manager.cpp [4ms]
2023-10-27 14:30:07.300 [info] > git add -A -- /home/orbii/git/flotise/window_manager.hpp [10ms]
2023-10-27 14:30:07.366 [info] > git config --get commit.template [32ms]
2023-10-27 14:30:07.370 [info] > git for-each-ref --format=%(refname)%00%(upstream:short)%00%(objectname)%00%(upstream:track)%00%(upstream:remotename)%00%(upstream:remoteref) refs/heads/main refs/remotes/main [6ms]
2023-10-27 14:30:07.406 [info] > git status -z -uall [10ms]
2023-10-27 14:30:08.550 [info] > git ls-files --stage -- /home/orbii/git/flotise/window_manager.cpp [6ms]
2023-10-27 14:30:08.578 [info] > git cat-file -s 047e262922ab9cd392ffab954d9a561761248d3d [5ms]
2023-10-27 14:30:08.611 [info] > git show --textconv :window_manager.cpp [6ms]
2023-10-27 14:30:21.453 [info] > git show --textconv :window_manager.hpp [24ms]
2023-10-27 14:30:21.455 [info] > git ls-files --stage -- /home/orbii/git/flotise/window_manager.hpp [7ms]
2023-10-27 14:30:21.475 [info] > git cat-file -s 5f58f7d2a3dddf8f15ea6fda7c998e7b4289dda6 [4ms]
2023-10-27 14:31:31.658 [info] > git add -A -- /home/orbii/git/flotise/window_manager.cpp [29ms]
2023-10-27 14:31:31.699 [info] > git config --get commit.template [19ms]
2023-10-27 14:31:31.701 [info] > git for-each-ref --format=%(refname)%00%(upstream:short)%00%(objectname)%00%(upstream:track)%00%(upstream:remotename)%00%(upstream:remoteref) refs/heads/main refs/remotes/main [4ms]
2023-10-27 14:31:31.725 [info] > git status -z -uall [5ms]
2023-10-27 14:31:31.786 [info] > git -c user.useConfigOnly=true commit --quiet --allow-empty-message --file - [25ms]
2023-10-27 14:31:31.815 [info] > git config --get commit.template [5ms]
2023-10-27 14:31:31.871 [info] > git config --get commit.template [24ms]
2023-10-27 14:31:31.878 [info] > git for-each-ref --format=%(refname)%00%(upstream:short)%00%(objectname)%00%(upstream:track)%00%(upstream:remotename)%00%(upstream:remoteref) refs/heads/main refs/remotes/main [11ms]
2023-10-27 14:31:31.910 [info] > git status -z -uall [4ms]
2023-10-27 14:31:32.242 [info] > git config --get commit.template [27ms]
2023-10-27 14:31:32.249 [info] > git for-each-ref --format=%(refname)%00%(upstream:short)%00%(objectname)%00%(upstream:track)%00%(upstream:remotename)%00%(upstream:remoteref) refs/heads/main refs/remotes/main [9ms]
2023-10-27 14:31:32.281 [info] > git status -z -uall [7ms]
2023-10-27 14:31:33.109 [info] > git ls-files --stage -- /home/orbii/git/flotise/window_manager.hpp [3ms]
2023-10-27 14:31:33.127 [info] > git cat-file -s 5f58f7d2a3dddf8f15ea6fda7c998e7b4289dda6 [3ms]
2023-10-27 14:31:33.149 [info] > git show --textconv :window_manager.hpp [4ms]
2023-10-27 14:31:35.802 [info] > git log --oneline --cherry main...main@{upstream} -- [16ms]
2023-10-27 14:31:37.136 [info] > git ls-files --stage -- /home/orbii/git/flotise/window_manager.hpp [5ms]
2023-10-27 14:31:37.156 [info] > git cat-file -s 5f58f7d2a3dddf8f15ea6fda7c998e7b4289dda6 [2ms]
2023-10-27 14:31:37.184 [info] > git show --textconv :window_manager.hpp [2ms]
2023-10-27 14:31:37.862 [info] > git pull --tags origin main [2010ms]
2023-10-27 14:31:37.862 [info] /bin/sh: warning: setlocale: LC_ALL: cannot change locale (en_US.UTF-8)
/bin/sh: warning: setlocale: LC_ALL: cannot change locale (en_US.UTF-8)
From https://github.com/0rbiidev/flotise
 * branch            main       -> FETCH_HEAD
2023-10-27 14:31:39.110 [info] > git ls-files --stage -- /home/orbii/git/flotise/window_manager.hpp [5ms]
2023-10-27 14:31:39.131 [info] > git cat-file -s 5f58f7d2a3dddf8f15ea6fda7c998e7b4289dda6 [3ms]
2023-10-27 14:31:39.155 [info] > git show --textconv :window_manager.hpp [4ms]
2023-10-27 14:31:40.094 [info] > git push origin main:main [2204ms]
2023-10-27 14:31:40.094 [info] /bin/sh: warning: setlocale: LC_ALL: cannot change locale (en_US.UTF-8)
/bin/sh: warning: setlocale: LC_ALL: cannot change locale (en_US.UTF-8)
To https://github.com/0rbiidev/flotise.git
   5143190..20e96e2  main -> main
2023-10-27 14:31:40.185 [info] > git config --get commit.template [51ms]
2023-10-27 14:31:40.196 [info] > git for-each-ref --format=%(refname)%00%(upstream:short)%00%(objectname)%00%(upstream:track)%00%(upstream:remotename)%00%(upstream:remoteref) refs/heads/main refs/remotes/main [17ms]
2023-10-27 14:31:40.249 [info] > git status -z -uall [13ms]
2023-10-27 14:31:41.394 [info] > git config --get commit.template [51ms]
2023-10-27 14:31:41.401 [info] > git for-each-ref --format=%(refname)%00%(upstream:short)%00%(objectname)%00%(upstream:track)%00%(upstream:remotename)%00%(upstream:remoteref) refs/heads/main refs/remotes/main [11ms]
2023-10-27 14:31:41.524 [info] > git status -z -uall [73ms]
2023-10-27 14:31:41.545 [info] > git ls-files --stage -- /home/orbii/git/flotise/window_manager.hpp [28ms]
2023-10-27 14:31:41.613 [info] > git cat-file -s 5f58f7d2a3dddf8f15ea6fda7c998e7b4289dda6 [13ms]
2023-10-27 14:31:41.725 [info] > git show --textconv :window_manager.hpp [14ms]
2023-10-27 14:32:24.135 [info] > git show --textconv :window_manager.cpp [32ms]
2023-10-27 14:32:24.142 [info] > git ls-files --stage -- /home/orbii/git/flotise/window_manager.cpp [9ms]
2023-10-27 14:32:24.180 [info] > git cat-file -s c05b30ce8116b004d66a9151e24a3373c43975ce [9ms]
2023-10-27 14:32:25.797 [info] > git show --textconv :window_manager.hpp [29ms]
2023-10-27 14:32:25.800 [info] > git ls-files --stage -- /home/orbii/git/flotise/window_manager.hpp [4ms]
2023-10-27 14:32:25.851 [info] > git cat-file -s 5f58f7d2a3dddf8f15ea6fda7c998e7b4289dda6 [15ms]
2023-10-27 14:32:26.963 [info] > git show --textconv :window_manager.cpp [19ms]
2023-10-27 14:32:26.967 [info] > git ls-files --stage -- /home/orbii/git/flotise/window_manager.cpp [5ms]
2023-10-27 14:32:26.989 [info] > git cat-file -s c05b30ce8116b004d66a9151e24a3373c43975ce [6ms]
2023-10-27 14:38:12.111 [info] > git show --textconv :window_manager.hpp [40ms]
2023-10-27 14:38:12.115 [info] > git ls-files --stage -- /home/orbii/git/flotise/window_manager.hpp [6ms]
2023-10-27 14:38:12.190 [info] > git cat-file -s 5f58f7d2a3dddf8f15ea6fda7c998e7b4289dda6 [24ms]
2023-10-27 14:38:27.845 [info] > git show --textconv :window_manager.cpp [28ms]
2023-10-27 14:38:27.849 [info] > git ls-files --stage -- /home/orbii/git/flotise/window_manager.cpp [4ms]
2023-10-27 14:38:27.901 [info] > git cat-file -s c05b30ce8116b004d66a9151e24a3373c43975ce [34ms]
2023-10-27 14:38:27.962 [info] > git config --get commit.template [62ms]
2023-10-27 14:38:27.967 [info] > git for-each-ref --format=%(refname)%00%(upstream:short)%00%(objectname)%00%(upstream:track)%00%(upstream:remotename)%00%(upstream:remoteref) refs/heads/main refs/remotes/main [7ms]
2023-10-27 14:38:27.995 [info] > git status -z -uall [5ms]
2023-10-27 14:44:44.926 [info] > git config --get commit.template [23ms]
2023-10-27 14:44:44.930 [info] > git for-each-ref --format=%(refname)%00%(upstream:short)%00%(objectname)%00%(upstream:track)%00%(upstream:remotename)%00%(upstream:remoteref) refs/heads/main refs/remotes/main [6ms]
2023-10-27 14:44:44.955 [info] > git status -z -uall [3ms]
2023-10-27 14:44:50.674 [info] > git config --get commit.template [13ms]
2023-10-27 14:44:50.713 [info] > git for-each-ref --format=%(refname)%00%(upstream:short)%00%(objectname)%00%(upstream:track)%00%(upstream:remotename)%00%(upstream:remoteref) refs/heads/main refs/remotes/main [7ms]
2023-10-27 14:44:50.755 [info] > git status -z -uall [10ms]
2023-10-27 14:49:46.391 [info] > git show --textconv :window_manager.hpp [47ms]
2023-10-27 14:49:46.421 [info] > git ls-files --stage -- /home/orbii/git/flotise/window_manager.hpp [32ms]
2023-10-27 14:49:46.511 [info] > git cat-file -s 5f58f7d2a3dddf8f15ea6fda7c998e7b4289dda6 [8ms]
2023-10-27 14:50:11.540 [info] > git show --textconv :window_manager.cpp [20ms]
2023-10-27 14:50:11.547 [info] > git ls-files --stage -- /home/orbii/git/flotise/window_manager.cpp [8ms]
2023-10-27 14:50:11.590 [info] > git cat-file -s c05b30ce8116b004d66a9151e24a3373c43975ce [27ms]
2023-10-27 14:50:11.596 [info] > git config --get commit.template [10ms]
2023-10-27 14:50:11.621 [info] > git for-each-ref --format=%(refname)%00%(upstream:short)%00%(objectname)%00%(upstream:track)%00%(upstream:remotename)%00%(upstream:remoteref) refs/heads/main refs/remotes/main [5ms]
2023-10-27 14:50:11.654 [info] > git status -z -uall [7ms]
2023-10-27 14:58:39.679 [info] > git show --textconv :window_manager.hpp [26ms]
2023-10-27 14:58:39.682 [info] > git ls-files --stage -- /home/orbii/git/flotise/window_manager.hpp [4ms]
2023-10-27 14:58:39.700 [info] > git cat-file -s 5f58f7d2a3dddf8f15ea6fda7c998e7b4289dda6 [3ms]
2023-10-27 14:59:19.352 [info] > git config --get commit.template [20ms]
2023-10-27 14:59:19.357 [info] > git for-each-ref --format=%(refname)%00%(upstream:short)%00%(objectname)%00%(upstream:track)%00%(upstream:remotename)%00%(upstream:remoteref) refs/heads/main refs/remotes/main [8ms]
2023-10-27 14:59:19.379 [info] > git status -z -uall [5ms]
2023-10-27 14:59:19.997 [info] > git show --textconv :window_manager.cpp [37ms]
2023-10-27 14:59:20.004 [info] > git ls-files --stage -- /home/orbii/git/flotise/window_manager.cpp [8ms]
2023-10-27 14:59:20.036 [info] > git cat-file -s c05b30ce8116b004d66a9151e24a3373c43975ce [8ms]
2023-10-27 15:03:04.895 [info] > git show --textconv :window_manager.hpp [51ms]
2023-10-27 15:03:04.909 [info] > git ls-files --stage -- /home/orbii/git/flotise/window_manager.hpp [16ms]
2023-10-27 15:03:04.968 [info] > git cat-file -s 5f58f7d2a3dddf8f15ea6fda7c998e7b4289dda6 [14ms]
2023-10-27 15:03:09.436 [info] > git show --textconv :window_manager.cpp [35ms]
2023-10-27 15:03:09.444 [info] > git ls-files --stage -- /home/orbii/git/flotise/window_manager.cpp [9ms]
2023-10-27 15:03:09.479 [info] > git cat-file -s c05b30ce8116b004d66a9151e24a3373c43975ce [8ms]
2023-10-27 15:03:15.924 [info] > git show --textconv :window_manager.hpp [28ms]
2023-10-27 15:03:15.931 [info] > git ls-files --stage -- /home/orbii/git/flotise/window_manager.hpp [8ms]
2023-10-27 15:03:15.960 [info] > git cat-file -s 5f58f7d2a3dddf8f15ea6fda7c998e7b4289dda6 [7ms]
2023-10-27 15:03:21.193 [info] > git show --textconv :window_manager.cpp [64ms]
2023-10-27 15:03:21.204 [info] > git ls-files --stage -- /home/orbii/git/flotise/window_manager.cpp [14ms]
2023-10-27 15:03:21.248 [info] > git cat-file -s c05b30ce8116b004d66a9151e24a3373c43975ce [9ms]
2023-10-27 15:03:52.226 [info] > git config --get commit.template [20ms]
2023-10-27 15:03:52.227 [info] > git for-each-ref --format=%(refname)%00%(upstream:short)%00%(objectname)%00%(upstream:track)%00%(upstream:remotename)%00%(upstream:remoteref) refs/heads/main refs/remotes/main [3ms]
2023-10-27 15:03:52.250 [info] > git status -z -uall [4ms]
2023-10-27 15:07:08.130 [info] > git config --get commit.template [20ms]
2023-10-27 15:07:08.132 [info] > git for-each-ref --format=%(refname)%00%(upstream:short)%00%(objectname)%00%(upstream:track)%00%(upstream:remotename)%00%(upstream:remoteref) refs/heads/main refs/remotes/main [4ms]
2023-10-27 15:07:08.152 [info] > git status -z -uall [3ms]
2023-10-27 15:17:37.655 [info] > git config --get commit.template [4ms]
2023-10-27 15:17:37.677 [info] > git for-each-ref --format=%(refname)%00%(upstream:short)%00%(objectname)%00%(upstream:track)%00%(upstream:remotename)%00%(upstream:remoteref) refs/heads/main refs/remotes/main [3ms]
2023-10-27 15:17:37.704 [info] > git status -z -uall [6ms]
2023-10-27 15:20:03.253 [info] > git config --get commit.template [37ms]
2023-10-27 15:20:03.256 [info] > git for-each-ref --format=%(refname)%00%(upstream:short)%00%(objectname)%00%(upstream:track)%00%(upstream:remotename)%00%(upstream:remoteref) refs/heads/main refs/remotes/main [7ms]
2023-10-27 15:20:03.293 [info] > git status -z -uall [7ms]
2023-10-27 15:26:13.329 [info] > git config --get commit.template [23ms]
2023-10-27 15:26:13.333 [info] > git for-each-ref --format=%(refname)%00%(upstream:short)%00%(objectname)%00%(upstream:track)%00%(upstream:remotename)%00%(upstream:remoteref) refs/heads/main refs/remotes/main [6ms]
2023-10-27 15:26:13.357 [info] > git status -z -uall [4ms]
2023-10-27 15:32:20.324 [info] > git config --get commit.template [5ms]
2023-10-27 15:32:20.345 [info] > git for-each-ref --format=%(refname)%00%(upstream:short)%00%(objectname)%00%(upstream:track)%00%(upstream:remotename)%00%(upstream:remoteref) refs/heads/main refs/remotes/main [5ms]
2023-10-27 15:32:20.365 [info] > git status -z -uall [4ms]
2023-10-27 15:32:27.965 [info] > git config --get commit.template [22ms]
2023-10-27 15:32:27.967 [info] > git for-each-ref --format=%(refname)%00%(upstream:short)%00%(objectname)%00%(upstream:track)%00%(upstream:remotename)%00%(upstream:remoteref) refs/heads/main refs/remotes/main [3ms]
2023-10-27 15:32:27.986 [info] > git status -z -uall [3ms]
2023-10-27 15:37:55.705 [info] > git config --get commit.template [23ms]
2023-10-27 15:37:55.709 [info] > git for-each-ref --format=%(refname)%00%(upstream:short)%00%(objectname)%00%(upstream:track)%00%(upstream:remotename)%00%(upstream:remoteref) refs/heads/main refs/remotes/main [6ms]
2023-10-27 15:37:55.735 [info] > git status -z -uall [3ms]
2023-10-27 15:38:38.177 [info] > git config --get commit.template [23ms]
2023-10-27 15:38:38.182 [info] > git for-each-ref --format=%(refname)%00%(upstream:short)%00%(objectname)%00%(upstream:track)%00%(upstream:remotename)%00%(upstream:remoteref) refs/heads/main refs/remotes/main [7ms]
2023-10-27 15:38:38.201 [info] > git status -z -uall [2ms]
2023-10-27 15:38:43.266 [info] > git config --get commit.template [30ms]
2023-10-27 15:38:43.272 [info] > git for-each-ref --format=%(refname)%00%(upstream:short)%00%(objectname)%00%(upstream:track)%00%(upstream:remotename)%00%(upstream:remoteref) refs/heads/main refs/remotes/main [8ms]
2023-10-27 15:38:43.307 [info] > git status -z -uall [8ms]
2023-10-27 15:42:06.045 [info] > git config --get commit.template [19ms]
2023-10-27 15:42:06.048 [info] > git for-each-ref --format=%(refname)%00%(upstream:short)%00%(objectname)%00%(upstream:track)%00%(upstream:remotename)%00%(upstream:remoteref) refs/heads/main refs/remotes/main [6ms]
2023-10-27 15:42:06.071 [info] > git status -z -uall [7ms]
2023-10-27 15:42:14.008 [info] > git config --get commit.template [23ms]
2023-10-27 15:42:14.010 [info] > git for-each-ref --format=%(refname)%00%(upstream:short)%00%(objectname)%00%(upstream:track)%00%(upstream:remotename)%00%(upstream:remoteref) refs/heads/main refs/remotes/main [4ms]
2023-10-27 15:42:14.037 [info] > git status -z -uall [4ms]
2023-10-27 15:42:19.107 [info] > git config --get commit.template [36ms]
2023-10-27 15:42:19.110 [info] > git for-each-ref --format=%(refname)%00%(upstream:short)%00%(objectname)%00%(upstream:track)%00%(upstream:remotename)%00%(upstream:remoteref) refs/heads/main refs/remotes/main [9ms]
2023-10-27 15:42:19.147 [info] > git status -z -uall [9ms]
2023-10-27 15:44:00.559 [info] > git config --get commit.template [44ms]
2023-10-27 15:44:00.566 [info] > git for-each-ref --format=%(refname)%00%(upstream:short)%00%(objectname)%00%(upstream:track)%00%(upstream:remotename)%00%(upstream:remoteref) refs/heads/main refs/remotes/main [9ms]
2023-10-27 15:44:00.605 [info] > git status -z -uall [9ms]
2023-10-27 15:44:05.683 [info] > git config --get commit.template [38ms]
2023-10-27 15:44:05.684 [info] > git for-each-ref --format=%(refname)%00%(upstream:short)%00%(objectname)%00%(upstream:track)%00%(upstream:remotename)%00%(upstream:remoteref) refs/heads/main refs/remotes/main [4ms]
2023-10-27 15:44:05.722 [info] > git status -z -uall [6ms]
2023-10-27 15:46:10.696 [info] > git config --get commit.template [4ms]
2023-10-27 15:46:10.717 [info] > git for-each-ref --format=%(refname)%00%(upstream:short)%00%(objectname)%00%(upstream:track)%00%(upstream:remotename)%00%(upstream:remoteref) refs/heads/main refs/remotes/main [8ms]
2023-10-27 15:46:10.739 [info] > git status -z -uall [3ms]
2023-10-27 16:39:05.654 [info] > git config --get commit.template [37ms]
2023-10-27 16:39:05.656 [info] > git for-each-ref --format=%(refname)%00%(upstream:short)%00%(objectname)%00%(upstream:track)%00%(upstream:remotename)%00%(upstream:remoteref) refs/heads/main refs/remotes/main [9ms]
2023-10-27 16:39:05.700 [info] > git status -z -uall [10ms]
2023-10-27 16:49:38.394 [info] > git show --textconv HEAD:util.hpp [31ms]
2023-10-27 16:49:38.401 [info] > git ls-tree -l HEAD -- /home/orbii/git/flotise/util.hpp [12ms]
2023-10-27 16:49:42.924 [info] > git add -A -- /home/orbii/git/flotise/window_manager.cpp /home/orbii/git/flotise/window_manager.hpp /home/orbii/git/flotise/.vscode/c_cpp_properties.json /home/orbii/git/flotise/.vscode/launch.json /home/orbii/git/flotise/flotise /home/orbii/git/flotise/main.o /home/orbii/git/flotise/util.hpp /home/orbii/git/flotise/window_manager.o [38ms]
2023-10-27 16:49:42.951 [info] > git config --get commit.template [13ms]
2023-10-27 16:49:42.952 [info] > git for-each-ref --format=%(refname)%00%(upstream:short)%00%(objectname)%00%(upstream:track)%00%(upstream:remotename)%00%(upstream:remoteref) refs/heads/main refs/remotes/main [3ms]
2023-10-27 16:49:42.966 [info] > git status -z -uall [3ms]
2023-10-27 16:49:44.143 [info] > git config --get commit.template [44ms]
2023-10-27 16:49:44.148 [info] > git for-each-ref --format=%(refname)%00%(upstream:short)%00%(objectname)%00%(upstream:track)%00%(upstream:remotename)%00%(upstream:remoteref) refs/heads/main refs/remotes/main [9ms]
2023-10-27 16:49:44.194 [info] > git status -z -uall [11ms]
2023-10-27 16:49:44.252 [info] > git ls-files --stage -- /home/orbii/git/flotise/util.hpp [5ms]
2023-10-27 16:49:44.293 [info] > git cat-file -s e69de29bb2d1d6434b8b29ae775ad8c2e48c5391 [9ms]
2023-10-27 16:49:44.353 [info] > git show --textconv :util.hpp [9ms]
2023-10-27 16:49:48.648 [info] > git branch [7ms]
2023-10-27 16:49:48.686 [info] > git reset -q HEAD -- . [10ms]
2023-10-27 16:49:48.750 [info] > git config --get commit.template [33ms]
2023-10-27 16:49:48.753 [info] > git for-each-ref --format=%(refname)%00%(upstream:short)%00%(objectname)%00%(upstream:track)%00%(upstream:remotename)%00%(upstream:remoteref) refs/heads/main refs/remotes/main [6ms]
2023-10-27 16:49:48.788 [info] > git status -z -uall [9ms]
2023-10-27 16:49:49.931 [info] > git ls-tree -l HEAD -- /home/orbii/git/flotise/util.hpp [6ms]
2023-10-27 16:49:49.964 [info] > git show --textconv HEAD:util.hpp [5ms]
2023-10-27 16:49:50.941 [info] > git config --get commit.template [7ms]
2023-10-27 16:49:50.988 [info] > git for-each-ref --format=%(refname)%00%(upstream:short)%00%(objectname)%00%(upstream:track)%00%(upstream:remotename)%00%(upstream:remoteref) refs/heads/main refs/remotes/main [8ms]
2023-10-27 16:49:51.032 [info] > git status -z -uall [10ms]
2023-10-27 16:50:02.044 [info] > git show --textconv :util.cpp [36ms]
2023-10-27 16:50:02.050 [info] > git ls-files --stage -- /home/orbii/git/flotise/util.cpp [8ms]
2023-10-27 16:50:02.276 [info] > git check-ignore -v -z --stdin [16ms]
2023-10-27 16:50:02.778 [info] > git config --get commit.template [20ms]
2023-10-27 16:50:02.779 [info] > git for-each-ref --format=%(refname)%00%(upstream:short)%00%(objectname)%00%(upstream:track)%00%(upstream:remotename)%00%(upstream:remoteref) refs/heads/main refs/remotes/main [3ms]
2023-10-27 16:50:02.798 [info] > git status -z -uall [3ms]
2023-10-27 16:52:16.849 [info] > git ls-tree -l HEAD -- /home/orbii/git/flotise/util.hpp [3ms]
2023-10-27 16:52:18.464 [info] > git show --textconv :window_manager.cpp [31ms]
2023-10-27 16:52:18.476 [info] > git ls-files --stage -- /home/orbii/git/flotise/window_manager.cpp [13ms]
2023-10-27 16:52:18.529 [info] > git cat-file -s c05b30ce8116b004d66a9151e24a3373c43975ce [18ms]
2023-10-27 16:52:29.279 [info] > git show --textconv :util.cpp [22ms]
2023-10-27 16:52:29.286 [info] > git ls-files --stage -- /home/orbii/git/flotise/util.cpp [8ms]
2023-10-27 16:52:29.938 [info] > git ls-tree -l HEAD -- /home/orbii/git/flotise/util.hpp [9ms]
2023-10-27 16:52:49.714 [info] > git ls-tree -l HEAD -- /home/orbii/git/flotise/util.hpp [5ms]
2023-10-27 16:52:51.515 [info] > git show --textconv :util.cpp [14ms]
2023-10-27 16:52:51.518 [info] > git ls-files --stage -- /home/orbii/git/flotise/util.cpp [4ms]
2023-10-27 16:52:58.167 [info] > git show --textconv :window_manager.cpp [44ms]
2023-10-27 16:52:58.177 [info] > git ls-files --stage -- /home/orbii/git/flotise/window_manager.cpp [12ms]
2023-10-27 16:52:58.241 [info] > git cat-file -s c05b30ce8116b004d66a9151e24a3373c43975ce [26ms]
2023-10-27 16:52:58.902 [info] > git config --get commit.template [13ms]
2023-10-27 16:52:58.931 [info] > git for-each-ref --format=%(refname)%00%(upstream:short)%00%(objectname)%00%(upstream:track)%00%(upstream:remotename)%00%(upstream:remoteref) refs/heads/main refs/remotes/main [4ms]
2023-10-27 16:52:58.966 [info] > git status -z -uall [15ms]
2023-10-27 16:52:59.423 [info] > git show --textconv :util.hpp [38ms]
2023-10-27 16:52:59.430 [info] > git ls-files --stage -- /home/orbii/git/flotise/util.hpp [10ms]
2023-10-27 16:53:03.962 [info] > git show --textconv :window_manager.cpp [30ms]
2023-10-27 16:53:03.969 [info] > git ls-files --stage -- /home/orbii/git/flotise/window_manager.cpp [19ms]
2023-10-27 16:53:03.992 [info] > git cat-file -s c05b30ce8116b004d66a9151e24a3373c43975ce [7ms]
2023-10-27 16:53:11.986 [info] > git config --get commit.template [43ms]
2023-10-27 16:53:11.991 [info] > git for-each-ref --format=%(refname)%00%(upstream:short)%00%(objectname)%00%(upstream:track)%00%(upstream:remotename)%00%(upstream:remoteref) refs/heads/main refs/remotes/main [8ms]
2023-10-27 16:53:12.012 [info] > git status -z -uall [4ms]
2023-10-27 16:53:21.839 [info] > git config --get commit.template [22ms]
2023-10-27 16:53:21.843 [info] > git for-each-ref --format=%(refname)%00%(upstream:short)%00%(objectname)%00%(upstream:track)%00%(upstream:remotename)%00%(upstream:remoteref) refs/heads/main refs/remotes/main [7ms]
2023-10-27 16:53:21.862 [info] > git status -z -uall [4ms]
2023-10-27 16:53:26.920 [info] > git config --get commit.template [27ms]
2023-10-27 16:53:26.923 [info] > git for-each-ref --format=%(refname)%00%(upstream:short)%00%(objectname)%00%(upstream:track)%00%(upstream:remotename)%00%(upstream:remoteref) refs/heads/main refs/remotes/main [5ms]
2023-10-27 16:53:26.950 [info] > git status -z -uall [6ms]
2023-10-27 16:56:33.144 [info] > git show --textconv :window_manager.hpp [19ms]
2023-10-27 16:56:33.147 [info] > git ls-files --stage -- /home/orbii/git/flotise/window_manager.hpp [4ms]
2023-10-27 16:56:33.174 [info] > git cat-file -s 5f58f7d2a3dddf8f15ea6fda7c998e7b4289dda6 [5ms]
2023-10-27 16:57:35.592 [info] > git show --textconv :window_manager.cpp [20ms]
2023-10-27 16:57:35.595 [info] > git ls-files --stage -- /home/orbii/git/flotise/window_manager.cpp [4ms]
2023-10-27 16:57:35.616 [info] > git cat-file -s c05b30ce8116b004d66a9151e24a3373c43975ce [3ms]
2023-10-27 16:57:40.122 [info] > git show --textconv :window_manager.hpp [19ms]
2023-10-27 16:57:40.124 [info] > git ls-files --stage -- /home/orbii/git/flotise/window_manager.hpp [4ms]
2023-10-27 16:57:40.139 [info] > git cat-file -s 5f58f7d2a3dddf8f15ea6fda7c998e7b4289dda6 [4ms]
2023-10-27 16:57:41.378 [info] > git show --textconv :window_manager.cpp [30ms]
2023-10-27 16:57:41.385 [info] > git ls-files --stage -- /home/orbii/git/flotise/window_manager.cpp [8ms]
2023-10-27 16:57:41.411 [info] > git cat-file -s c05b30ce8116b004d66a9151e24a3373c43975ce [7ms]
2023-10-27 16:57:57.220 [info] > git show --textconv :window_manager.cpp [50ms]
2023-10-27 16:57:57.233 [info] > git ls-files --stage -- /home/orbii/git/flotise/window_manager.cpp [22ms]
2023-10-27 16:57:57.288 [info] > git cat-file -s c05b30ce8116b004d66a9151e24a3373c43975ce [15ms]
2023-10-27 16:57:57.881 [info] > git show --textconv :window_manager.hpp [22ms]
2023-10-27 16:57:57.884 [info] > git ls-files --stage -- /home/orbii/git/flotise/window_manager.hpp [5ms]
2023-10-27 16:57:57.904 [info] > git cat-file -s 5f58f7d2a3dddf8f15ea6fda7c998e7b4289dda6 [3ms]
2023-10-27 16:58:03.337 [info] > git show --textconv :window_manager.cpp [39ms]
2023-10-27 16:58:03.346 [info] > git ls-files --stage -- /home/orbii/git/flotise/window_manager.cpp [14ms]
2023-10-27 16:58:03.410 [info] > git cat-file -s c05b30ce8116b004d66a9151e24a3373c43975ce [31ms]
2023-10-27 16:58:17.185 [info] > git show --textconv :window_manager.hpp [29ms]
2023-10-27 16:58:17.185 [info] > git ls-files --stage -- /home/orbii/git/flotise/window_manager.hpp [2ms]
2023-10-27 16:58:17.209 [info] > git cat-file -s 5f58f7d2a3dddf8f15ea6fda7c998e7b4289dda6 [6ms]
2023-10-27 16:58:18.575 [info] > git show --textconv :window_manager.cpp [22ms]
2023-10-27 16:58:18.580 [info] > git ls-files --stage -- /home/orbii/git/flotise/window_manager.cpp [8ms]
2023-10-27 16:58:18.598 [info] > git cat-file -s c05b30ce8116b004d66a9151e24a3373c43975ce [2ms]
2023-10-27 16:58:25.605 [info] > git show --textconv :window_manager.hpp [34ms]
2023-10-27 16:58:25.615 [info] > git ls-files --stage -- /home/orbii/git/flotise/window_manager.hpp [11ms]
2023-10-27 16:58:25.642 [info] > git cat-file -s 5f58f7d2a3dddf8f15ea6fda7c998e7b4289dda6 [10ms]
2023-10-27 16:58:39.854 [info] > git show --textconv :window_manager.cpp [33ms]
2023-10-27 16:58:39.860 [info] > git ls-files --stage -- /home/orbii/git/flotise/window_manager.cpp [9ms]
2023-10-27 16:58:39.897 [info] > git cat-file -s c05b30ce8116b004d66a9151e24a3373c43975ce [8ms]
2023-10-27 16:59:56.054 [info] > git for-each-ref --format=%(refname)%00%(upstream:short)%00%(objectname)%00%(upstream:track)%00%(upstream:remotename)%00%(upstream:remoteref) refs/heads/main refs/remotes/main [3ms]
2023-10-27 16:59:56.055 [info] > git config --get commit.template [23ms]
2023-10-27 16:59:56.076 [info] > git status -z -uall [6ms]
2023-10-27 17:00:01.132 [info] > git config --get commit.template [23ms]
2023-10-27 17:00:01.135 [info] > git for-each-ref --format=%(refname)%00%(upstream:short)%00%(objectname)%00%(upstream:track)%00%(upstream:remotename)%00%(upstream:remoteref) refs/heads/main refs/remotes/main [5ms]
2023-10-27 17:00:01.160 [info] > git status -z -uall [6ms]
2023-10-27 17:03:14.121 [info] > git config --get commit.template [18ms]
2023-10-27 17:03:14.122 [info] > git for-each-ref --format=%(refname)%00%(upstream:short)%00%(objectname)%00%(upstream:track)%00%(upstream:remotename)%00%(upstream:remoteref) refs/heads/main refs/remotes/main [3ms]
2023-10-27 17:03:14.141 [info] > git status -z -uall [3ms]
2023-10-27 17:03:25.285 [info] > git config --get commit.template [18ms]
2023-10-27 17:03:25.286 [info] > git for-each-ref --format=%(refname)%00%(upstream:short)%00%(objectname)%00%(upstream:track)%00%(upstream:remotename)%00%(upstream:remoteref) refs/heads/main refs/remotes/main [3ms]
2023-10-27 17:03:25.306 [info] > git status -z -uall [4ms]
2023-10-27 17:03:26.777 [info] > git show --textconv :window_manager.hpp [21ms]
2023-10-27 17:03:26.781 [info] > git ls-files --stage -- /home/orbii/git/flotise/window_manager.hpp [6ms]
2023-10-27 17:03:26.802 [info] > git cat-file -s 5f58f7d2a3dddf8f15ea6fda7c998e7b4289dda6 [3ms]
2023-10-27 17:03:31.401 [info] > git for-each-ref --format=%(refname)%00%(upstream:short)%00%(objectname)%00%(upstream:track)%00%(upstream:remotename)%00%(upstream:remoteref) refs/heads/main refs/remotes/main [7ms]
2023-10-27 17:03:31.401 [info] > git config --get commit.template [31ms]
2023-10-27 17:03:31.431 [info] > git status -z -uall [6ms]
2023-10-27 17:03:36.509 [info] > git config --get commit.template [34ms]
2023-10-27 17:03:36.512 [info] > git for-each-ref --format=%(refname)%00%(upstream:short)%00%(objectname)%00%(upstream:track)%00%(upstream:remotename)%00%(upstream:remoteref) refs/heads/main refs/remotes/main [6ms]
2023-10-27 17:03:36.542 [info] > git status -z -uall [6ms]
2023-10-27 17:05:13.589 [info] > git show --textconv :window_manager.cpp [46ms]
2023-10-27 17:05:13.604 [info] > git ls-files --stage -- /home/orbii/git/flotise/window_manager.cpp [11ms]
2023-10-27 17:05:13.660 [info] > git cat-file -s c05b30ce8116b004d66a9151e24a3373c43975ce [10ms]
2023-10-27 17:06:33.728 [info] > git config --get commit.template [50ms]
2023-10-27 17:06:33.740 [info] > git for-each-ref --format=%(refname)%00%(upstream:short)%00%(objectname)%00%(upstream:track)%00%(upstream:remotename)%00%(upstream:remoteref) refs/heads/main refs/remotes/main [16ms]
2023-10-27 17:06:33.783 [info] > git status -z -uall [9ms]
2023-10-27 17:06:38.851 [info] > git config --get commit.template [30ms]
2023-10-27 17:06:38.853 [info] > git for-each-ref --format=%(refname)%00%(upstream:short)%00%(objectname)%00%(upstream:track)%00%(upstream:remotename)%00%(upstream:remoteref) refs/heads/main refs/remotes/main [7ms]
2023-10-27 17:06:38.881 [info] > git status -z -uall [7ms]
