make all --print-data-base --no-builtin-variables --no-builtin-rules --question
# GNU Make 4.4.1
# Built for x86_64-pc-linux-gnu
# Copyright (C) 1988-2023 Free Software Foundation, Inc.
# License GPLv3+: GNU GPL version 3 or later <https://gnu.org/licenses/gpl.html>
# This is free software: you are free to change and redistribute it.
# There is NO WARRANTY, to the extent permitted by law.

# Make data base, printed on Fri Feb  2 13:25:31 2024

# Variables

# environment
GDK_BACKEND = x11
# environment
LC_ALL = C
# environment
NO_AT_BRIDGE = 1
# environment
 
VSCODE_CRASH_REPORTER_PROCESS_TYPE = extensionHost
# environment
VSCODE_CWD = /home/orbii
# default
MAKE_COMMAND := make
# automatic
@D = $(patsubst %/,%,$(dir $@))
# environment
VSCODE_HANDLES_UNCAUGHT_ERRORS = true
# default
.VARIABLES := 
# environment
PWD = /home/orbii/git/flotise
# automatic
%D = $(patsubst %/,%,$(dir $%))
# environment
MAIL = /var/spool/mail/orbii
# automatic
^D = $(patsubst %/,%,$(dir $^))
# automatic
%F = $(notdir $%)
# environment
XDG_SESSION_PATH = /org/freedesktop/DisplayManager/Session0
# environment
LANG = C
# environment
XAUTHORITY = /home/orbii/.Xauthority
# default
.LOADED := 
# default
.INCLUDE_DIRS := /usr/local/include /usr/include
# makefile
MAKEFLAGS = pqrR
# makefile
CURDIR := /home/orbii/git/flotise
# environment
VSCODE_L10N_BUNDLE_LOCATION = 
# automatic
*D = $(patsubst %/,%,$(dir $*))
# environment
MFLAGS = -pqrR
# default
.SHELLFLAGS := -c
# automatic
+D = $(patsubst %/,%,$(dir $+))
# environment
XDG_SESSION_DESKTOP = herbstluftwm
# makefile (from 'Makefile', line 1)
MAKEFILE_LIST := Makefile
# automatic
@F = $(notdir $@)
# environment
VSCODE_PID = 4184
# environment
XDG_SESSION_TYPE = x11
# automatic
?D = $(patsubst %/,%,$(dir $?))
# automatic
*F = $(notdir $*)
# environment
CHROME_DESKTOP = code-oss.desktop
# environment
DBUS_SESSION_BUS_ADDRESS = unix:path=/run/user/1000/bus
# automatic
<D = $(patsubst %/,%,$(dir $<))
# environment
VSCODE_NLS_CONFIG = {"locale":"en-us","osLocale":"en-gb","availableLanguages":{},"_languagePackSupport":true}
# default
MAKE_HOST := x86_64-pc-linux-gnu
# makefile
SHELL = /bin/sh
# default
MAKECMDGOALS := all
# makefile (from 'Makefile', line 8)
HEADERS = window_manager.hpp
# environment
SHLVL = 0
# environment
MAKELEVEL := 0
# default
MAKE = $(MAKE_COMMAND)
# environment
PATH = /usr/local/bin:/usr/bin:/bin:/usr/local/sbin:/usr/lib/jvm/default/bin:/usr/bin/site_perl:/usr/bin/vendor_perl:/usr/bin/core_perl:/usr/lib/rustup/bin
# default
MAKEFILES := 
# environment
MOTD_SHOWN = pam
# automatic
^F = $(notdir $^)
# environment
GRADLE_HOME = /usr/share/java/gradle
# automatic
?F = $(notdir $?)
# environment
XDG_SEAT = seat0
# automatic
+F = $(notdir $+)
# environment
XDG_SEAT_PATH = /org/freedesktop/DisplayManager/Seat0
# environment
DESKTOP_SESSION = herbstluftwm
# environment
ORIGINAL_XDG_CURRENT_DESKTOP = undefined
# makefile (from 'Makefile', line 14)
OBJECTS = $(SOURCES:.cpp=.o)
# 'override' directive
GNUMAKEFLAGS := 
# environment
LOGNAME = orbii
# environment
XDG_VTNR = 7
# makefile
.DEFAULT_GOAL := all
# environment
DISPLAY = :0
# environment
GTK_MODULES = canberra-gtk-module
# environment
USER = orbii
# default
MAKE_VERSION := 4.4.1
# makefile (from 'Makefile', line 4)
LDFLAGS = `pkg-config --libs x11 libglog freetype2`
# environment
DEBUGINFOD_URLS = https://debuginfod.archlinux.org 
# environment
_ = /usr/bin/make
# environment
XDG_RUNTIME_DIR = /run/user/1000
# environment
XDG_SESSION_CLASS = user
# environment
VSCODE_AMD_ENTRYPOINT = vs/workbench/api/node/extensionHostProcess
# environment
HOME = /home/orbii
# environment
ELECTRON_RUN_AS_NODE = 1
# environment
VSCODE_IPC_HOOK = /run/user/1000/vscode-c0f61538-1.86-main.sock
# environment
XDG_SESSION_ID = 2
# default
.RECIPEPREFIX := 
# automatic
<F = $(notdir $<)
# default
SUFFIXES := 
# environment
VSCODE_CLI = 1
# environment
ELECTRON_NO_ATTACH_CONSOLE = 1
# makefile (from 'Makefile', line 3)
CXXFLAGS = -Wall -g -std=c++1y `pkg-config --cflags x11 libglog freetype2`
# environment
XDG_GREETER_DATA_DIR = /var/lib/lightdm-data/orbii
# default
.FEATURES := target-specific order-only second-expansion else-if shortest-stem undefine oneshell nocomment grouped-target extra-prereqs notintermediate shell-export archives jobserver jobserver-fifo output-sync check-symlink guile load
# makefile (from 'Makefile', line 11)
SOURCES = window_manager.cpp main.cpp 
# environment
GDMSESSION = herbstluftwm
# variable set hash-table stats:
# Load=84/1024=8%, Rehash=0, Collisions=3/122=2%

# Pattern-specific Variable Values

# No pattern-specific variable values.

# Directories

# . (device 39, inode 1033687): 14 files, no impossibilities.

# 14 files, no impossibilities in 1 directories.

# Implicit Rules

# No implicit rules.

# Files

flotise: window_manager.hpp window_manager.o main.o
#  Implicit rule search has not been done.
#  File is secondary (prerequisite of .SECONDARY).
#  Last modified 2023-12-12 11:53:50.439011205
#  File has been updated.
#  Successfully updated.
#  recipe to execute (from 'Makefile', line 17):
		$(CXX) -o $@ $(OBJECTS) $(LDFLAGS)

# Not a target:
Makefile:
#  Implicit rule search has been done.
#  File is secondary (prerequisite of .SECONDARY).
#  Last modified 2023-11-16 12:53:26.004785667
#  File has been updated.
#  Successfully updated.

clean:
#  Phony target (prerequisite of .PHONY).
#  Implicit rule search has not been done.
#  File does not exist.
#  File has not been updated.
#  recipe to execute (from 'Makefile', line 21):
	rm -f flotise $(OBJECTS)

# Not a target:
window_manager.o:
#  Implicit rule search has been done.
#  File is secondary (prerequisite of .SECONDARY).
#  Last modified 2023-12-12 11:53:50.195716148
#  File has been updated.
#  Successfully updated.

# Not a target:
.DEFAULT:
#  Implicit rule search has not been done.
#  Modification time never checked.
#  File has not been updated.

all: flotise
#  Command line target.
#  Implicit rule search has been done.
#  File does not exist.
#  File has been updated.
#  Successfully updated.

# Not a target:
main.o:
#  Implicit rule search has been done.
#  File is secondary (prerequisite of .SECONDARY).
#  Last modified 2023-10-23 15:50:53.784660303
#  File has been updated.
#  Successfully updated.

# Not a target:
window_manager.hpp:
#  Implicit rule search has been done.
#  File is secondary (prerequisite of .SECONDARY).
#  Last modified 2023-11-16 13:05:13.093557947
#  File has been updated.
#  Successfully updated.

.PHONY: clean
#  Implicit rule search has not been done.
#  Modification time never checked.
#  File has not been updated.

# files hash-table stats:
# Load=10/1024=1%, Rehash=0, Collisions=0/29=0%
# VPATH Search Paths

# No 'vpath' search paths.

# No general ('VPATH' variable) search path.

# strcache buffers: 1 (0) / strings = 22 / storage = 242 B / avg = 11 B
# current buf: size = 8162 B / used = 242 B / count = 22 / avg = 11 B

# strcache performance: lookups = 36 / hit rate = 38%
# hash-table stats:
# Load=22/8192=0%, Rehash=0, Collisions=0/36=0%
# Finished Make data base on Fri Feb  2 13:25:31 2024

 
