2023-11-06 16:03:50.895 [info] Log level: Info
2023-11-06 16:03:50.895 [info] Validating found git in: "git"
2023-11-06 16:03:50.895 [info] Using git "2.42.1" from "git"
2023-11-06 16:03:50.895 [info] > git rev-parse --show-toplevel [14ms]
2023-11-06 16:03:50.895 [info] > git rev-parse --git-dir --git-common-dir [3ms]
2023-11-06 16:03:50.896 [info] Open repository: /home/orbii/git/flotise
2023-11-06 16:03:50.896 [info] > git rev-parse --show-toplevel [17ms]
2023-11-06 16:03:50.896 [info] > git config --get commit.template [27ms]
2023-11-06 16:03:50.896 [info] > git for-each-ref --format=%(refname)%00%(upstream:short)%00%(objectname)%00%(upstream:track)%00%(upstream:remotename)%00%(upstream:remoteref) refs/heads/main refs/remotes/main [5ms]
2023-11-06 16:03:50.896 [info] > git status -z -uall [10ms]
2023-11-06 16:03:50.896 [info] > git config --get commit.template [339ms]
2023-11-06 16:03:51.011 [info] > git check-ignore -v -z --stdin [117ms]
2023-11-06 16:03:51.266 [info] > git for-each-ref --format=%(refname)%00%(upstream:short)%00%(objectname)%00%(upstream:track)%00%(upstream:remotename)%00%(upstream:remoteref) refs/heads/main refs/remotes/main [261ms]
2023-11-06 16:03:51.350 [info] > git status -z -uall [67ms]
2023-11-06 16:03:51.723 [info] > git show --textconv :window_manager.cpp [120ms]
2023-11-06 16:03:51.907 [info] > git ls-files --stage -- /home/orbii/git/flotise/window_manager.cpp [258ms]
2023-11-06 16:03:51.950 [info] > git cat-file -s 3a938c000b0c6a339bc27a3b5f49c5815e6b1c41 [23ms]
2023-11-06 16:03:53.143 [info] > git config --get commit.template [5ms]
2023-11-06 16:03:53.175 [info] > git for-each-ref --format=%(refname)%00%(upstream:short)%00%(objectname)%00%(upstream:track)%00%(upstream:remotename)%00%(upstream:remoteref) refs/heads/main refs/remotes/main [16ms]
2023-11-06 16:03:53.202 [info] > git status -z -uall [5ms]
2023-11-06 16:04:24.032 [info] > git config --get commit.template [22ms]
2023-11-06 16:04:24.035 [info] > git for-each-ref --format=%(refname)%00%(upstream:short)%00%(objectname)%00%(upstream:track)%00%(upstream:remotename)%00%(upstream:remoteref) refs/heads/main refs/remotes/main [7ms]
2023-11-06 16:04:24.058 [info] > git status -z -uall [4ms]
2023-11-06 16:04:29.137 [info] > git config --get commit.template [9ms]
2023-11-06 16:04:29.193 [info] > git for-each-ref --format=%(refname)%00%(upstream:short)%00%(objectname)%00%(upstream:track)%00%(upstream:remotename)%00%(upstream:remoteref) refs/heads/main refs/remotes/main [12ms]
2023-11-06 16:04:29.244 [info] > git status -z -uall [6ms]
2023-11-06 16:05:17.989 [info] > git show --textconv :window_manager.hpp [26ms]
2023-11-06 16:05:17.997 [info] > git ls-files --stage -- /home/orbii/git/flotise/window_manager.hpp [9ms]
2023-11-06 16:05:18.035 [info] > git cat-file -s 369c4253754bc4e6b5c80aee6662dd10be881389 [6ms]
2023-11-06 16:05:22.826 [info] > git show --textconv :window_manager.cpp [36ms]
2023-11-06 16:05:22.838 [info] > git ls-files --stage -- /home/orbii/git/flotise/window_manager.cpp [14ms]
2023-11-06 16:05:22.887 [info] > git cat-file -s 3a938c000b0c6a339bc27a3b5f49c5815e6b1c41 [6ms]
2023-11-06 16:15:32.094 [info] > git show --textconv :window_manager.hpp [24ms]
2023-11-06 16:15:32.094 [info] > git ls-files --stage -- /home/orbii/git/flotise/window_manager.hpp [5ms]
2023-11-06 16:15:32.120 [info] > git cat-file -s 369c4253754bc4e6b5c80aee6662dd10be881389 [9ms]
2023-11-06 16:16:03.217 [info] > git config --get commit.template [37ms]
2023-11-06 16:16:03.270 [info] > git for-each-ref --format=%(refname)%00%(upstream:short)%00%(objectname)%00%(upstream:track)%00%(upstream:remotename)%00%(upstream:remoteref) refs/heads/main refs/remotes/main [56ms]
2023-11-06 16:16:03.358 [info] > git status -z -uall [37ms]
2023-11-06 16:16:03.826 [info] > git show --textconv :window_manager.cpp [34ms]
2023-11-06 16:16:03.834 [info] > git ls-files --stage -- /home/orbii/git/flotise/window_manager.cpp [8ms]
2023-11-06 16:16:03.864 [info] > git cat-file -s 3a938c000b0c6a339bc27a3b5f49c5815e6b1c41 [8ms]
2023-11-06 16:22:50.394 [info] > git show --textconv :window_manager.hpp [53ms]
2023-11-06 16:22:50.403 [info] > git ls-files --stage -- /home/orbii/git/flotise/window_manager.hpp [12ms]
2023-11-06 16:22:50.447 [info] > git cat-file -s 369c4253754bc4e6b5c80aee6662dd10be881389 [7ms]
2023-11-06 16:23:19.991 [info] > git config --get commit.template [13ms]
2023-11-06 16:23:20.020 [info] > git for-each-ref --format=%(refname)%00%(upstream:short)%00%(objectname)%00%(upstream:track)%00%(upstream:remotename)%00%(upstream:remoteref) refs/heads/main refs/remotes/main [6ms]
2023-11-06 16:23:20.048 [info] > git status -z -uall [7ms]
2023-11-06 16:23:20.429 [info] > git show --textconv :window_manager.cpp [18ms]
2023-11-06 16:23:20.432 [info] > git ls-files --stage -- /home/orbii/git/flotise/window_manager.cpp [4ms]
2023-11-06 16:23:20.458 [info] > git cat-file -s 3a938c000b0c6a339bc27a3b5f49c5815e6b1c41 [7ms]
2023-11-06 16:23:25.128 [info] > git config --get commit.template [34ms]
2023-11-06 16:23:25.131 [info] > git for-each-ref --format=%(refname)%00%(upstream:short)%00%(objectname)%00%(upstream:track)%00%(upstream:remotename)%00%(upstream:remoteref) refs/heads/main refs/remotes/main [8ms]
2023-11-06 16:23:25.170 [info] > git status -z -uall [8ms]
2023-11-06 16:25:54.096 [info] > git show --textconv :window_manager.hpp [17ms]
2023-11-06 16:25:54.098 [info] > git ls-files --stage -- /home/orbii/git/flotise/window_manager.hpp [3ms]
2023-11-06 16:25:54.116 [info] > git cat-file -s 369c4253754bc4e6b5c80aee6662dd10be881389 [4ms]
2023-11-06 16:26:38.676 [info] > git config --get commit.template [19ms]
2023-11-06 16:26:38.677 [info] > git for-each-ref --format=%(refname)%00%(upstream:short)%00%(objectname)%00%(upstream:track)%00%(upstream:remotename)%00%(upstream:remoteref) refs/heads/main refs/remotes/main [4ms]
2023-11-06 16:26:38.704 [info] > git status -z -uall [9ms]
2023-11-06 16:26:38.871 [info] > git show --textconv :window_manager.cpp [26ms]
2023-11-06 16:26:38.874 [info] > git ls-files --stage -- /home/orbii/git/flotise/window_manager.cpp [4ms]
2023-11-06 16:26:38.895 [info] > git cat-file -s 3a938c000b0c6a339bc27a3b5f49c5815e6b1c41 [6ms]
2023-11-06 16:30:03.038 [info] > git show --textconv :window_manager.hpp [22ms]
2023-11-06 16:30:03.042 [info] > git ls-files --stage -- /home/orbii/git/flotise/window_manager.hpp [8ms]
2023-11-06 16:30:03.057 [info] > git cat-file -s 369c4253754bc4e6b5c80aee6662dd10be881389 [2ms]
2023-11-06 16:32:04.507 [info] > git show --textconv :window_manager.cpp [24ms]
2023-11-06 16:32:04.508 [info] > git ls-files --stage -- /home/orbii/git/flotise/window_manager.cpp [5ms]
2023-11-06 16:32:04.540 [info] > git cat-file -s 3a938c000b0c6a339bc27a3b5f49c5815e6b1c41 [16ms]
2023-11-06 16:32:05.229 [info] > git show --textconv :window_manager.hpp [28ms]
2023-11-06 16:32:05.234 [info] > git ls-files --stage -- /home/orbii/git/flotise/window_manager.hpp [7ms]
2023-11-06 16:32:05.263 [info] > git cat-file -s 369c4253754bc4e6b5c80aee6662dd10be881389 [7ms]
2023-11-06 16:32:13.662 [info] > git config --get commit.template [21ms]
2023-11-06 16:32:13.663 [info] > git for-each-ref --format=%(refname)%00%(upstream:short)%00%(objectname)%00%(upstream:track)%00%(upstream:remotename)%00%(upstream:remoteref) refs/heads/main refs/remotes/main [7ms]
2023-11-06 16:32:13.681 [info] > git status -z -uall [3ms]
2023-11-06 16:32:18.398 [info] > git show --textconv :window_manager.cpp [20ms]
2023-11-06 16:32:18.406 [info] > git ls-files --stage -- /home/orbii/git/flotise/window_manager.cpp [9ms]
2023-11-06 16:32:18.424 [info] > git cat-file -s 3a938c000b0c6a339bc27a3b5f49c5815e6b1c41 [4ms]
2023-11-06 16:32:18.725 [info] > git config --get commit.template [18ms]
2023-11-06 16:32:18.726 [info] > git for-each-ref --format=%(refname)%00%(upstream:short)%00%(objectname)%00%(upstream:track)%00%(upstream:remotename)%00%(upstream:remoteref) refs/heads/main refs/remotes/main [4ms]
2023-11-06 16:32:18.744 [info] > git status -z -uall [3ms]
2023-11-06 16:32:23.834 [info] > git config --get commit.template [35ms]
2023-11-06 16:32:23.835 [info] > git for-each-ref --format=%(refname)%00%(upstream:short)%00%(objectname)%00%(upstream:track)%00%(upstream:remotename)%00%(upstream:remoteref) refs/heads/main refs/remotes/main [4ms]
2023-11-06 16:32:23.852 [info] > git status -z -uall [3ms]
2023-11-06 16:35:26.939 [info] > git show --textconv :window_manager.hpp [22ms]
2023-11-06 16:35:26.943 [info] > git ls-files --stage -- /home/orbii/git/flotise/window_manager.hpp [9ms]
2023-11-06 16:35:26.973 [info] > git cat-file -s 369c4253754bc4e6b5c80aee6662dd10be881389 [9ms]
2023-11-06 16:35:32.142 [info] > git show --textconv :window_manager.cpp [28ms]
2023-11-06 16:35:32.146 [info] > git ls-files --stage -- /home/orbii/git/flotise/window_manager.cpp [6ms]
2023-11-06 16:35:32.179 [info] > git cat-file -s 3a938c000b0c6a339bc27a3b5f49c5815e6b1c41 [7ms]
2023-11-06 16:35:38.780 [info] > git show --textconv :window_manager.hpp [21ms]
2023-11-06 16:35:38.785 [info] > git ls-files --stage -- /home/orbii/git/flotise/window_manager.hpp [6ms]
2023-11-06 16:35:38.812 [info] > git cat-file -s 369c4253754bc4e6b5c80aee6662dd10be881389 [8ms]
2023-11-06 16:35:39.156 [info] > git config --get commit.template [17ms]
2023-11-06 16:35:39.158 [info] > git for-each-ref --format=%(refname)%00%(upstream:short)%00%(objectname)%00%(upstream:track)%00%(upstream:remotename)%00%(upstream:remoteref) refs/heads/main refs/remotes/main [4ms]
2023-11-06 16:35:39.179 [info] > git status -z -uall [6ms]
2023-11-06 16:36:06.255 [info] > git show --textconv :window_manager.cpp [19ms]
2023-11-06 16:36:06.262 [info] > git ls-files --stage -- /home/orbii/git/flotise/window_manager.cpp [7ms]
2023-11-06 16:36:06.279 [info] > git cat-file -s 3a938c000b0c6a339bc27a3b5f49c5815e6b1c41 [5ms]
2023-11-06 16:36:13.888 [info] > git show --textconv :window_manager.hpp [21ms]
2023-11-06 16:36:13.892 [info] > git ls-files --stage -- /home/orbii/git/flotise/window_manager.hpp [6ms]
2023-11-06 16:36:13.913 [info] > git cat-file -s 369c4253754bc4e6b5c80aee6662dd10be881389 [6ms]
2023-11-06 16:37:25.904 [info] > git config --get commit.template [4ms]
2023-11-06 16:37:25.923 [info] > git for-each-ref --format=%(refname)%00%(upstream:short)%00%(objectname)%00%(upstream:track)%00%(upstream:remotename)%00%(upstream:remoteref) refs/heads/main refs/remotes/main [3ms]
2023-11-06 16:37:25.944 [info] > git status -z -uall [3ms]
2023-11-06 16:37:26.423 [info] > git show --textconv :window_manager.cpp [58ms]
2023-11-06 16:37:26.433 [info] > git ls-files --stage -- /home/orbii/git/flotise/window_manager.cpp [12ms]
2023-11-06 16:37:26.457 [info] > git cat-file -s 3a938c000b0c6a339bc27a3b5f49c5815e6b1c41 [5ms]
2023-11-06 16:40:52.151 [info] > git config --get commit.template [20ms]
2023-11-06 16:40:52.152 [info] > git for-each-ref --format=%(refname)%00%(upstream:short)%00%(objectname)%00%(upstream:track)%00%(upstream:remotename)%00%(upstream:remoteref) refs/heads/main refs/remotes/main [4ms]
2023-11-06 16:40:52.174 [info] > git status -z -uall [4ms]
2023-11-06 16:41:11.941 [info] > git show --textconv :window_manager.hpp [20ms]
2023-11-06 16:41:11.944 [info] > git ls-files --stage -- /home/orbii/git/flotise/window_manager.hpp [5ms]
2023-11-06 16:41:11.963 [info] > git cat-file -s 369c4253754bc4e6b5c80aee6662dd10be881389 [3ms]
2023-11-06 16:41:16.751 [info] > git show --textconv :window_manager.cpp [27ms]
2023-11-06 16:41:16.757 [info] > git ls-files --stage -- /home/orbii/git/flotise/window_manager.cpp [8ms]
2023-11-06 16:41:16.791 [info] > git cat-file -s 3a938c000b0c6a339bc27a3b5f49c5815e6b1c41 [6ms]
2023-11-06 16:41:38.450 [info] > git show --textconv :window_manager.hpp [17ms]
2023-11-06 16:41:38.452 [info] > git ls-files --stage -- /home/orbii/git/flotise/window_manager.hpp [3ms]
2023-11-06 16:41:38.470 [info] > git cat-file -s 369c4253754bc4e6b5c80aee6662dd10be881389 [3ms]
2023-11-06 16:41:40.333 [info] > git show --textconv :window_manager.cpp [49ms]
2023-11-06 16:41:40.347 [info] > git ls-files --stage -- /home/orbii/git/flotise/window_manager.cpp [16ms]
2023-11-06 16:41:40.411 [info] > git cat-file -s 3a938c000b0c6a339bc27a3b5f49c5815e6b1c41 [18ms]
2023-11-06 16:42:23.067 [info] > git show --textconv :window_manager.hpp [60ms]
2023-11-06 16:42:23.072 [info] > git ls-files --stage -- /home/orbii/git/flotise/window_manager.hpp [8ms]
2023-11-06 16:42:23.137 [info] > git cat-file -s 369c4253754bc4e6b5c80aee6662dd10be881389 [13ms]
2023-11-06 16:42:46.060 [info] > git show --textconv :window_manager.cpp [17ms]
2023-11-06 16:42:46.062 [info] > git ls-files --stage -- /home/orbii/git/flotise/window_manager.cpp [4ms]
2023-11-06 16:42:46.079 [info] > git cat-file -s 3a938c000b0c6a339bc27a3b5f49c5815e6b1c41 [2ms]
2023-11-06 16:42:46.188 [info] > git config --get commit.template [2ms]
2023-11-06 16:42:46.208 [info] > git for-each-ref --format=%(refname)%00%(upstream:short)%00%(objectname)%00%(upstream:track)%00%(upstream:remotename)%00%(upstream:remoteref) refs/heads/main refs/remotes/main [3ms]
2023-11-06 16:42:46.227 [info] > git status -z -uall [3ms]
2023-11-06 16:43:04.323 [info] > git config --get commit.template [25ms]
2023-11-06 16:43:04.324 [info] > git for-each-ref --format=%(refname)%00%(upstream:short)%00%(objectname)%00%(upstream:track)%00%(upstream:remotename)%00%(upstream:remoteref) refs/heads/main refs/remotes/main [5ms]
2023-11-06 16:43:04.345 [info] > git status -z -uall [4ms]
2023-11-06 16:45:52.612 [info] > git show --textconv :window_manager.hpp [16ms]
2023-11-06 16:45:52.615 [info] > git ls-files --stage -- /home/orbii/git/flotise/window_manager.hpp [4ms]
2023-11-06 16:45:52.631 [info] > git cat-file -s 369c4253754bc4e6b5c80aee6662dd10be881389 [3ms]
2023-11-06 16:45:58.441 [info] > git show --textconv :window_manager.cpp [30ms]
2023-11-06 16:45:58.447 [info] > git ls-files --stage -- /home/orbii/git/flotise/window_manager.cpp [7ms]
2023-11-06 16:45:58.486 [info] > git cat-file -s 3a938c000b0c6a339bc27a3b5f49c5815e6b1c41 [7ms]
2023-11-06 16:46:13.594 [info] > git show --textconv :window_manager.hpp [22ms]
2023-11-06 16:46:13.597 [info] > git ls-files --stage -- /home/orbii/git/flotise/window_manager.hpp [5ms]
2023-11-06 16:46:13.620 [info] > git cat-file -s 369c4253754bc4e6b5c80aee6662dd10be881389 [5ms]
2023-11-06 16:46:16.587 [info] > git show --textconv :window_manager.cpp [37ms]
2023-11-06 16:46:16.597 [info] > git ls-files --stage -- /home/orbii/git/flotise/window_manager.cpp [11ms]
2023-11-06 16:46:16.618 [info] > git cat-file -s 3a938c000b0c6a339bc27a3b5f49c5815e6b1c41 [4ms]
2023-11-06 16:46:28.152 [info] > git config --get commit.template [14ms]
2023-11-06 16:46:28.197 [info] > git for-each-ref --format=%(refname)%00%(upstream:short)%00%(objectname)%00%(upstream:track)%00%(upstream:remotename)%00%(upstream:remoteref) refs/heads/main refs/remotes/main [9ms]
2023-11-06 16:46:28.255 [info] > git status -z -uall [12ms]
2023-11-06 16:46:51.030 [info] > git show --textconv :window_manager.hpp [18ms]
2023-11-06 16:46:51.032 [info] > git ls-files --stage -- /home/orbii/git/flotise/window_manager.hpp [3ms]
2023-11-06 16:46:51.050 [info] > git cat-file -s 369c4253754bc4e6b5c80aee6662dd10be881389 [3ms]
2023-11-06 16:47:15.856 [info] > git config --get commit.template [2ms]
2023-11-06 16:47:15.886 [info] > git for-each-ref --format=%(refname)%00%(upstream:short)%00%(objectname)%00%(upstream:track)%00%(upstream:remotename)%00%(upstream:remoteref) refs/heads/main refs/remotes/main [9ms]
2023-11-06 16:47:15.921 [info] > git status -z -uall [9ms]
2023-11-06 16:47:16.374 [info] > git show --textconv :window_manager.cpp [18ms]
2023-11-06 16:47:16.376 [info] > git ls-files --stage -- /home/orbii/git/flotise/window_manager.cpp [4ms]
2023-11-06 16:47:16.395 [info] > git cat-file -s 3a938c000b0c6a339bc27a3b5f49c5815e6b1c41 [3ms]
2023-11-06 16:53:23.440 [info] > git config --get commit.template [21ms]
2023-11-06 16:53:23.442 [info] > git for-each-ref --format=%(refname)%00%(upstream:short)%00%(objectname)%00%(upstream:track)%00%(upstream:remotename)%00%(upstream:remoteref) refs/heads/main refs/remotes/main [3ms]
2023-11-06 16:53:23.465 [info] > git status -z -uall [6ms]
2023-11-09 13:54:17.824 [info] > git config --get commit.template [20ms]
2023-11-09 13:54:17.826 [info] > git for-each-ref --format=%(refname)%00%(upstream:short)%00%(objectname)%00%(upstream:track)%00%(upstream:remotename)%00%(upstream:remoteref) refs/heads/main refs/remotes/main [4ms]
2023-11-09 13:54:17.848 [info] > git status -z -uall [5ms]
2023-11-09 13:54:24.663 [info] > git config --get commit.template [29ms]
2023-11-09 13:54:24.665 [info] > git for-each-ref --format=%(refname)%00%(upstream:short)%00%(objectname)%00%(upstream:track)%00%(upstream:remotename)%00%(upstream:remoteref) refs/heads/main refs/remotes/main [6ms]
2023-11-09 13:54:24.711 [info] > git status -z -uall [11ms]
2023-11-09 14:05:44.765 [info] > git config --get commit.template [3ms]
2023-11-09 14:05:44.819 [info] > git for-each-ref --format=%(refname)%00%(upstream:short)%00%(objectname)%00%(upstream:track)%00%(upstream:remotename)%00%(upstream:remoteref) refs/heads/main refs/remotes/main [4ms]
2023-11-09 14:05:44.843 [info] > git status -z -uall [5ms]
2023-11-09 14:05:53.355 [info] > git for-each-ref --format=%(refname)%00%(upstream:short)%00%(objectname)%00%(upstream:track)%00%(upstream:remotename)%00%(upstream:remoteref) refs/heads/main refs/remotes/main [3ms]
2023-11-09 14:05:53.356 [info] > git config --get commit.template [28ms]
2023-11-09 14:05:53.381 [info] > git status -z -uall [5ms]
2023-11-09 14:06:06.735 [info] > git config --get commit.template [21ms]
2023-11-09 14:06:06.738 [info] > git for-each-ref --format=%(refname)%00%(upstream:short)%00%(objectname)%00%(upstream:track)%00%(upstream:remotename)%00%(upstream:remoteref) refs/heads/main refs/remotes/main [5ms]
2023-11-09 14:06:06.758 [info] > git status -z -uall [2ms]
2023-11-09 14:06:16.614 [info] > git config --get commit.template [19ms]
2023-11-09 14:06:16.620 [info] > git for-each-ref --format=%(refname)%00%(upstream:short)%00%(objectname)%00%(upstream:track)%00%(upstream:remotename)%00%(upstream:remoteref) refs/heads/main refs/remotes/main [7ms]
2023-11-09 14:06:16.638 [info] > git status -z -uall [5ms]
2023-11-09 14:06:21.685 [info] > git config --get commit.template [23ms]
2023-11-09 14:06:21.686 [info] > git for-each-ref --format=%(refname)%00%(upstream:short)%00%(objectname)%00%(upstream:track)%00%(upstream:remotename)%00%(upstream:remoteref) refs/heads/main refs/remotes/main [3ms]
2023-11-09 14:06:21.705 [info] > git status -z -uall [4ms]
2023-11-09 14:06:36.593 [info] > git config --get commit.template [14ms]
2023-11-09 14:06:36.595 [info] > git for-each-ref --format=%(refname)%00%(upstream:short)%00%(objectname)%00%(upstream:track)%00%(upstream:remotename)%00%(upstream:remoteref) refs/heads/main refs/remotes/main [3ms]
2023-11-09 14:06:36.611 [info] > git status -z -uall [3ms]
2023-11-09 14:06:44.890 [info] > git config --get commit.template [13ms]
2023-11-09 14:06:44.892 [info] > git for-each-ref --format=%(refname)%00%(upstream:short)%00%(objectname)%00%(upstream:track)%00%(upstream:remotename)%00%(upstream:remoteref) refs/heads/main refs/remotes/main [2ms]
2023-11-09 14:06:44.907 [info] > git status -z -uall [3ms]
2023-11-09 14:10:05.035 [info] > git show --textconv :window_manager.hpp [48ms]
2023-11-09 14:10:05.038 [info] > git ls-files --stage -- /home/orbii/git/flotise/window_manager.hpp [4ms]
2023-11-09 14:10:05.076 [info] > git cat-file -s 369c4253754bc4e6b5c80aee6662dd10be881389 [20ms]
2023-11-09 14:10:22.754 [info] > git config --get commit.template [6ms]
2023-11-09 14:10:22.798 [info] > git for-each-ref --format=%(refname)%00%(upstream:short)%00%(objectname)%00%(upstream:track)%00%(upstream:remotename)%00%(upstream:remoteref) refs/heads/main refs/remotes/main [15ms]
2023-11-09 14:10:22.838 [info] > git status -z -uall [10ms]
2023-11-09 14:10:22.960 [info] > git show --textconv :window_manager.cpp [41ms]
2023-11-09 14:10:22.961 [info] > git ls-files --stage -- /home/orbii/git/flotise/window_manager.cpp [12ms]
2023-11-09 14:10:23.017 [info] > git cat-file -s 3a938c000b0c6a339bc27a3b5f49c5815e6b1c41 [12ms]
2023-11-09 14:10:49.565 [info] > git config --get commit.template [13ms]
2023-11-09 14:10:49.566 [info] > git for-each-ref --format=%(refname)%00%(upstream:short)%00%(objectname)%00%(upstream:track)%00%(upstream:remotename)%00%(upstream:remoteref) refs/heads/main refs/remotes/main [3ms]
2023-11-09 14:10:49.579 [info] > git status -z -uall [3ms]
2023-11-10 16:02:35.074 [info] > git config --get commit.template [17ms]
2023-11-10 16:02:35.076 [info] > git for-each-ref --format=%(refname)%00%(upstream:short)%00%(objectname)%00%(upstream:track)%00%(upstream:remotename)%00%(upstream:remoteref) refs/heads/main refs/remotes/main [3ms]
2023-11-10 16:02:35.095 [info] > git status -z -uall [3ms]
2023-11-10 16:02:53.242 [info] > git show --textconv :window_manager.hpp [17ms]
2023-11-10 16:02:53.244 [info] > git ls-files --stage -- /home/orbii/git/flotise/window_manager.hpp [3ms]
2023-11-10 16:02:53.261 [info] > git cat-file -s 369c4253754bc4e6b5c80aee6662dd10be881389 [2ms]
2023-11-10 16:03:00.174 [info] > git config --get commit.template [7ms]
2023-11-10 16:03:00.221 [info] > git for-each-ref --format=%(refname)%00%(upstream:short)%00%(objectname)%00%(upstream:track)%00%(upstream:remotename)%00%(upstream:remoteref) refs/heads/main refs/remotes/main [23ms]
2023-11-10 16:03:00.254 [info] > git status -z -uall [8ms]
2023-11-10 16:03:00.648 [info] > git show --textconv :window_manager.cpp [24ms]
2023-11-10 16:03:00.652 [info] > git ls-files --stage -- /home/orbii/git/flotise/window_manager.cpp [5ms]
2023-11-10 16:03:00.675 [info] > git cat-file -s 3a938c000b0c6a339bc27a3b5f49c5815e6b1c41 [5ms]
2023-11-10 16:03:05.767 [info] > git config --get commit.template [26ms]
2023-11-10 16:03:05.770 [info] > git for-each-ref --format=%(refname)%00%(upstream:short)%00%(objectname)%00%(upstream:track)%00%(upstream:remotename)%00%(upstream:remoteref) refs/heads/main refs/remotes/main [5ms]
2023-11-10 16:03:05.798 [info] > git status -z -uall [6ms]
2023-11-10 16:05:41.232 [info] > git check-ignore -v -z --stdin [12ms]
2023-11-10 16:05:43.154 [info] > git add -A -- /home/orbii/git/flotise/flotise [43ms]
2023-11-10 16:05:43.208 [info] > git config --get commit.template [24ms]
2023-11-10 16:05:43.208 [info] > git for-each-ref --format=%(refname)%00%(upstream:short)%00%(objectname)%00%(upstream:track)%00%(upstream:remotename)%00%(upstream:remoteref) refs/heads/main refs/remotes/main [5ms]
2023-11-10 16:05:43.230 [info] > git status -z -uall [5ms]
2023-11-10 16:05:44.382 [info] > git config --get commit.template [52ms]
2023-11-10 16:05:44.392 [info] > git for-each-ref --format=%(refname)%00%(upstream:short)%00%(objectname)%00%(upstream:track)%00%(upstream:remotename)%00%(upstream:remoteref) refs/heads/main refs/remotes/main [15ms]
2023-11-10 16:05:44.481 [info] > git status -z -uall [50ms]
2023-11-10 16:05:44.505 [info] > git ls-files --stage -- /home/orbii/git/flotise/window_manager.cpp [27ms]
2023-11-10 16:05:44.559 [info] > git cat-file -s 3a938c000b0c6a339bc27a3b5f49c5815e6b1c41 [11ms]
2023-11-10 16:05:44.627 [info] > git show --textconv :window_manager.cpp [16ms]
2023-11-10 16:05:46.462 [info] > git branch [8ms]
2023-11-10 16:05:46.498 [info] > git reset -q HEAD -- /home/orbii/git/flotise/flotise [8ms]
2023-11-10 16:05:46.565 [info] > git config --get commit.template [33ms]
2023-11-10 16:05:46.568 [info] > git for-each-ref --format=%(refname)%00%(upstream:short)%00%(objectname)%00%(upstream:track)%00%(upstream:remotename)%00%(upstream:remoteref) refs/heads/main refs/remotes/main [8ms]
2023-11-10 16:05:46.606 [info] > git status -z -uall [11ms]
2023-11-10 16:05:47.752 [info] > git ls-files --stage -- /home/orbii/git/flotise/window_manager.cpp [7ms]
2023-11-10 16:05:47.788 [info] > git cat-file -s 3a938c000b0c6a339bc27a3b5f49c5815e6b1c41 [6ms]
2023-11-10 16:05:47.835 [info] > git show --textconv :window_manager.cpp [10ms]
2023-11-10 16:05:48.178 [info] > git add -A -- /home/orbii/git/flotise/main.o [13ms]
2023-11-10 16:05:48.265 [info] > git config --get commit.template [46ms]
2023-11-10 16:05:48.267 [info] > git for-each-ref --format=%(refname)%00%(upstream:short)%00%(objectname)%00%(upstream:track)%00%(upstream:remotename)%00%(upstream:remoteref) refs/heads/main refs/remotes/main [10ms]
2023-11-10 16:05:48.314 [info] > git status -z -uall [11ms]
2023-11-10 16:05:49.415 [info] > git ls-files --stage -- /home/orbii/git/flotise/window_manager.cpp [9ms]
2023-11-10 16:05:49.458 [info] > git cat-file -s 3a938c000b0c6a339bc27a3b5f49c5815e6b1c41 [9ms]
2023-11-10 16:05:49.513 [info] > git show --textconv :window_manager.cpp [9ms]
2023-11-10 16:05:49.858 [info] > git add -A -- /home/orbii/git/flotise/window_manager.cpp [11ms]
2023-11-10 16:05:49.921 [info] > git config --get commit.template [29ms]
2023-11-10 16:05:49.924 [info] > git for-each-ref --format=%(refname)%00%(upstream:short)%00%(objectname)%00%(upstream:track)%00%(upstream:remotename)%00%(upstream:remoteref) refs/heads/main refs/remotes/main [6ms]
2023-11-10 16:05:49.960 [info] > git status -z -uall [9ms]
2023-11-10 16:05:51.114 [info] > git ls-files --stage -- /home/orbii/git/flotise/window_manager.cpp [9ms]
2023-11-10 16:05:51.160 [info] > git cat-file -s 94cb108b8dc709cdec941b2514ac8a799ebb0447 [9ms]
2023-11-10 16:05:51.212 [info] > git show --textconv :window_manager.cpp [9ms]
2023-11-10 16:05:53.533 [info] > git branch [9ms]
2023-11-10 16:05:53.580 [info] > git reset -q HEAD -- /home/orbii/git/flotise/main.o [11ms]
2023-11-10 16:05:53.618 [info] > git config --get commit.template [16ms]
2023-11-10 16:05:53.620 [info] > git for-each-ref --format=%(refname)%00%(upstream:short)%00%(objectname)%00%(upstream:track)%00%(upstream:remotename)%00%(upstream:remoteref) refs/heads/main refs/remotes/main [3ms]
2023-11-10 16:05:53.639 [info] > git status -z -uall [4ms]
2023-11-10 16:05:54.709 [info] > git config --get commit.template [16ms]
2023-11-10 16:05:54.775 [info] > git for-each-ref --format=%(refname)%00%(upstream:short)%00%(objectname)%00%(upstream:track)%00%(upstream:remotename)%00%(upstream:remoteref) refs/heads/main refs/remotes/main [15ms]
2023-11-10 16:05:54.910 [info] > git status -z -uall [74ms]
2023-11-10 16:05:54.928 [info] > git ls-files --stage -- /home/orbii/git/flotise/window_manager.cpp [22ms]
2023-11-10 16:05:54.997 [info] > git cat-file -s 94cb108b8dc709cdec941b2514ac8a799ebb0447 [15ms]
2023-11-10 16:05:55.104 [info] > git show --textconv :window_manager.cpp [16ms]
2023-11-10 16:05:55.303 [info] > git add -A -- /home/orbii/git/flotise/window_manager.hpp [11ms]
2023-11-10 16:05:55.345 [info] > git config --get commit.template [7ms]
2023-11-10 16:05:55.389 [info] > git for-each-ref --format=%(refname)%00%(upstream:short)%00%(objectname)%00%(upstream:track)%00%(upstream:remotename)%00%(upstream:remoteref) refs/heads/main refs/remotes/main [9ms]
2023-11-10 16:05:55.429 [info] > git status -z -uall [8ms]
2023-11-10 16:05:56.530 [info] > git ls-files --stage -- /home/orbii/git/flotise/window_manager.cpp [6ms]
2023-11-10 16:05:56.562 [info] > git cat-file -s 94cb108b8dc709cdec941b2514ac8a799ebb0447 [6ms]
2023-11-10 16:05:56.604 [info] > git show --textconv :window_manager.cpp [8ms]
2023-11-10 16:07:10.627 [info] > git -c user.useConfigOnly=true commit --quiet --allow-empty-message --file - [12ms]
2023-11-10 16:07:10.647 [info] > git config --get commit.template [3ms]
2023-11-10 16:07:10.668 [info] > git config --get commit.template [4ms]
2023-11-10 16:07:10.687 [info] > git for-each-ref --format=%(refname)%00%(upstream:short)%00%(objectname)%00%(upstream:track)%00%(upstream:remotename)%00%(upstream:remoteref) refs/heads/main refs/remotes/main [4ms]
2023-11-10 16:07:10.710 [info] > git status -z -uall [8ms]
2023-11-10 16:07:10.956 [info] > git config --get commit.template [22ms]
2023-11-10 16:07:10.963 [info] > git for-each-ref --format=%(refname)%00%(upstream:short)%00%(objectname)%00%(upstream:track)%00%(upstream:remotename)%00%(upstream:remoteref) refs/heads/main refs/remotes/main [8ms]
2023-11-10 16:07:10.988 [info] > git status -z -uall [6ms]
2023-11-10 16:07:11.882 [info] > git ls-files --stage -- /home/orbii/git/flotise/window_manager.cpp [7ms]
2023-11-10 16:07:11.916 [info] > git cat-file -s 94cb108b8dc709cdec941b2514ac8a799ebb0447 [4ms]
2023-11-10 16:07:11.965 [info] > git show --textconv :window_manager.cpp [11ms]
2023-11-10 16:07:16.343 [info] > git log --oneline --cherry main...main@{upstream} -- [17ms]
2023-11-10 16:07:17.665 [info] > git ls-files --stage -- /home/orbii/git/flotise/window_manager.cpp [5ms]
2023-11-10 16:07:17.687 [info] > git cat-file -s 94cb108b8dc709cdec941b2514ac8a799ebb0447 [2ms]
2023-11-10 16:07:17.708 [info] > git show --textconv :window_manager.cpp [3ms]
2023-11-10 16:07:18.932 [info] > git pull --tags origin main [2528ms]
2023-11-10 16:07:18.932 [info] /bin/sh: warning: setlocale: LC_ALL: cannot change locale (en_US.UTF-8)
/bin/sh: warning: setlocale: LC_ALL: cannot change locale (en_US.UTF-8)
From https://github.com/0rbiidev/flotise
 * branch            main       -> FETCH_HEAD
2023-11-10 16:07:20.177 [info] > git ls-files --stage -- /home/orbii/git/flotise/window_manager.cpp [3ms]
2023-11-10 16:07:20.194 [info] > git cat-file -s 94cb108b8dc709cdec941b2514ac8a799ebb0447 [5ms]
2023-11-10 16:07:20.213 [info] > git show --textconv :window_manager.cpp [3ms]
2023-11-10 16:07:21.060 [info] > git push origin main:main [2102ms]
2023-11-10 16:07:21.060 [info] /bin/sh: warning: setlocale: LC_ALL: cannot change locale (en_US.UTF-8)
/bin/sh: warning: setlocale: LC_ALL: cannot change locale (en_US.UTF-8)
To https://github.com/0rbiidev/flotise.git
   4e4998a..3bf3aa3  main -> main
2023-11-10 16:07:21.156 [info] > git for-each-ref --format=%(refname)%00%(upstream:short)%00%(objectname)%00%(upstream:track)%00%(upstream:remotename)%00%(upstream:remoteref) refs/heads/main refs/remotes/main [11ms]
2023-11-10 16:07:21.157 [info] > git config --get commit.template [57ms]
2023-11-10 16:07:21.211 [info] > git status -z -uall [14ms]
2023-11-10 16:07:22.362 [info] > git ls-files --stage -- /home/orbii/git/flotise/window_manager.cpp [9ms]
2023-11-10 16:07:22.417 [info] > git cat-file -s 94cb108b8dc709cdec941b2514ac8a799ebb0447 [7ms]
2023-11-10 16:07:22.471 [info] > git show --textconv :window_manager.cpp [10ms]
2023-11-10 16:12:53.191 [info] > git show --textconv :window_manager.cpp [25ms]
2023-11-10 16:12:53.195 [info] > git ls-files --stage -- /home/orbii/git/flotise/window_manager.cpp [7ms]
2023-11-10 16:12:53.214 [info] > git cat-file -s 94cb108b8dc709cdec941b2514ac8a799ebb0447 [5ms]
2023-11-10 16:12:57.630 [info] > git show --textconv :window_manager.cpp [18ms]
2023-11-10 16:12:57.632 [info] > git ls-files --stage -- /home/orbii/git/flotise/window_manager.cpp [3ms]
2023-11-10 16:12:57.649 [info] > git cat-file -s 94cb108b8dc709cdec941b2514ac8a799ebb0447 [3ms]
2023-11-10 16:13:01.288 [info] > git show --textconv :window_manager.cpp [18ms]
2023-11-10 16:13:01.291 [info] > git ls-files --stage -- /home/orbii/git/flotise/window_manager.cpp [3ms]
2023-11-10 16:13:01.308 [info] > git cat-file -s 94cb108b8dc709cdec941b2514ac8a799ebb0447 [3ms]
2023-11-10 16:13:06.279 [info] > git show --textconv :window_manager.cpp [19ms]
2023-11-10 16:13:06.281 [info] > git ls-files --stage -- /home/orbii/git/flotise/window_manager.cpp [3ms]
2023-11-10 16:13:06.300 [info] > git cat-file -s 94cb108b8dc709cdec941b2514ac8a799ebb0447 [4ms]
2023-11-10 16:13:12.462 [info] > git show --textconv :window_manager.cpp [40ms]
2023-11-10 16:13:12.469 [info] > git ls-files --stage -- /home/orbii/git/flotise/window_manager.cpp [10ms]
2023-11-10 16:13:12.505 [info] > git cat-file -s 94cb108b8dc709cdec941b2514ac8a799ebb0447 [7ms]
2023-11-10 16:14:35.363 [info] > git show --textconv :window_manager.cpp [17ms]
2023-11-10 16:14:35.366 [info] > git ls-files --stage -- /home/orbii/git/flotise/window_manager.cpp [4ms]
2023-11-10 16:14:35.385 [info] > git cat-file -s 94cb108b8dc709cdec941b2514ac8a799ebb0447 [4ms]
2023-11-10 16:19:00.045 [info] > git show --textconv :window_manager.hpp [42ms]
2023-11-10 16:19:00.054 [info] > git ls-files --stage -- /home/orbii/git/flotise/window_manager.hpp [11ms]
2023-11-10 16:19:00.098 [info] > git cat-file -s 05052bca38ddc344e6ca613c59fbaed491097af6 [9ms]
2023-11-10 16:19:02.279 [info] > git show --textconv :window_manager.cpp [23ms]
2023-11-10 16:19:02.288 [info] > git ls-files --stage -- /home/orbii/git/flotise/window_manager.cpp [11ms]
2023-11-10 16:19:02.312 [info] > git cat-file -s 94cb108b8dc709cdec941b2514ac8a799ebb0447 [6ms]
2023-11-10 16:24:21.782 [info] > git config --get commit.template [2ms]
2023-11-10 16:24:21.802 [info] > git for-each-ref --format=%(refname)%00%(upstream:short)%00%(objectname)%00%(upstream:track)%00%(upstream:remotename)%00%(upstream:remoteref) refs/heads/main refs/remotes/main [3ms]
2023-11-10 16:24:21.821 [info] > git status -z -uall [4ms]
2023-11-10 16:24:38.020 [info] > git config --get commit.template [27ms]
2023-11-10 16:24:38.023 [info] > git for-each-ref --format=%(refname)%00%(upstream:short)%00%(objectname)%00%(upstream:track)%00%(upstream:remotename)%00%(upstream:remoteref) refs/heads/main refs/remotes/main [7ms]
2023-11-10 16:24:38.052 [info] > git status -z -uall [7ms]
2023-11-10 16:25:58.836 [info] > git config --get commit.template [12ms]
2023-11-10 16:25:58.837 [info] > git for-each-ref --format=%(refname)%00%(upstream:short)%00%(objectname)%00%(upstream:track)%00%(upstream:remotename)%00%(upstream:remoteref) refs/heads/main refs/remotes/main [2ms]
2023-11-10 16:25:58.851 [info] > git status -z -uall [2ms]
2023-11-10 16:33:44.791 [info] > git config --get commit.template [15ms]
2023-11-10 16:33:44.792 [info] > git for-each-ref --format=%(refname)%00%(upstream:short)%00%(objectname)%00%(upstream:track)%00%(upstream:remotename)%00%(upstream:remoteref) refs/heads/main refs/remotes/main [4ms]
2023-11-10 16:33:44.809 [info] > git status -z -uall [5ms]
2023-11-13 15:08:31.449 [info] > git config --get commit.template [49ms]
2023-11-13 15:08:31.462 [info] > git for-each-ref --format=%(refname)%00%(upstream:short)%00%(objectname)%00%(upstream:track)%00%(upstream:remotename)%00%(upstream:remoteref) refs/heads/main refs/remotes/main [16ms]
2023-11-13 15:08:31.509 [info] > git status -z -uall [10ms]
2023-11-14 12:00:43.566 [info] > git show --textconv :window_manager.cpp [21ms]
2023-11-14 12:00:43.570 [info] > git ls-files --stage -- /home/orbii/git/flotise/window_manager.cpp [6ms]
2023-11-14 12:00:43.593 [info] > git cat-file -s 94cb108b8dc709cdec941b2514ac8a799ebb0447 [6ms]
2023-11-14 12:00:44.109 [info] > git show --textconv :window_manager.hpp [25ms]
2023-11-14 12:00:44.115 [info] > git ls-files --stage -- /home/orbii/git/flotise/window_manager.hpp [8ms]
2023-11-14 12:00:44.162 [info] > git cat-file -s 05052bca38ddc344e6ca613c59fbaed491097af6 [13ms]
2023-11-14 12:02:41.395 [info] > git show --textconv :window_manager.cpp [60ms]
2023-11-14 12:02:41.396 [info] > git ls-files --stage -- /home/orbii/git/flotise/window_manager.cpp [10ms]
2023-11-14 12:02:41.439 [info] > git cat-file -s 94cb108b8dc709cdec941b2514ac8a799ebb0447 [11ms]
2023-11-14 12:02:44.517 [info] > git show --textconv :window_manager.hpp [46ms]
2023-11-14 12:02:44.525 [info] > git ls-files --stage -- /home/orbii/git/flotise/window_manager.hpp [11ms]
2023-11-14 12:02:44.572 [info] > git cat-file -s 05052bca38ddc344e6ca613c59fbaed491097af6 [10ms]
2023-11-14 12:02:48.542 [info] > git show --textconv :window_manager.cpp [20ms]
2023-11-14 12:02:48.547 [info] > git ls-files --stage -- /home/orbii/git/flotise/window_manager.cpp [7ms]
2023-11-14 12:02:48.566 [info] > git cat-file -s 94cb108b8dc709cdec941b2514ac8a799ebb0447 [6ms]
2023-11-14 12:02:49.240 [info] > git show --textconv :window_manager.hpp [21ms]
2023-11-14 12:02:49.247 [info] > git ls-files --stage -- /home/orbii/git/flotise/window_manager.hpp [9ms]
2023-11-14 12:02:49.268 [info] > git cat-file -s 05052bca38ddc344e6ca613c59fbaed491097af6 [5ms]
2023-11-14 12:02:51.016 [info] > git show --textconv :window_manager.cpp [36ms]
2023-11-14 12:02:51.020 [info] > git ls-files --stage -- /home/orbii/git/flotise/window_manager.cpp [7ms]
2023-11-14 12:02:51.046 [info] > git cat-file -s 94cb108b8dc709cdec941b2514ac8a799ebb0447 [7ms]
2023-11-16 12:50:48.398 [info] > git show --textconv :window_manager.hpp [52ms]
2023-11-16 12:50:48.405 [info] > git ls-files --stage -- /home/orbii/git/flotise/window_manager.hpp [8ms]
2023-11-16 12:50:48.429 [info] > git cat-file -s 05052bca38ddc344e6ca613c59fbaed491097af6 [4ms]
2023-11-16 12:50:49.074 [info] > git show --textconv :window_manager.cpp [21ms]
2023-11-16 12:50:49.076 [info] > git ls-files --stage -- /home/orbii/git/flotise/window_manager.cpp [4ms]
2023-11-16 12:50:49.100 [info] > git cat-file -s 94cb108b8dc709cdec941b2514ac8a799ebb0447 [5ms]
2023-11-16 12:50:49.932 [info] > git show --textconv :window_manager.hpp [22ms]
2023-11-16 12:50:49.934 [info] > git ls-files --stage -- /home/orbii/git/flotise/window_manager.hpp [4ms]
2023-11-16 12:50:49.955 [info] > git cat-file -s 05052bca38ddc344e6ca613c59fbaed491097af6 [3ms]
2023-11-16 12:51:01.588 [info] > git config --get commit.template [8ms]
2023-11-16 12:51:01.635 [info] > git for-each-ref --format=%(refname)%00%(upstream:short)%00%(objectname)%00%(upstream:track)%00%(upstream:remotename)%00%(upstream:remoteref) refs/heads/main refs/remotes/main [13ms]
2023-11-16 12:51:01.689 [info] > git status -z -uall [13ms]
2023-11-16 12:51:06.039 [info] > git show --textconv :window_manager.cpp [18ms]
2023-11-16 12:51:06.043 [info] > git ls-files --stage -- /home/orbii/git/flotise/window_manager.cpp [3ms]
2023-11-16 12:51:06.061 [info] > git cat-file -s 94cb108b8dc709cdec941b2514ac8a799ebb0447 [3ms]
2023-11-16 12:52:35.643 [info] > git show --textconv :Makefile [17ms]
2023-11-16 12:52:35.645 [info] > git ls-files --stage -- /home/orbii/git/flotise/Makefile [3ms]
2023-11-16 12:52:35.665 [info] > git cat-file -s 12197e65ec3e0153812c6c5ab2d3c285f594a00b [6ms]
2023-11-16 12:53:07.897 [info] > git show --textconv :window_manager.cpp [70ms]
2023-11-16 12:53:07.906 [info] > git ls-files --stage -- /home/orbii/git/flotise/window_manager.cpp [21ms]
2023-11-16 12:53:08.003 [info] > git cat-file -s 94cb108b8dc709cdec941b2514ac8a799ebb0447 [30ms]
2023-11-16 12:53:09.820 [info] > git show --textconv :Makefile [47ms]
2023-11-16 12:53:09.828 [info] > git ls-files --stage -- /home/orbii/git/flotise/Makefile [12ms]
2023-11-16 12:53:09.878 [info] > git cat-file -s 12197e65ec3e0153812c6c5ab2d3c285f594a00b [10ms]
2023-11-16 12:53:11.082 [info] > git show --textconv :window_manager.cpp [37ms]
2023-11-16 12:53:11.083 [info] > git ls-files --stage -- /home/orbii/git/flotise/window_manager.cpp [4ms]
2023-11-16 12:53:11.110 [info] > git cat-file -s 94cb108b8dc709cdec941b2514ac8a799ebb0447 [4ms]
2023-11-16 12:53:12.529 [info] > git show --textconv :Makefile [49ms]
2023-11-16 12:53:12.539 [info] > git ls-files --stage -- /home/orbii/git/flotise/Makefile [13ms]
2023-11-16 12:53:12.584 [info] > git cat-file -s 12197e65ec3e0153812c6c5ab2d3c285f594a00b [8ms]
2023-11-16 12:53:27.244 [info] > git config --get commit.template [74ms]
2023-11-16 12:53:27.248 [info] > git for-each-ref --format=%(refname)%00%(upstream:short)%00%(objectname)%00%(upstream:track)%00%(upstream:remotename)%00%(upstream:remoteref) refs/heads/main refs/remotes/main [15ms]
2023-11-16 12:53:27.332 [info] > git status -z -uall [17ms]
2023-11-16 12:53:28.242 [info] > git show --textconv :window_manager.cpp [24ms]
2023-11-16 12:53:28.250 [info] > git ls-files --stage -- /home/orbii/git/flotise/window_manager.cpp [8ms]
2023-11-16 12:53:28.308 [info] > git cat-file -s 94cb108b8dc709cdec941b2514ac8a799ebb0447 [38ms]
2023-11-16 12:53:31.169 [info] > git show --textconv :window_manager.hpp [49ms]
2023-11-16 12:53:31.170 [info] > git ls-files --stage -- /home/orbii/git/flotise/window_manager.hpp [2ms]
2023-11-16 12:53:31.226 [info] > git cat-file -s 05052bca38ddc344e6ca613c59fbaed491097af6 [26ms]
2023-11-16 12:53:32.383 [info] > git config --get commit.template [4ms]
2023-11-16 12:53:32.403 [info] > git for-each-ref --format=%(refname)%00%(upstream:short)%00%(objectname)%00%(upstream:track)%00%(upstream:remotename)%00%(upstream:remoteref) refs/heads/main refs/remotes/main [4ms]
2023-11-16 12:53:32.427 [info] > git status -z -uall [4ms]
2023-11-16 12:53:32.812 [info] > git show --textconv :window_manager.cpp [37ms]
2023-11-16 12:53:32.822 [info] > git ls-files --stage -- /home/orbii/git/flotise/window_manager.cpp [12ms]
2023-11-16 12:53:32.866 [info] > git cat-file -s 94cb108b8dc709cdec941b2514ac8a799ebb0447 [13ms]
2023-11-16 12:54:01.937 [info] > git show --textconv :window_manager.hpp [18ms]
2023-11-16 12:54:01.939 [info] > git ls-files --stage -- /home/orbii/git/flotise/window_manager.hpp [4ms]
2023-11-16 12:54:01.958 [info] > git cat-file -s 05052bca38ddc344e6ca613c59fbaed491097af6 [3ms]
2023-11-16 12:54:03.347 [info] > git show --textconv :window_manager.cpp [38ms]
2023-11-16 12:54:03.351 [info] > git ls-files --stage -- /home/orbii/git/flotise/window_manager.cpp [7ms]
2023-11-16 12:54:03.394 [info] > git cat-file -s 94cb108b8dc709cdec941b2514ac8a799ebb0447 [9ms]
2023-11-16 12:54:04.316 [info] > git show --textconv :Makefile [31ms]
2023-11-16 12:54:04.321 [info] > git ls-files --stage -- /home/orbii/git/flotise/Makefile [7ms]
2023-11-16 12:54:04.355 [info] > git cat-file -s 12197e65ec3e0153812c6c5ab2d3c285f594a00b [7ms]
2023-11-16 12:54:58.702 [info] > git show --textconv :window_manager.cpp [21ms]
2023-11-16 12:54:58.708 [info] > git ls-files --stage -- /home/orbii/git/flotise/window_manager.cpp [6ms]
2023-11-16 12:54:58.728 [info] > git cat-file -s 94cb108b8dc709cdec941b2514ac8a799ebb0447 [5ms]
2023-11-16 12:55:21.786 [info] > git config --get commit.template [1ms]
2023-11-16 12:55:21.806 [info] > git for-each-ref --format=%(refname)%00%(upstream:short)%00%(objectname)%00%(upstream:track)%00%(upstream:remotename)%00%(upstream:remoteref) refs/heads/main refs/remotes/main [3ms]
2023-11-16 12:55:21.826 [info] > git status -z -uall [4ms]
2023-11-16 12:55:26.888 [info] > git config --get commit.template [27ms]
2023-11-16 12:55:26.891 [info] > git for-each-ref --format=%(refname)%00%(upstream:short)%00%(objectname)%00%(upstream:track)%00%(upstream:remotename)%00%(upstream:remoteref) refs/heads/main refs/remotes/main [5ms]
2023-11-16 12:55:26.921 [info] > git status -z -uall [7ms]
2023-11-16 12:56:23.644 [info] > git show --textconv :window_manager.hpp [17ms]
2023-11-16 12:56:23.646 [info] > git ls-files --stage -- /home/orbii/git/flotise/window_manager.hpp [3ms]
2023-11-16 12:56:23.664 [info] > git cat-file -s 05052bca38ddc344e6ca613c59fbaed491097af6 [3ms]
2023-11-16 12:56:27.694 [info] > git config --get commit.template [5ms]
2023-11-16 12:56:27.720 [info] > git for-each-ref --format=%(refname)%00%(upstream:short)%00%(objectname)%00%(upstream:track)%00%(upstream:remotename)%00%(upstream:remoteref) refs/heads/main refs/remotes/main [4ms]
2023-11-16 12:56:27.749 [info] > git status -z -uall [7ms]
2023-11-16 12:56:32.810 [info] > git config --get commit.template [26ms]
2023-11-16 12:56:32.813 [info] > git for-each-ref --format=%(refname)%00%(upstream:short)%00%(objectname)%00%(upstream:track)%00%(upstream:remotename)%00%(upstream:remoteref) refs/heads/main refs/remotes/main [6ms]
2023-11-16 12:56:32.840 [info] > git status -z -uall [5ms]
2023-11-16 12:56:35.322 [info] > git show --textconv :window_manager.cpp [50ms]
2023-11-16 12:56:35.327 [info] > git ls-files --stage -- /home/orbii/git/flotise/window_manager.cpp [13ms]
2023-11-16 12:56:35.375 [info] > git cat-file -s 94cb108b8dc709cdec941b2514ac8a799ebb0447 [14ms]
2023-11-16 12:56:53.991 [info] > git config --get commit.template [38ms]
2023-11-16 12:56:54.004 [info] > git for-each-ref --format=%(refname)%00%(upstream:short)%00%(objectname)%00%(upstream:track)%00%(upstream:remotename)%00%(upstream:remoteref) refs/heads/main refs/remotes/main [14ms]
2023-11-16 12:56:54.056 [info] > git status -z -uall [18ms]
2023-11-16 13:04:06.297 [info] > git show --textconv :window_manager.cpp [38ms]
2023-11-16 13:04:06.306 [info] > git ls-files --stage -- /home/orbii/git/flotise/window_manager.cpp [12ms]
2023-11-16 13:04:06.352 [info] > git cat-file -s 94cb108b8dc709cdec941b2514ac8a799ebb0447 [14ms]
2023-11-16 13:04:26.285 [info] > git show --textconv :window_manager.cpp [81ms]
2023-11-16 13:04:26.296 [info] > git ls-files --stage -- /home/orbii/git/flotise/window_manager.cpp [37ms]
2023-11-16 13:04:26.382 [info] > git cat-file -s 94cb108b8dc709cdec941b2514ac8a799ebb0447 [14ms]
2023-11-16 13:04:30.508 [info] > git show --textconv :window_manager.cpp [58ms]
2023-11-16 13:04:30.516 [info] > git ls-files --stage -- /home/orbii/git/flotise/window_manager.cpp [17ms]
2023-11-16 13:04:30.567 [info] > git cat-file -s 94cb108b8dc709cdec941b2514ac8a799ebb0447 [9ms]
2023-11-16 13:04:49.847 [info] > git config --get commit.template [18ms]
2023-11-16 13:04:49.850 [info] > git for-each-ref --format=%(refname)%00%(upstream:short)%00%(objectname)%00%(upstream:track)%00%(upstream:remotename)%00%(upstream:remoteref) refs/heads/main refs/remotes/main [5ms]
2023-11-16 13:04:49.880 [info] > git status -z -uall [5ms]
2023-11-16 13:05:03.156 [info] > git show --textconv :window_manager.hpp [35ms]
2023-11-16 13:05:03.158 [info] > git ls-files --stage -- /home/orbii/git/flotise/window_manager.hpp [3ms]
2023-11-16 13:05:03.179 [info] > git cat-file -s 05052bca38ddc344e6ca613c59fbaed491097af6 [3ms]
2023-11-16 13:05:14.338 [info] > git config --get commit.template [69ms]
2023-11-16 13:05:14.353 [info] > git for-each-ref --format=%(refname)%00%(upstream:short)%00%(objectname)%00%(upstream:track)%00%(upstream:remotename)%00%(upstream:remoteref) refs/heads/main refs/remotes/main [15ms]
2023-11-16 13:05:14.407 [info] > git status -z -uall [11ms]
2023-11-16 13:05:16.124 [info] > git show --textconv :window_manager.cpp [59ms]
2023-11-16 13:05:16.133 [info] > git ls-files --stage -- /home/orbii/git/flotise/window_manager.cpp [20ms]
2023-11-16 13:05:16.179 [info] > git cat-file -s 94cb108b8dc709cdec941b2514ac8a799ebb0447 [8ms]
