2023-11-16 13:06:21.076 [info] Log level: Info
2023-11-16 13:06:21.076 [info] Validating found git in: "git"
2023-11-16 13:06:21.076 [info] Using git "2.42.1" from "git"
2023-11-16 13:06:21.076 [info] > git rev-parse --show-toplevel [13ms]
2023-11-16 13:06:21.078 [info] > git rev-parse --git-dir --git-common-dir [4ms]
2023-11-16 13:06:21.108 [info] Open repository: /home/orbii/git/flotise
2023-11-16 13:06:21.134 [info] > git config --get commit.template [12ms]
2023-11-16 13:06:21.135 [info] > git rev-parse --show-toplevel [5ms]
2023-11-16 13:06:21.163 [info] > git for-each-ref --format=%(refname)%00%(upstream:short)%00%(objectname)%00%(upstream:track)%00%(upstream:remotename)%00%(upstream:remoteref) refs/heads/main refs/remotes/main [16ms]
2023-11-16 13:06:21.199 [info] > git status -z -uall [21ms]
2023-11-16 13:06:21.236 [info] > git config --get commit.template [4ms]
2023-11-16 13:06:21.293 [info] > git for-each-ref --format=%(refname)%00%(upstream:short)%00%(objectname)%00%(upstream:track)%00%(upstream:remotename)%00%(upstream:remoteref) refs/heads/main refs/remotes/main [16ms]
2023-11-16 13:06:21.341 [info] > git status -z -uall [35ms]
2023-11-16 13:06:22.308 [info] > git check-ignore -v -z --stdin [555ms]
2023-11-16 13:06:22.727 [info] > git show --textconv :window_manager.cpp [71ms]
2023-11-16 13:06:22.742 [info] > git ls-files --stage -- /home/orbii/git/flotise/window_manager.cpp [38ms]
2023-11-16 13:06:22.811 [info] > git cat-file -s 94cb108b8dc709cdec941b2514ac8a799ebb0447 [55ms]
2023-11-16 13:06:52.235 [info] > git show --textconv :window_manager.cpp [22ms]
2023-11-16 13:06:52.241 [info] > git ls-files --stage -- /home/orbii/git/flotise/window_manager.cpp [7ms]
2023-11-16 13:06:52.265 [info] > git cat-file -s 94cb108b8dc709cdec941b2514ac8a799ebb0447 [6ms]
2023-11-16 13:06:53.507 [info] > git show --textconv :window_manager.hpp [95ms]
2023-11-16 13:06:53.522 [info] > git ls-files --stage -- /home/orbii/git/flotise/window_manager.hpp [18ms]
2023-11-16 13:06:53.560 [info] > git cat-file -s 05052bca38ddc344e6ca613c59fbaed491097af6 [3ms]
2023-11-16 13:06:55.433 [info] > git check-ignore -v -z --stdin [2ms]
2023-11-16 13:06:56.306 [info] > git show --textconv :Makefile [16ms]
2023-11-16 13:06:56.310 [info] > git ls-files --stage -- /home/orbii/git/flotise/Makefile [5ms]
2023-11-16 13:06:56.324 [info] > git cat-file -s 12197e65ec3e0153812c6c5ab2d3c285f594a00b [3ms]
2023-11-16 13:07:03.025 [info] > git show --textconv :window_manager.cpp [21ms]
2023-11-16 13:07:03.029 [info] > git ls-files --stage -- /home/orbii/git/flotise/window_manager.cpp [6ms]
2023-11-16 13:07:03.045 [info] > git cat-file -s 94cb108b8dc709cdec941b2514ac8a799ebb0447 [3ms]
2023-11-16 13:07:05.569 [info] > git show --textconv :Makefile [34ms]
2023-11-16 13:07:05.574 [info] > git ls-files --stage -- /home/orbii/git/flotise/Makefile [8ms]
2023-11-16 13:07:05.610 [info] > git cat-file -s 12197e65ec3e0153812c6c5ab2d3c285f594a00b [6ms]
2023-11-16 13:07:22.620 [info] > git config --get commit.template [34ms]
2023-11-16 13:07:22.624 [info] > git for-each-ref --format=%(refname)%00%(upstream:short)%00%(objectname)%00%(upstream:track)%00%(upstream:remotename)%00%(upstream:remoteref) refs/heads/main refs/remotes/main [7ms]
2023-11-16 13:07:22.662 [info] > git status -z -uall [8ms]
2023-11-16 13:07:38.852 [info] > git config --get commit.template [25ms]
2023-11-16 13:07:38.858 [info] > git for-each-ref --format=%(refname)%00%(upstream:short)%00%(objectname)%00%(upstream:track)%00%(upstream:remotename)%00%(upstream:remoteref) refs/heads/main refs/remotes/main [10ms]
2023-11-16 13:07:38.883 [info] > git status -z -uall [3ms]
2023-11-16 13:07:42.646 [info] > git show --textconv :Makefile [14ms]
2023-11-16 13:07:42.648 [info] > git ls-files --stage -- /home/orbii/git/flotise/Makefile [3ms]
2023-11-16 13:07:42.668 [info] > git cat-file -s 12197e65ec3e0153812c6c5ab2d3c285f594a00b [5ms]
2023-11-16 13:08:20.435 [info] > git config --get commit.template [6ms]
2023-11-16 13:08:20.457 [info] > git for-each-ref --format=%(refname)%00%(upstream:short)%00%(objectname)%00%(upstream:track)%00%(upstream:remotename)%00%(upstream:remoteref) refs/heads/main refs/remotes/main [4ms]
2023-11-16 13:08:20.476 [info] > git status -z -uall [3ms]
2023-11-16 13:08:26.949 [info] > git show --textconv :window_manager.cpp [51ms]
2023-11-16 13:08:26.967 [info] > git ls-files --stage -- /home/orbii/git/flotise/window_manager.cpp [21ms]
2023-11-16 13:08:27.042 [info] > git cat-file -s 94cb108b8dc709cdec941b2514ac8a799ebb0447 [28ms]
2023-11-16 13:09:05.020 [info] > git config --get commit.template [17ms]
2023-11-16 13:09:05.021 [info] > git for-each-ref --format=%(refname)%00%(upstream:short)%00%(objectname)%00%(upstream:track)%00%(upstream:remotename)%00%(upstream:remoteref) refs/heads/main refs/remotes/main [3ms]
2023-11-16 13:09:05.046 [info] > git status -z -uall [5ms]
