2023-12-12 11:53:17.048 [info] Added views:workbench.panel.markers.view in workbench.panel.markers
2023-12-12 11:53:17.048 [info] Added views:workbench.panel.output in workbench.panel.output
2023-12-12 11:53:17.048 [info] Added views:terminal in terminal
2023-12-12 11:53:17.048 [info] Added views:outline in workbench.view.explorer
2023-12-12 11:53:17.048 [info] Added views:workbench.scm in workbench.view.scm
2023-12-12 11:53:17.048 [info] Added views:workbench.view.search in workbench.view.search
2023-12-12 11:53:17.049 [info] Added views:timeline in workbench.view.explorer
2023-12-12 11:53:17.049 [info] Added views:workbench.explorer.fileView in workbench.view.explorer
2023-12-12 11:53:17.885 [info] Added views:workbench.debug.welcome in workbench.view.debug
2023-12-12 11:53:20.019 [info] Added views:makefile.outline in workbench.view.extension.makefile__viewContainer
2023-12-12 11:53:20.792 [info] Added views:workbench.panel.repl.view in workbench.panel.repl
2023-12-12 11:53:24.063 [info] Added views:~remote.forwardedPorts in ~remote.forwardedPortsContainer
2023-12-12 11:53:31.925 [info] Added views:workbench.panel.markers.view in workbench.panel.markers
2023-12-12 11:53:31.926 [info] Added views:workbench.panel.output in workbench.panel.output
2023-12-12 11:53:31.926 [info] Added views:terminal in terminal
2023-12-12 11:53:31.926 [info] Added views:outline in workbench.view.explorer
2023-12-12 11:53:31.926 [info] Added views:workbench.scm in workbench.view.scm
2023-12-12 11:53:31.926 [info] Added views:workbench.view.search in workbench.view.search
2023-12-12 11:53:31.926 [info] Added views:timeline in workbench.view.explorer
2023-12-12 11:53:31.926 [info] Added views:workbench.explorer.fileView in workbench.view.explorer
2023-12-12 11:53:32.394 [info] Added views:workbench.debug.welcome in workbench.view.debug
2023-12-12 11:53:32.649 [info] Added views:makefile.outline in workbench.view.extension.makefile__viewContainer
2023-12-12 11:53:34.229 [info] Added views:workbench.panel.repl.view in workbench.panel.repl
2023-12-12 11:53:38.091 [info] Added views:~remote.forwardedPorts in ~remote.forwardedPortsContainer
