2023-12-12 11:53:23.312 [info] Log level: Info
2023-12-12 11:53:23.312 [info] Validating found git in: "git"
2023-12-12 11:53:23.313 [info] Using git "2.43.0" from "git"
2023-12-12 11:53:23.313 [info] > git rev-parse --show-toplevel [247ms]
2023-12-12 11:53:23.313 [info] fatal: not a git repository (or any parent up to mount point /)
Stopping at filesystem boundary (GIT_DISCOVERY_ACROSS_FILESYSTEM not set).
2023-12-12 11:53:23.313 [info] > git rev-parse --show-toplevel [10ms]
2023-12-12 11:53:23.313 [info] fatal: not a git repository (or any parent up to mount point /)
Stopping at filesystem boundary (GIT_DISCOVERY_ACROSS_FILESYSTEM not set).
2023-12-12 11:53:23.313 [info] > git rev-parse --show-toplevel [51ms]
2023-12-12 11:53:23.313 [info] fatal: not a git repository (or any parent up to mount point /)
Stopping at filesystem boundary (GIT_DISCOVERY_ACROSS_FILESYSTEM not set).
2023-12-12 11:53:24.416 [info] > git rev-parse --show-toplevel [5ms]
2023-12-12 11:53:24.416 [info] fatal: not a git repository (or any parent up to mount point /)
Stopping at filesystem boundary (GIT_DISCOVERY_ACROSS_FILESYSTEM not set).
2023-12-12 11:53:24.762 [info] > git rev-parse --show-toplevel [10ms]
2023-12-12 11:53:24.762 [info] fatal: not a git repository (or any parent up to mount point /)
Stopping at filesystem boundary (GIT_DISCOVERY_ACROSS_FILESYSTEM not set).
2023-12-12 11:53:36.679 [info] Log level: Info
2023-12-12 11:53:36.679 [info] Validating found git in: "git"
2023-12-12 11:53:36.679 [info] Using git "2.43.0" from "git"
2023-12-12 11:53:36.679 [info] > git rev-parse --show-toplevel [19ms]
2023-12-12 11:53:36.679 [info] > git rev-parse --git-dir --git-common-dir [7ms]
2023-12-12 11:53:36.679 [info] Open repository: /home/orbii/git/flotise
2023-12-12 11:53:36.679 [info] > git config --get commit.template [21ms]
2023-12-12 11:53:36.679 [info] > git rev-parse --show-toplevel [195ms]
2023-12-12 11:53:36.680 [info] > git for-each-ref --format=%(refname)%00%(upstream:short)%00%(objectname)%00%(upstream:track)%00%(upstream:remotename)%00%(upstream:remoteref) refs/heads/main refs/remotes/main [13ms]
2023-12-12 11:53:36.717 [info] > git status -z -uall [10ms]
2023-12-12 11:53:36.768 [info] > git config --get commit.template [17ms]
2023-12-12 11:53:36.793 [info] > git for-each-ref --format=%(refname)%00%(upstream:short)%00%(objectname)%00%(upstream:track)%00%(upstream:remotename)%00%(upstream:remoteref) refs/heads/main refs/remotes/main [30ms]
2023-12-12 11:53:37.015 [info] > git status -z -uall [211ms]
2023-12-12 11:53:37.589 [info] > git check-ignore -v -z --stdin [168ms]
2023-12-12 11:53:39.021 [info] > git show --textconv :window_manager.cpp [69ms]
2023-12-12 11:53:39.082 [info] > git ls-files --stage -- /home/orbii/git/flotise/window_manager.cpp [101ms]
2023-12-12 11:53:39.186 [info] > git cat-file -s 94cb108b8dc709cdec941b2514ac8a799ebb0447 [57ms]
2023-12-12 11:53:51.605 [info] > git config --get commit.template [17ms]
2023-12-12 11:53:51.606 [info] > git for-each-ref --format=%(refname)%00%(upstream:short)%00%(objectname)%00%(upstream:track)%00%(upstream:remotename)%00%(upstream:remoteref) refs/heads/main refs/remotes/main [2ms]
2023-12-12 11:53:51.622 [info] > git status -z -uall [3ms]
2023-12-12 11:59:56.303 [info] > git check-ignore -v -z --stdin [6ms]
2023-12-12 12:00:53.448 [info] > git config --get commit.template [36ms]
2023-12-12 12:00:53.794 [info] > git for-each-ref --format=%(refname)%00%(upstream:short)%00%(objectname)%00%(upstream:track)%00%(upstream:remotename)%00%(upstream:remoteref) refs/heads/main refs/remotes/main [350ms]
2023-12-12 12:00:53.833 [info] > git status -z -uall [7ms]
2023-12-15 16:56:47.535 [info] > git show --textconv :window_manager.hpp [54ms]
2023-12-15 16:56:47.567 [info] > git ls-files --stage -- /home/orbii/git/flotise/window_manager.hpp [33ms]
2023-12-15 16:56:47.596 [info] > git cat-file -s 05052bca38ddc344e6ca613c59fbaed491097af6 [5ms]
2023-12-15 16:56:49.150 [info] > git show --textconv :window_manager.cpp [35ms]
2023-12-15 16:56:49.164 [info] > git ls-files --stage -- /home/orbii/git/flotise/window_manager.cpp [16ms]
2023-12-15 16:56:49.185 [info] > git cat-file -s 94cb108b8dc709cdec941b2514ac8a799ebb0447 [4ms]
2023-12-15 17:00:38.176 [info] > git show --textconv :window_tree.h [17ms]
2023-12-15 17:00:38.179 [info] > git ls-files --stage -- /home/orbii/git/flotise/window_tree.h [4ms]
2023-12-15 17:00:38.421 [info] > git check-ignore -v -z --stdin [4ms]
2023-12-15 17:00:39.020 [info] > git config --get commit.template [35ms]
2023-12-15 17:00:39.023 [info] > git for-each-ref --format=%(refname)%00%(upstream:short)%00%(objectname)%00%(upstream:track)%00%(upstream:remotename)%00%(upstream:remoteref) refs/heads/main refs/remotes/main [9ms]
2023-12-15 17:00:39.068 [info] > git status -z -uall [10ms]
2023-12-15 17:05:24.551 [info] > git show --textconv :window_tree [26ms]
2023-12-15 17:05:24.556 [info] > git ls-files --stage -- /home/orbii/git/flotise/window_tree [7ms]
2023-12-15 17:05:24.749 [info] > git check-ignore -v -z --stdin [5ms]
2023-12-15 17:05:33.656 [info] > git show --textconv :window_tree.h [20ms]
2023-12-15 17:05:33.658 [info] > git ls-files --stage -- /home/orbii/git/flotise/window_tree.h [5ms]
2023-12-15 17:05:43.361 [info] > git show --textconv :window_tree.hpp [25ms]
2023-12-15 17:05:43.364 [info] > git ls-files --stage -- /home/orbii/git/flotise/window_tree.hpp [4ms]
2023-12-15 17:05:43.592 [info] > git check-ignore -v -z --stdin [7ms]
2023-12-15 17:05:51.530 [info] > git check-ignore -v -z --stdin [9ms]
2023-12-15 17:05:57.589 [info] > git show --textconv :window_tree.cpp [30ms]
2023-12-15 17:05:57.599 [info] > git ls-files --stage -- /home/orbii/git/flotise/window_tree.cpp [12ms]
2023-12-15 17:05:59.032 [info] > git show --textconv :window_tree.hpp [22ms]
2023-12-15 17:05:59.035 [info] > git ls-files --stage -- /home/orbii/git/flotise/window_tree.hpp [6ms]
2023-12-15 17:05:59.864 [info] > git show --textconv :window_manager.cpp [24ms]
2023-12-15 17:05:59.869 [info] > git ls-files --stage -- /home/orbii/git/flotise/window_manager.cpp [6ms]
2023-12-15 17:05:59.897 [info] > git cat-file -s 94cb108b8dc709cdec941b2514ac8a799ebb0447 [5ms]
2023-12-15 17:06:05.119 [info] > git show --textconv :window_tree.hpp [54ms]
2023-12-15 17:06:05.130 [info] > git ls-files --stage -- /home/orbii/git/flotise/window_tree.hpp [14ms]
2023-12-15 17:06:06.865 [info] > git show --textconv :window_tree.cpp [49ms]
2023-12-15 17:06:06.875 [info] > git ls-files --stage -- /home/orbii/git/flotise/window_tree.cpp [13ms]
2023-12-15 17:06:24.724 [info] > git show --textconv :window_tree.hpp [22ms]
2023-12-15 17:06:24.730 [info] > git ls-files --stage -- /home/orbii/git/flotise/window_tree.hpp [8ms]
2023-12-15 17:06:26.865 [info] > git show --textconv :window_manager.cpp [17ms]
2023-12-15 17:06:26.867 [info] > git ls-files --stage -- /home/orbii/git/flotise/window_manager.cpp [3ms]
2023-12-15 17:06:26.885 [info] > git cat-file -s 94cb108b8dc709cdec941b2514ac8a799ebb0447 [3ms]
2023-12-15 17:06:32.710 [info] > git show --textconv :window_tree.cpp [32ms]
2023-12-15 17:06:32.715 [info] > git ls-files --stage -- /home/orbii/git/flotise/window_tree.cpp [7ms]
2023-12-15 17:06:48.766 [info] > git show --textconv :window_manager.cpp [30ms]
2023-12-15 17:06:48.775 [info] > git ls-files --stage -- /home/orbii/git/flotise/window_manager.cpp [10ms]
2023-12-15 17:06:48.805 [info] > git cat-file -s 94cb108b8dc709cdec941b2514ac8a799ebb0447 [7ms]
2023-12-15 17:06:56.920 [info] > git show --textconv :window_tree.cpp [30ms]
2023-12-15 17:06:56.924 [info] > git ls-files --stage -- /home/orbii/git/flotise/window_tree.cpp [6ms]
2023-12-15 17:09:39.053 [info] > git show --textconv :window_tree.hpp [39ms]
2023-12-15 17:09:39.060 [info] > git ls-files --stage -- /home/orbii/git/flotise/window_tree.hpp [12ms]
2023-12-15 17:12:28.943 [info] > git show --textconv :window_tree.cpp [19ms]
2023-12-15 17:12:28.948 [info] > git ls-files --stage -- /home/orbii/git/flotise/window_tree.cpp [7ms]
2023-12-15 17:13:59.372 [info] > git show --textconv :window_tree.hpp [33ms]
2023-12-15 17:13:59.380 [info] > git ls-files --stage -- /home/orbii/git/flotise/window_tree.hpp [12ms]
2023-12-15 17:17:15.807 [info] > git config --get commit.template [22ms]
2023-12-15 17:17:15.813 [info] > git for-each-ref --format=%(refname)%00%(upstream:short)%00%(objectname)%00%(upstream:track)%00%(upstream:remotename)%00%(upstream:remoteref) refs/heads/main refs/remotes/main [9ms]
2023-12-15 17:17:15.858 [info] > git status -z -uall [9ms]
2023-12-15 17:17:16.239 [info] > git show --textconv :window_manager.cpp [32ms]
2023-12-15 17:17:16.246 [info] > git ls-files --stage -- /home/orbii/git/flotise/window_manager.cpp [9ms]
2023-12-15 17:17:16.275 [info] > git cat-file -s 94cb108b8dc709cdec941b2514ac8a799ebb0447 [5ms]
2023-12-15 17:17:17.532 [info] > git show --textconv :window_tree.hpp [19ms]
2023-12-15 17:17:17.536 [info] > git ls-files --stage -- /home/orbii/git/flotise/window_tree.hpp [6ms]
2023-12-15 17:17:20.938 [info] > git config --get commit.template [38ms]
2023-12-15 17:17:20.942 [info] > git for-each-ref --format=%(refname)%00%(upstream:short)%00%(objectname)%00%(upstream:track)%00%(upstream:remotename)%00%(upstream:remoteref) refs/heads/main refs/remotes/main [9ms]
2023-12-15 17:17:20.987 [info] > git status -z -uall [13ms]
2023-12-15 17:17:40.134 [info] > git config --get commit.template [14ms]
2023-12-15 17:17:40.195 [info] > git for-each-ref --format=%(refname)%00%(upstream:short)%00%(objectname)%00%(upstream:track)%00%(upstream:remotename)%00%(upstream:remoteref) refs/heads/main refs/remotes/main [11ms]
2023-12-15 17:17:40.279 [info] > git status -z -uall [17ms]
2023-12-15 17:17:40.981 [info] > git show --textconv :window_tree.cpp [40ms]
2023-12-15 17:17:40.988 [info] > git ls-files --stage -- /home/orbii/git/flotise/window_tree.cpp [11ms]
2023-12-15 17:17:50.323 [info] > git show --textconv :window_tree.hpp [34ms]
2023-12-15 17:17:50.332 [info] > git ls-files --stage -- /home/orbii/git/flotise/window_tree.hpp [12ms]
2023-12-15 17:19:00.375 [info] > git config --get commit.template [60ms]
2023-12-15 17:19:00.384 [info] > git for-each-ref --format=%(refname)%00%(upstream:short)%00%(objectname)%00%(upstream:track)%00%(upstream:remotename)%00%(upstream:remoteref) refs/heads/main refs/remotes/main [11ms]
2023-12-15 17:19:00.443 [info] > git status -z -uall [13ms]
2023-12-15 17:19:04.334 [info] > git show --textconv :window_tree.cpp [55ms]
2023-12-15 17:19:04.345 [info] > git ls-files --stage -- /home/orbii/git/flotise/window_tree.cpp [21ms]
2023-12-15 17:19:11.311 [info] > git config --get commit.template [30ms]
2023-12-15 17:19:11.315 [info] > git for-each-ref --format=%(refname)%00%(upstream:short)%00%(objectname)%00%(upstream:track)%00%(upstream:remotename)%00%(upstream:remoteref) refs/heads/main refs/remotes/main [7ms]
2023-12-15 17:19:11.348 [info] > git status -z -uall [8ms]
2023-12-15 17:20:27.909 [info] > git show --textconv :window_manager.cpp [26ms]
2023-12-15 17:20:27.911 [info] > git ls-files --stage -- /home/orbii/git/flotise/window_manager.cpp [3ms]
2023-12-15 17:20:27.927 [info] > git cat-file -s 94cb108b8dc709cdec941b2514ac8a799ebb0447 [4ms]
2023-12-15 17:21:33.484 [info] > git show --textconv :window_tree.cpp [19ms]
2023-12-15 17:21:33.486 [info] > git ls-files --stage -- /home/orbii/git/flotise/window_tree.cpp [6ms]
2023-12-15 17:21:35.532 [info] > git show --textconv :window_manager.cpp [23ms]
2023-12-15 17:21:35.536 [info] > git ls-files --stage -- /home/orbii/git/flotise/window_manager.cpp [7ms]
2023-12-15 17:21:35.569 [info] > git cat-file -s 94cb108b8dc709cdec941b2514ac8a799ebb0447 [8ms]
2023-12-15 17:22:03.672 [info] > git show --textconv :window_manager.hpp [29ms]
2023-12-15 17:22:03.675 [info] > git ls-files --stage -- /home/orbii/git/flotise/window_manager.hpp [4ms]
2023-12-15 17:22:03.691 [info] > git cat-file -s 05052bca38ddc344e6ca613c59fbaed491097af6 [3ms]
2023-12-15 17:24:37.289 [info] > git show --textconv :window_manager.cpp [15ms]
2023-12-15 17:24:37.292 [info] > git ls-files --stage -- /home/orbii/git/flotise/window_manager.cpp [3ms]
2023-12-15 17:24:37.308 [info] > git cat-file -s 94cb108b8dc709cdec941b2514ac8a799ebb0447 [2ms]
2023-12-15 17:24:38.287 [info] > git show --textconv :window_tree.hpp [14ms]
2023-12-15 17:24:38.290 [info] > git ls-files --stage -- /home/orbii/git/flotise/window_tree.hpp [4ms]
2023-12-15 17:31:09.305 [info] > git show --textconv :window_manager.hpp [23ms]
2023-12-15 17:31:09.305 [info] > git ls-files --stage -- /home/orbii/git/flotise/window_manager.hpp [2ms]
2023-12-15 17:31:09.327 [info] > git cat-file -s 05052bca38ddc344e6ca613c59fbaed491097af6 [4ms]
2023-12-15 17:33:01.990 [info] > git show --textconv :window_manager.cpp [40ms]
2023-12-15 17:33:01.995 [info] > git ls-files --stage -- /home/orbii/git/flotise/window_manager.cpp [12ms]
2023-12-15 17:33:02.031 [info] > git cat-file -s 94cb108b8dc709cdec941b2514ac8a799ebb0447 [8ms]
2023-12-15 17:33:03.355 [info] > git show --textconv :window_tree.hpp [47ms]
2023-12-15 17:33:03.358 [info] > git ls-files --stage -- /home/orbii/git/flotise/window_tree.hpp [4ms]
2023-12-15 17:33:15.096 [info] > git show --textconv :window_manager.cpp [17ms]
2023-12-15 17:33:15.098 [info] > git ls-files --stage -- /home/orbii/git/flotise/window_manager.cpp [3ms]
2023-12-15 17:33:15.113 [info] > git cat-file -s 94cb108b8dc709cdec941b2514ac8a799ebb0447 [3ms]
2023-12-15 17:33:17.599 [info] > git show --textconv :window_manager.hpp [20ms]
2023-12-15 17:33:17.601 [info] > git ls-files --stage -- /home/orbii/git/flotise/window_manager.hpp [4ms]
2023-12-15 17:33:17.624 [info] > git cat-file -s 05052bca38ddc344e6ca613c59fbaed491097af6 [6ms]
2023-12-15 17:33:32.751 [info] > git show --textconv :window_tree.hpp [28ms]
2023-12-15 17:33:32.756 [info] > git ls-files --stage -- /home/orbii/git/flotise/window_tree.hpp [7ms]
2023-12-15 17:33:37.301 [info] > git show --textconv :window_manager.cpp [19ms]
2023-12-15 17:33:37.305 [info] > git ls-files --stage -- /home/orbii/git/flotise/window_manager.cpp [5ms]
2023-12-15 17:33:37.322 [info] > git cat-file -s 94cb108b8dc709cdec941b2514ac8a799ebb0447 [4ms]
2023-12-15 17:33:38.999 [info] > git show --textconv :window_tree.hpp [30ms]
2023-12-15 17:33:39.003 [info] > git ls-files --stage -- /home/orbii/git/flotise/window_tree.hpp [6ms]
2023-12-15 17:33:40.156 [info] > git show --textconv :window_manager.hpp [19ms]
2023-12-15 17:33:40.158 [info] > git ls-files --stage -- /home/orbii/git/flotise/window_manager.hpp [3ms]
2023-12-15 17:33:40.176 [info] > git cat-file -s 05052bca38ddc344e6ca613c59fbaed491097af6 [4ms]
2023-12-15 17:33:47.212 [info] > git show --textconv :window_manager.cpp [40ms]
2023-12-15 17:33:47.219 [info] > git ls-files --stage -- /home/orbii/git/flotise/window_manager.cpp [14ms]
2023-12-15 17:33:47.264 [info] > git cat-file -s 94cb108b8dc709cdec941b2514ac8a799ebb0447 [9ms]
2023-12-15 17:33:48.400 [info] > git show --textconv :window_tree.hpp [23ms]
2023-12-15 17:33:48.404 [info] > git ls-files --stage -- /home/orbii/git/flotise/window_tree.hpp [6ms]
2023-12-15 17:34:19.947 [info] > git config --get commit.template [52ms]
2023-12-15 17:34:19.953 [info] > git for-each-ref --format=%(refname)%00%(upstream:short)%00%(objectname)%00%(upstream:track)%00%(upstream:remotename)%00%(upstream:remoteref) refs/heads/main refs/remotes/main [10ms]
2023-12-15 17:34:20.005 [info] > git status -z -uall [10ms]
2023-12-15 17:34:21.710 [info] > git show --textconv :window_manager.cpp [49ms]
2023-12-15 17:34:21.724 [info] > git ls-files --stage -- /home/orbii/git/flotise/window_manager.cpp [20ms]
2023-12-15 17:34:21.766 [info] > git cat-file -s 94cb108b8dc709cdec941b2514ac8a799ebb0447 [7ms]
2023-12-15 17:34:23.066 [info] > git show --textconv :window_tree.hpp [34ms]
2023-12-15 17:34:23.070 [info] > git ls-files --stage -- /home/orbii/git/flotise/window_tree.hpp [7ms]
2023-12-15 17:35:06.977 [info] > git config --get commit.template [34ms]
2023-12-15 17:35:06.981 [info] > git for-each-ref --format=%(refname)%00%(upstream:short)%00%(objectname)%00%(upstream:track)%00%(upstream:remotename)%00%(upstream:remoteref) refs/heads/main refs/remotes/main [7ms]
2023-12-15 17:35:07.018 [info] > git status -z -uall [7ms]
2023-12-15 17:35:08.111 [info] > git show --textconv :window_tree.cpp [22ms]
2023-12-15 17:35:08.114 [info] > git ls-files --stage -- /home/orbii/git/flotise/window_tree.cpp [3ms]
2023-12-15 17:35:54.206 [info] > git show --textconv :window_tree.hpp [20ms]
2023-12-15 17:35:54.212 [info] > git ls-files --stage -- /home/orbii/git/flotise/window_tree.hpp [9ms]
2023-12-15 17:35:55.228 [info] > git show --textconv :window_tree.cpp [31ms]
2023-12-15 17:35:55.237 [info] > git ls-files --stage -- /home/orbii/git/flotise/window_tree.cpp [12ms]
2023-12-15 17:35:56.379 [info] > git show --textconv :window_manager.cpp [20ms]
2023-12-15 17:35:56.383 [info] > git ls-files --stage -- /home/orbii/git/flotise/window_manager.cpp [5ms]
2023-12-15 17:35:56.414 [info] > git cat-file -s 94cb108b8dc709cdec941b2514ac8a799ebb0447 [6ms]
2023-12-15 17:36:07.203 [info] > git show --textconv :window_tree.hpp [13ms]
2023-12-15 17:36:07.206 [info] > git ls-files --stage -- /home/orbii/git/flotise/window_tree.hpp [4ms]
2023-12-15 17:36:10.775 [info] > git show --textconv :window_tree.cpp [22ms]
2023-12-15 17:36:10.782 [info] > git ls-files --stage -- /home/orbii/git/flotise/window_tree.cpp [8ms]
2023-12-15 17:36:23.956 [info] > git show --textconv :window_tree.hpp [23ms]
2023-12-15 17:36:23.963 [info] > git ls-files --stage -- /home/orbii/git/flotise/window_tree.hpp [8ms]
2023-12-15 17:36:36.439 [info] > git show --textconv :window_tree.cpp [47ms]
2023-12-15 17:36:36.450 [info] > git ls-files --stage -- /home/orbii/git/flotise/window_tree.cpp [13ms]
2023-12-15 17:36:37.495 [info] > git show --textconv :window_tree.hpp [22ms]
2023-12-15 17:36:37.498 [info] > git ls-files --stage -- /home/orbii/git/flotise/window_tree.hpp [6ms]
2023-12-15 17:36:40.705 [info] > git show --textconv :window_tree.cpp [51ms]
2023-12-15 17:36:40.716 [info] > git ls-files --stage -- /home/orbii/git/flotise/window_tree.cpp [15ms]
2023-12-15 17:36:54.060 [info] > git show --textconv :window_manager.cpp [12ms]
2023-12-15 17:36:54.062 [info] > git ls-files --stage -- /home/orbii/git/flotise/window_manager.cpp [3ms]
2023-12-15 17:36:54.076 [info] > git cat-file -s 94cb108b8dc709cdec941b2514ac8a799ebb0447 [2ms]
2023-12-15 17:36:59.381 [info] > git show --textconv :window_tree.cpp [35ms]
2023-12-15 17:36:59.387 [info] > git ls-files --stage -- /home/orbii/git/flotise/window_tree.cpp [9ms]
2023-12-15 17:37:17.822 [info] > git show --textconv :window_tree.hpp [19ms]
2023-12-15 17:37:17.825 [info] > git ls-files --stage -- /home/orbii/git/flotise/window_tree.hpp [4ms]
2023-12-15 17:37:17.919 [info] > git config --get commit.template [31ms]
2023-12-15 17:37:17.924 [info] > git for-each-ref --format=%(refname)%00%(upstream:short)%00%(objectname)%00%(upstream:track)%00%(upstream:remotename)%00%(upstream:remoteref) refs/heads/main refs/remotes/main [7ms]
2023-12-15 17:37:17.969 [info] > git status -z -uall [8ms]
2023-12-15 17:37:19.572 [info] > git show --textconv :window_manager.cpp [16ms]
2023-12-15 17:37:19.574 [info] > git ls-files --stage -- /home/orbii/git/flotise/window_manager.cpp [3ms]
2023-12-15 17:37:19.594 [info] > git cat-file -s 94cb108b8dc709cdec941b2514ac8a799ebb0447 [6ms]
2023-12-15 17:37:22.998 [info] > git show --textconv :window_tree.hpp [28ms]
2023-12-15 17:37:23.002 [info] > git ls-files --stage -- /home/orbii/git/flotise/window_tree.hpp [6ms]
2023-12-15 17:37:35.847 [info] > git config --get commit.template [38ms]
2023-12-15 17:37:35.853 [info] > git for-each-ref --format=%(refname)%00%(upstream:short)%00%(objectname)%00%(upstream:track)%00%(upstream:remotename)%00%(upstream:remoteref) refs/heads/main refs/remotes/main [10ms]
2023-12-15 17:37:35.900 [info] > git status -z -uall [13ms]
2023-12-15 17:38:26.245 [info] > git config --get commit.template [7ms]
2023-12-15 17:38:26.278 [info] > git for-each-ref --format=%(refname)%00%(upstream:short)%00%(objectname)%00%(upstream:track)%00%(upstream:remotename)%00%(upstream:remoteref) refs/heads/main refs/remotes/main [6ms]
2023-12-15 17:38:26.315 [info] > git status -z -uall [6ms]
2023-12-15 17:38:51.992 [info] > git show --textconv :window_manager.cpp [19ms]
2023-12-15 17:38:51.998 [info] > git ls-files --stage -- /home/orbii/git/flotise/window_manager.cpp [7ms]
2023-12-15 17:38:52.021 [info] > git cat-file -s 94cb108b8dc709cdec941b2514ac8a799ebb0447 [5ms]
2023-12-15 17:39:05.328 [info] > git config --get commit.template [11ms]
2023-12-15 17:39:05.329 [info] > git for-each-ref --format=%(refname)%00%(upstream:short)%00%(objectname)%00%(upstream:track)%00%(upstream:remotename)%00%(upstream:remoteref) refs/heads/main refs/remotes/main [3ms]
2023-12-15 17:39:05.343 [info] > git status -z -uall [3ms]
2023-12-15 17:39:19.685 [info] > git show --textconv :window_tree.cpp [27ms]
2023-12-15 17:39:19.690 [info] > git ls-files --stage -- /home/orbii/git/flotise/window_tree.cpp [7ms]
2023-12-15 17:44:20.216 [info] > git show --textconv :window_tree.hpp [33ms]
2023-12-15 17:44:20.223 [info] > git ls-files --stage -- /home/orbii/git/flotise/window_tree.hpp [8ms]
2023-12-15 17:44:39.238 [info] > git config --get commit.template [27ms]
2023-12-15 17:44:39.243 [info] > git for-each-ref --format=%(refname)%00%(upstream:short)%00%(objectname)%00%(upstream:track)%00%(upstream:remotename)%00%(upstream:remoteref) refs/heads/main refs/remotes/main [6ms]
2023-12-15 17:44:39.294 [info] > git status -z -uall [28ms]
2023-12-15 17:44:39.324 [info] > git show --textconv :window_tree.cpp [31ms]
2023-12-15 17:44:39.327 [info] > git ls-files --stage -- /home/orbii/git/flotise/window_tree.cpp [4ms]
2024-01-29 10:08:57.308 [info] > git config --get commit.template [44ms]
2024-01-29 10:08:57.314 [info] > git for-each-ref --format=%(refname)%00%(upstream:short)%00%(objectname)%00%(upstream:track)%00%(upstream:remotename)%00%(upstream:remoteref) refs/heads/main refs/remotes/main [12ms]
2024-01-29 10:08:57.373 [info] > git status -z -uall [20ms]
